#
# There is insufficient memory for the Java Runtime Environment to continue.
# Native memory allocation (mmap) failed to map 266338304 bytes for Failed to commit area from 0x0000000702600000 to 0x0000000712400000 of length 266338304.
# Possible reasons:
#   The system is out of physical RAM or swap space
#   The process is running with CompressedOops enabled, and the Java Heap may be blocking the growth of the native heap
# Possible solutions:
#   Reduce memory load on the system
#   Increase physical memory or swap space
#   Check if swap backing store is full
#   Decrease Java heap size (-Xmx/-Xms)
#   Decrease number of Java threads
#   Decrease Java thread stack sizes (-Xss)
#   Set larger code cache with -XX:ReservedCodeCacheSize=
# This output file may be truncated or incomplete.
#
#  Out of Memory Error (./src/hotspot/os/windows/os_windows.cpp:3521), pid=21100, tid=19736
#
# JRE version:  (11.0.12+7) (build )
# Java VM: OpenJDK 64-Bit Server VM (11.0.12+7-b1504.28-7817840, mixed mode, sharing, tiered, compressed oops, g1 gc, windows-amd64)
# No core dump will be written. Minidumps are not enabled by default on client versions of Windows
#

---------------  S U M M A R Y ------------

Command Line: org.jetbrains.kotlin.cli.jvm.K2JVMCompiler @E:\Projects\Android Projects\Android Studio Projects Folder 2\MyContactsApp\app\build\20221028_3202092577186209145.compiler.options

Host: Intel(R) Core(TM) i5-8300H CPU @ 2.30GHz, 8 cores, 15G,  Windows 10 , 64 bit Build 19041 (10.0.19041.1889)
Time: Fri Oct 28 12:28:34 2022 India Standard Time elapsed time: 0.114374 seconds (0d 0h 0m 0s)

---------------  T H R E A D  ---------------

Current thread (0x000002132aba6800):  JavaThread "Unknown thread" [_thread_in_vm, id=19736, stack(0x0000002fb9e00000,0x0000002fb9f00000)]

Stack: [0x0000002fb9e00000,0x0000002fb9f00000]
Native frames: (J=compiled Java code, j=interpreted, Vv=VM code, C=native code)
V  [jvm.dll+0x5fbcea]
V  [jvm.dll+0x731905]
V  [jvm.dll+0x732f1d]
V  [jvm.dll+0x7335d3]
V  [jvm.dll+0x247bf8]
V  [jvm.dll+0x5f90b4]
V  [jvm.dll+0x5edc85]
V  [jvm.dll+0x305aeb]
V  [jvm.dll+0x305a5a]
V  [jvm.dll+0x305932]
V  [jvm.dll+0x30a896]
V  [jvm.dll+0x353803]
V  [jvm.dll+0x353f06]
V  [jvm.dll+0x353903]
V  [jvm.dll+0x2e0678]
V  [jvm.dll+0x2e1827]
V  [jvm.dll+0x710037]
V  [jvm.dll+0x71182c]
V  [jvm.dll+0x360da9]
V  [jvm.dll+0x6f390e]
V  [jvm.dll+0x3c9723]
V  [jvm.dll+0x3cb9b1]
C  [jli.dll+0x536b]
C  [ucrtbase.dll+0x21bb2]
C  [KERNEL32.DLL+0x17034]
C  [ntdll.dll+0x526a1]


---------------  P R O C E S S  ---------------

Threads class SMR info:
_java_thread_list=0x00000213292922a0, length=0, elements={
}

Java Threads: ( => current thread )

Other Threads:
  0x000002132abbf000 GCTaskThread "GC Thread#0" [stack: 0x0000002fb9f00000,0x0000002fba000000] [id=2212]
  0x000002132ac1c000 ConcurrentGCThread "G1 Main Marker" [stack: 0x0000002fba000000,0x0000002fba100000] [id=19888]
  0x000002132ac1e000 ConcurrentGCThread "G1 Conc#0" [stack: 0x0000002fba100000,0x0000002fba200000] [id=20756]

[error occurred during error reporting (printing all threads), id 0xc0000005, EXCEPTION_ACCESS_VIOLATION (0xc0000005) at pc=0x00007ffeeed40be7]

VM state:not at safepoint (not fully initialized)

VM Mutex/Monitor currently owned by a thread:  ([mutex/lock_event])
[0x000002132aba5090] Heap_lock - owner thread: 0x000002132aba6800

Heap address: 0x0000000702600000, size: 4058 MB, Compressed Oops mode: Non-zero based: 0x0000000702600000
Narrow klass base: 0x0000000000000000, Narrow klass shift: 0

GC Heap History (0 events):
No events

Deoptimization events (0 events):
No events

Classes redefined (0 events):
No events

Internal exceptions (0 events):
No events

Events (1 events):
Event: 0.035 Loaded shared library D:\Software\Android studio\jre\bin\zip.dll


Dynamic libraries:
0x00007ff66c630000 - 0x00007ff66c63a000 	D:\Software\Android studio\jre\bin\java.exe
0x00007fff61a90000 - 0x00007fff61c88000 	C:\WINDOWS\SYSTEM32\ntdll.dll
0x00007fff61600000 - 0x00007fff616bd000 	C:\WINDOWS\System32\KERNEL32.DLL
0x00007fff5f1a0000 - 0x00007fff5f472000 	C:\WINDOWS\System32\KERNELBASE.dll
0x00007fff58ee0000 - 0x00007fff58ef9000 	D:\Software\Android studio\jre\bin\jli.dll
0x00007fff58900000 - 0x00007fff58917000 	D:\Software\Android studio\jre\bin\VCRUNTIME140.dll
0x00007fff60370000 - 0x00007fff6050d000 	C:\WINDOWS\System32\USER32.dll
0x00007fff5f730000 - 0x00007fff5f752000 	C:\WINDOWS\System32\win32u.dll
0x00007fff60870000 - 0x00007fff6089b000 	C:\WINDOWS\System32\GDI32.dll
0x00007fff5f5f0000 - 0x00007fff5f6ff000 	C:\WINDOWS\System32\gdi32full.dll
0x00007fff5f910000 - 0x00007fff5f9ad000 	C:\WINDOWS\System32\msvcp_win.dll
0x00007fff3e840000 - 0x00007fff3eada000 	C:\WINDOWS\WinSxS\amd64_microsoft.windows.common-controls_6595b64144ccf1df_6.0.19041.1110_none_60b5254171f9507e\COMCTL32.dll
0x00007fff60510000 - 0x00007fff605ae000 	C:\WINDOWS\System32\msvcrt.dll
0x00007fff5f4f0000 - 0x00007fff5f5f0000 	C:\WINDOWS\System32\ucrtbase.dll
0x00007fff61a20000 - 0x00007fff61a50000 	C:\WINDOWS\System32\IMM32.DLL
0x00007fff30480000 - 0x00007fff3051d000 	D:\Software\Android studio\jre\bin\msvcp140.dll
0x00007ffeeea50000 - 0x00007ffeef535000 	D:\Software\Android studio\jre\bin\server\jvm.dll
0x00007fff605b0000 - 0x00007fff6065e000 	C:\WINDOWS\System32\ADVAPI32.dll
0x00007fff61720000 - 0x00007fff617bc000 	C:\WINDOWS\System32\sechost.dll
0x00007fff5faf0000 - 0x00007fff5fc15000 	C:\WINDOWS\System32\RPCRT4.dll
0x00007fff614d0000 - 0x00007fff614d8000 	C:\WINDOWS\System32\PSAPI.DLL
0x00007fff5c060000 - 0x00007fff5c069000 	C:\WINDOWS\SYSTEM32\WSOCK32.dll
0x00007fff4b870000 - 0x00007fff4b897000 	C:\WINDOWS\SYSTEM32\WINMM.dll
0x00007fff589d0000 - 0x00007fff589da000 	C:\WINDOWS\SYSTEM32\VERSION.dll
0x00007fff60720000 - 0x00007fff6078b000 	C:\WINDOWS\System32\WS2_32.dll
0x00007fff5d060000 - 0x00007fff5d072000 	C:\WINDOWS\SYSTEM32\kernel.appcore.dll
0x00007fff435d0000 - 0x00007fff435e1000 	D:\Software\Android studio\jre\bin\verify.dll
0x00007fff4d570000 - 0x00007fff4d754000 	C:\WINDOWS\SYSTEM32\DBGHELP.DLL
0x00007fff4d140000 - 0x00007fff4d16c000 	C:\WINDOWS\SYSTEM32\dbgcore.DLL
0x00007fff5fa60000 - 0x00007fff5fae2000 	C:\WINDOWS\System32\bcryptPrimitives.dll
0x00007fff351a0000 - 0x00007fff351c9000 	D:\Software\Android studio\jre\bin\java.dll
0x00007fff59c40000 - 0x00007fff59c4b000 	D:\Software\Android studio\jre\bin\jimage.dll
0x00007fff38e30000 - 0x00007fff38e48000 	D:\Software\Android studio\jre\bin\zip.dll

dbghelp: loaded successfully - version: 4.0.5 - missing functions: none
symbol engine: initialized successfully - sym options: 0x614 - pdb path: .;D:\Software\Android studio\jre\bin;C:\WINDOWS\SYSTEM32;C:\WINDOWS\WinSxS\amd64_microsoft.windows.common-controls_6595b64144ccf1df_6.0.19041.1110_none_60b5254171f9507e;D:\Software\Android studio\jre\bin\server

VM Arguments:
java_command: org.jetbrains.kotlin.cli.jvm.K2JVMCompiler @E:\Projects\Android Projects\Android Studio Projects Folder 2\MyContactsApp\app\build\20221028_3202092577186209145.compiler.options
java_class_path (initial): C:\Users\bhatt\.gradle\caches\modules-2\files-2.1\org.jetbrains.kotlin\kotlin-compiler-embeddable\1.7.10\909803167c98606fcf22b4c848647c68e351d48d\kotlin-compiler-embeddable-1.7.10.jar;C:\Users\bhatt\.gradle\caches\modules-2\files-2.1\org.jetbrains.kotlin\kotlin-reflect\1.7.10\165e600dfea6185cf5efa700756294cc4904dbeb\kotlin-reflect-1.7.10.jar;C:\Users\bhatt\.gradle\caches\modules-2\files-2.1\org.jetbrains.kotlin\kotlin-stdlib\1.7.10\d2abf9e77736acc4450dc4a3f707fa2c10f5099d\kotlin-stdlib-1.7.10.jar;C:\Users\bhatt\.gradle\caches\modules-2\files-2.1\org.jetbrains.kotlin\kotlin-script-runtime\1.7.10\c99c87a6988d8fd8d5142e9ed5c9f34a7cf561ee\kotlin-script-runtime-1.7.10.jar;C:\Users\bhatt\.gradle\caches\modules-2\files-2.1\org.jetbrains.kotlin\kotlin-daemon-embeddable\1.7.10\3a9f7aef7080d3ae63126cbba4f827ed664f32fa\kotlin-daemon-embeddable-1.7.10.jar;C:\Users\bhatt\.gradle\caches\modules-2\files-2.1\org.jetbrains.intellij.deps\trove4j\1.0.20200330\3afb14d5f9ceb459d724e907a21145e8ff394f02\trove4j-1.0.20200330.jar;C:\Users\bhatt\.gradle\caches\modules-2\files-2.1\net.java.dev.jna\jna\5.6.0\330f2244e9030119ab3030fc3fededc86713d9cc\jna-5.6.0.jar;C:\Users\bhatt\.gradle\caches\modules-2\files-2.1\org.jetbrains.kotlin\kotlin-stdlib-common\1.7.10\bac80c520d0a9e3f3673bc2658c6ed02ef45a76a\kotlin-stdlib-common-1.7.10.jar;C:\Users\bhatt\.gradle\caches\modules-2\files-2.1\org.jetbrains\annotations\13.0\919f0dfe192fb4e063e7dacadee7f8bb9a2672a9\annotations-13.0.jar
Launcher Type: SUN_STANDARD

[Global flags]
     intx CICompilerCount                          = 4                                         {product} {ergonomic}
     uint ConcGCThreads                            = 2                                         {product} {ergonomic}
     uint G1ConcRefinementThreads                  = 8                                         {product} {ergonomic}
   size_t G1HeapRegionSize                         = 1048576                                   {product} {ergonomic}
    uintx GCDrainStackTargetSize                   = 64                                        {product} {ergonomic}
   size_t InitialHeapSize                          = 266338304                                 {product} {ergonomic}
   size_t MarkStackSize                            = 4194304                                   {product} {ergonomic}
   size_t MaxHeapSize                              = 4255121408                                {product} {ergonomic}
   size_t MinHeapDeltaBytes                        = 1048576                                   {product} {ergonomic}
    uintx NonNMethodCodeHeapSize                   = 5836300                                {pd product} {ergonomic}
    uintx NonProfiledCodeHeapSize                  = 122910970                              {pd product} {ergonomic}
    uintx ProfiledCodeHeapSize                     = 122910970                              {pd product} {ergonomic}
    uintx ReservedCodeCacheSize                    = 251658240                              {pd product} {ergonomic}
     bool SegmentedCodeCache                       = true                                      {product} {ergonomic}
     bool UseCompressedClassPointers               = true                                 {lp64_product} {ergonomic}
     bool UseCompressedOops                        = true                                 {lp64_product} {ergonomic}
     bool UseG1GC                                  = true                                      {product} {ergonomic}
     bool UseLargePagesIndividualAllocation        = false                                  {pd product} {ergonomic}

Logging:
Log output configuration:
 #0: stdout all=warning uptime,level,tags
 #1: stderr all=off uptime,level,tags

Environment Variables:
JAVA_HOME=D:\Software\Java
PATH=C:\Program Files\Common Files\Oracle\Java\javapath;C:\WINDOWS\system32;C:\WINDOWS;C:\WINDOWS\System32\Wbem;C:\WINDOWS\System32\WindowsPowerShell\v1.0\;C:\WINDOWS\System32\OpenSSH\;C:\Program Files (x86)\NVIDIA Corporation\PhysX\Common;C:\Program Files\NVIDIA Corporation\NVIDIA NvDLISR;C:\Program Files\Git\cmd;D:\Software\Java\bin;C:\Users\bhatt\AppData\Local\Microsoft\WindowsApps;;D:\Software\IntelliJ\IntelliJ IDEA Community Edition 2022.2\bin;;D:\Software\Visual Studio Code\Microsoft VS Code\bin
USERNAME=bhatt
OS=Windows_NT
PROCESSOR_IDENTIFIER=Intel64 Family 6 Model 158 Stepping 10, GenuineIntel



---------------  S Y S T E M  ---------------

OS: Windows 10 , 64 bit Build 19041 (10.0.19041.1889)
OS uptime: 11 days 15:06 hours

CPU:total 8 (initial active 8) (4 cores per cpu, 2 threads per core) family 6 model 158 stepping 10 microcode 0xb4, cmov, cx8, fxsr, mmx, sse, sse2, sse3, ssse3, sse4.1, sse4.2, popcnt, avx, avx2, aes, clmul, erms, 3dnowpref, lzcnt, ht, tsc, tscinvbit, bmi1, bmi2, adx, fma

Memory: 4k page, system-wide physical 16226M (879M free)
TotalPageFile size 31416M (AvailPageFile size 30M)
current process WorkingSet (physical memory assigned to process): 10M, peak: 10M
current process commit charge ("private bytes"): 60M, peak: 314M

vm_info: OpenJDK 64-Bit Server VM (11.0.12+7-b1504.28-7817840) for windows-amd64 JRE (11.0.12+7-b1504.28-7817840), built on Oct 13 2021 22:12:33 by "builder" with MS VC++ 14.0 (VS2015)

END.
