#
# There is insufficient memory for the Java Runtime Environment to continue.
# Native memory allocation (malloc) failed to allocate 1891536 bytes for Chunk::new
# Possible reasons:
#   The system is out of physical RAM or swap space
#   The process is running with CompressedOops enabled, and the Java Heap may be blocking the growth of the native heap
# Possible solutions:
#   Reduce memory load on the system
#   Increase physical memory or swap space
#   Check if swap backing store is full
#   Decrease Java heap size (-Xmx/-Xms)
#   Decrease number of Java threads
#   Decrease Java thread stack sizes (-Xss)
#   Set larger code cache with -XX:ReservedCodeCacheSize=
#   JVM is running with Unscaled Compressed Oops mode in which the Java heap is
#     placed in the first 4GB address space. The Java Heap base address is the
#     maximum limit for the native heap growth. Please use -XX:HeapBaseMinAddress
#     to set the Java Heap base and to place the Java Heap above 4GB virtual address.
# This output file may be truncated or incomplete.
#
#  Out of Memory Error (./src/hotspot/share/memory/arena.cpp:197), pid=13720, tid=21084
#
# JRE version: OpenJDK Runtime Environment (11.0.12+7) (build 11.0.12+7-b1504.28-7817840)
# Java VM: OpenJDK 64-Bit Server VM (11.0.12+7-b1504.28-7817840, mixed mode, tiered, compressed oops, g1 gc, windows-amd64)
# No core dump will be written. Minidumps are not enabled by default on client versions of Windows
#

---------------  S U M M A R Y ------------

Command Line: --add-opens=java.base/java.util=ALL-UNNAMED --add-opens=java.base/java.lang=ALL-UNNAMED --add-opens=java.base/java.lang.invoke=ALL-UNNAMED --add-opens=java.base/java.util=ALL-UNNAMED --add-opens=java.prefs/java.util.prefs=ALL-UNNAMED --add-opens=java.prefs/java.util.prefs=ALL-UNNAMED --add-opens=java.base/java.nio.charset=ALL-UNNAMED --add-opens=java.base/java.net=ALL-UNNAMED --add-opens=java.base/java.util.concurrent.atomic=ALL-UNNAMED -Xmx2048m -Dfile.encoding=UTF-8 -Duser.country=IN -Duser.language=en -Duser.variant org.gradle.launcher.daemon.bootstrap.GradleDaemon 7.3.3

Host: Intel(R) Core(TM) i5-8300H CPU @ 2.30GHz, 8 cores, 15G,  Windows 10 , 64 bit Build 19041 (10.0.19041.1889)
Time: Thu Oct 27 12:43:31 2022 India Standard Time elapsed time: 1831.357494 seconds (0d 0h 30m 31s)

---------------  T H R E A D  ---------------

Current thread (0x0000027a3e03d800):  JavaThread "C2 CompilerThread0" daemon [_thread_in_native, id=21084, stack(0x00000089f0700000,0x00000089f0800000)]


Current CompileTask:
C2:1831357 22957       4       org.gradle.api.internal.artifacts.transform.AttributeMatchingVariantSelector::doSelect (469 bytes)

Stack: [0x00000089f0700000,0x00000089f0800000]
Native frames: (J=compiled Java code, j=interpreted, Vv=VM code, C=native code)
V  [jvm.dll+0x5fbcea]
V  [jvm.dll+0x731905]
V  [jvm.dll+0x732f1d]
V  [jvm.dll+0x7335d3]
V  [jvm.dll+0x247bf8]
V  [jvm.dll+0xc018c]
V  [jvm.dll+0xc06cc]
V  [jvm.dll+0x35b31d]
V  [jvm.dll+0x19d0bc]
V  [jvm.dll+0x20070e]
V  [jvm.dll+0x1ff794]
V  [jvm.dll+0x18868c]
V  [jvm.dll+0x20e0d7]
V  [jvm.dll+0x20c901]
V  [jvm.dll+0x6f9b7f]
V  [jvm.dll+0x6f26a5]
V  [jvm.dll+0x5fabf6]
C  [ucrtbase.dll+0x21bb2]
C  [KERNEL32.DLL+0x17034]
C  [ntdll.dll+0x526a1]


---------------  P R O C E S S  ---------------

Threads class SMR info:
_java_thread_list=0x0000027a415c42d0, length=147, elements={
0x0000027a232b8800, 0x0000027a3dfcf800, 0x0000027a3dfd1000, 0x0000027a3e035000,
0x0000027a3e036000, 0x0000027a3e038000, 0x0000027a3e03d800, 0x0000027a3e040800,
0x0000027a3e041800, 0x0000027a3e1b3800, 0x0000027a40691000, 0x0000027a40b19800,
0x0000027a40508000, 0x0000027a409a7800, 0x0000027a409a6000, 0x0000027a40c6d800,
0x0000027a40c6d000, 0x0000027a40c6e800, 0x0000027a40c71000, 0x0000027a40c6b000,
0x0000027a40c72000, 0x0000027a40c75000, 0x0000027a40c73800, 0x0000027a40c74000,
0x0000027a40c6f800, 0x0000027a40c76000, 0x0000027a40c76800, 0x0000027a40c79000,
0x0000027a419a4800, 0x0000027a419b0000, 0x0000027a45f6e000, 0x0000027a45f74000,
0x0000027a45f76800, 0x0000027a4140a000, 0x0000027a41915800, 0x0000027a41913000,
0x0000027a4f1fc000, 0x0000027a4f203000, 0x0000027a4f203800, 0x0000027a4f1fe000,
0x0000027a41919800, 0x0000027a41917000, 0x0000027a409a6800, 0x0000027a419a5800,
0x0000027a419a6000, 0x0000027a419a7000, 0x0000027a419a3000, 0x0000027a419a8000,
0x0000027a419a8800, 0x0000027a419a9800, 0x0000027a419a3800, 0x0000027a419af000,
0x0000027a419ae800, 0x0000027a419aa000, 0x0000027a419ab000, 0x0000027a419b1000,
0x0000027a419b1800, 0x0000027a419ac800, 0x0000027a419ad800, 0x0000027a43a12800,
0x0000027a43a11800, 0x0000027a43a0d800, 0x0000027a43a10000, 0x0000027a43a13800,
0x0000027a43a0e800, 0x0000027a43a15000, 0x0000027a43a0f000, 0x0000027a43a17800,
0x0000027a43a16000, 0x0000027a43a18000, 0x0000027a43a1b800, 0x0000027a43a16800,
0x0000027a43a19000, 0x0000027a43a1a000, 0x0000027a43a1a800, 0x0000027a41914000,
0x0000027a41914800, 0x0000027a41918000, 0x0000027a41918800, 0x0000027a41916000,
0x0000027a4191c000, 0x0000027a4191c800, 0x0000027a41920000, 0x0000027a4191f000,
0x0000027a4191d800, 0x0000027a4191a800, 0x0000027a4191e800, 0x0000027a41921000,
0x0000027a4191b000, 0x0000027a41921800, 0x0000027a41409800, 0x0000027a41407800,
0x0000027a4140e000, 0x0000027a41408800, 0x0000027a4140f000, 0x0000027a41410000,
0x0000027a41410800, 0x0000027a4140b000, 0x0000027a41415800, 0x0000027a41412800,
0x0000027a41416800, 0x0000027a41413000, 0x0000027a41411800, 0x0000027a41414000,
0x0000027a41414800, 0x0000027a4f200800, 0x0000027a4f1ff800, 0x0000027a4f1fd000,
0x0000027a4f201000, 0x0000027a4f207800, 0x0000027a4f207000, 0x0000027a4f205000,
0x0000027a4f206000, 0x0000027a4f202000, 0x0000027a4f208800, 0x0000027a4f209800,
0x0000027a4f20a000, 0x0000027a4f204800, 0x0000027a4f20b000, 0x0000027a45f6a000,
0x0000027a45f6f000, 0x0000027a45f6b000, 0x0000027a45f70000, 0x0000027a45f70800,
0x0000027a45f71800, 0x0000027a45f6c000, 0x0000027a45f72800, 0x0000027a45f6c800,
0x0000027a45f77000, 0x0000027a45f78000, 0x0000027a45f73000, 0x0000027a45f74800,
0x0000027a40c6c000, 0x0000027a40c70000, 0x0000027a40c77800, 0x0000027a409a8800,
0x0000027a3e7d7000, 0x0000027a3e7d8000, 0x0000027a3e7d4800, 0x0000027a3e7d5800,
0x0000027a3e7d6800, 0x0000027a3e7d9800, 0x0000027a3e7d4000, 0x0000027a3e7de800,
0x0000027a3e7dc000, 0x0000027a3e7e0000, 0x0000027a3e7dd000
}

Java Threads: ( => current thread )
  0x0000027a232b8800 JavaThread "main" [_thread_blocked, id=12748, stack(0x00000089efb00000,0x00000089efc00000)]
  0x0000027a3dfcf800 JavaThread "Reference Handler" daemon [_thread_blocked, id=21696, stack(0x00000089f0200000,0x00000089f0300000)]
  0x0000027a3dfd1000 JavaThread "Finalizer" daemon [_thread_blocked, id=14568, stack(0x00000089f0300000,0x00000089f0400000)]
  0x0000027a3e035000 JavaThread "Signal Dispatcher" daemon [_thread_blocked, id=14168, stack(0x00000089f0400000,0x00000089f0500000)]
  0x0000027a3e036000 JavaThread "Attach Listener" daemon [_thread_blocked, id=21476, stack(0x00000089f0500000,0x00000089f0600000)]
  0x0000027a3e038000 JavaThread "Service Thread" daemon [_thread_blocked, id=3188, stack(0x00000089f0600000,0x00000089f0700000)]
=>0x0000027a3e03d800 JavaThread "C2 CompilerThread0" daemon [_thread_in_native, id=21084, stack(0x00000089f0700000,0x00000089f0800000)]
  0x0000027a3e040800 JavaThread "C1 CompilerThread0" daemon [_thread_blocked, id=19500, stack(0x00000089f0800000,0x00000089f0900000)]
  0x0000027a3e041800 JavaThread "Sweeper thread" daemon [_thread_blocked, id=16256, stack(0x00000089f0900000,0x00000089f0a00000)]
  0x0000027a3e1b3800 JavaThread "Common-Cleaner" daemon [_thread_blocked, id=5504, stack(0x00000089f0a00000,0x00000089f0b00000)]
  0x0000027a40691000 JavaThread "Daemon health stats" [_thread_blocked, id=20780, stack(0x00000089f1200000,0x00000089f1300000)]
  0x0000027a40b19800 JavaThread "Incoming local TCP Connector on port 61087" [_thread_in_native, id=6696, stack(0x00000089f1100000,0x00000089f1200000)]
  0x0000027a40508000 JavaThread "Daemon periodic checks" [_thread_blocked, id=368, stack(0x00000089f1300000,0x00000089f1400000)]
  0x0000027a409a7800 JavaThread "Cache worker for journal cache (C:\Users\bhatt\.gradle\caches\journal-1)" [_thread_blocked, id=18036, stack(0x00000089f1b00000,0x00000089f1c00000)]
  0x0000027a409a6000 JavaThread "File lock request listener" [_thread_in_native, id=14572, stack(0x00000089f1c00000,0x00000089f1d00000)]
  0x0000027a40c6d800 JavaThread "Cache worker for file hash cache (C:\Users\bhatt\.gradle\caches\7.3.3\fileHashes)" [_thread_blocked, id=6976, stack(0x00000089f2000000,0x00000089f2100000)]
  0x0000027a40c6d000 JavaThread "File watcher server" daemon [_thread_in_native, id=6720, stack(0x00000089f2400000,0x00000089f2500000)]
  0x0000027a40c6e800 JavaThread "File watcher consumer" daemon [_thread_blocked, id=2108, stack(0x00000089f2500000,0x00000089f2600000)]
  0x0000027a40c71000 JavaThread "jar transforms" [_thread_blocked, id=19732, stack(0x00000089f2600000,0x00000089f2700000)]
  0x0000027a40c6b000 JavaThread "jar transforms Thread 2" [_thread_blocked, id=1348, stack(0x00000089f2700000,0x00000089f2800000)]
  0x0000027a40c72000 JavaThread "jar transforms Thread 3" [_thread_blocked, id=16688, stack(0x00000089f2800000,0x00000089f2900000)]
  0x0000027a40c75000 JavaThread "jar transforms Thread 4" [_thread_blocked, id=4876, stack(0x00000089f2900000,0x00000089f2a00000)]
  0x0000027a40c73800 JavaThread "jar transforms Thread 5" [_thread_blocked, id=20712, stack(0x00000089f2a00000,0x00000089f2b00000)]
  0x0000027a40c74000 JavaThread "jar transforms Thread 6" [_thread_blocked, id=1508, stack(0x00000089f2b00000,0x00000089f2c00000)]
  0x0000027a40c6f800 JavaThread "jar transforms Thread 7" [_thread_blocked, id=8440, stack(0x00000089f2c00000,0x00000089f2d00000)]
  0x0000027a40c76000 JavaThread "jar transforms Thread 8" [_thread_blocked, id=8540, stack(0x00000089f2d00000,0x00000089f2e00000)]
  0x0000027a40c76800 JavaThread "Cache worker for execution history cache (C:\Users\bhatt\.gradle\caches\7.3.3\executionHistory)" [_thread_blocked, id=9436, stack(0x00000089f2f00000,0x00000089f3000000)]
  0x0000027a40c79000 JavaThread "Cache worker for file content cache (C:\Users\bhatt\.gradle\caches\7.3.3\fileContent)" [_thread_blocked, id=21404, stack(0x00000089f3200000,0x00000089f3300000)]
  0x0000027a419a4800 JavaThread "Memory manager" [_thread_blocked, id=8068, stack(0x00000089f8400000,0x00000089f8500000)]
  0x0000027a419b0000 JavaThread "pool-3-thread-1" [_thread_blocked, id=12012, stack(0x00000089f8500000,0x00000089f8600000)]
  0x0000027a45f6e000 JavaThread "pool-6-thread-1" [_thread_blocked, id=12724, stack(0x00000089f8300000,0x00000089f8400000)]
  0x0000027a45f74000 JavaThread "RMI Scheduler(0)" daemon [_thread_blocked, id=4992, stack(0x00000089f8100000,0x00000089f8200000)]
  0x0000027a45f76800 JavaThread "RMI GC Daemon" daemon [_thread_blocked, id=20500, stack(0x00000089f9100000,0x00000089f9200000)]
  0x0000027a4140a000 JavaThread "RMI TCP Accept-0" daemon [_thread_in_native, id=10144, stack(0x00000089f9200000,0x00000089f9300000)]
  0x0000027a41915800 JavaThread "RMI Reaper" [_thread_blocked, id=2920, stack(0x00000089f9300000,0x00000089f9400000)]
  0x0000027a41913000 JavaThread "Cache worker for Java compile cache (C:\Users\bhatt\.gradle\caches\7.3.3\javaCompile)" [_thread_blocked, id=19352, stack(0x00000089f9400000,0x00000089f9500000)]
  0x0000027a4f1fc000 JavaThread "ForkJoinPool.commonPool-worker-5" daemon [_thread_blocked, id=21468, stack(0x00000089fa600000,0x00000089fa700000)]
  0x0000027a4f203000 JavaThread "ForkJoinPool.commonPool-worker-7" daemon [_thread_blocked, id=21600, stack(0x00000089fa700000,0x00000089fa800000)]
  0x0000027a4f203800 JavaThread "ForkJoinPool.commonPool-worker-9" daemon [_thread_blocked, id=19340, stack(0x00000089fa800000,0x00000089fa900000)]
  0x0000027a4f1fe000 JavaThread "ForkJoinPool.commonPool-worker-11" daemon [_thread_blocked, id=8752, stack(0x00000089fa900000,0x00000089faa00000)]
  0x0000027a41919800 JavaThread "Daemon Thread 3" [_thread_blocked, id=21536, stack(0x00000089ef800000,0x00000089ef900000)]
  0x0000027a41917000 JavaThread "Daemon worker Thread 3" [_thread_blocked, id=1420, stack(0x00000089f1400000,0x00000089f1500000)]
  0x0000027a409a6800 JavaThread "pool-10-thread-1" [_thread_blocked, id=11944, stack(0x00000089f8600000,0x00000089f8700000)]
  0x0000027a419a5800 JavaThread "Handler for socket connection from /127.0.0.1:61087 to /127.0.0.1:61478" [_thread_in_native, id=12336, stack(0x00000089ef900000,0x00000089efa00000)]
  0x0000027a419a6000 JavaThread "Cancel handler" [_thread_blocked, id=13840, stack(0x00000089efa00000,0x00000089efb00000)]
  0x0000027a419a7000 JavaThread "Asynchronous log dispatcher for DefaultDaemonConnection: socket connection from /127.0.0.1:61087 to /127.0.0.1:61478" [_thread_blocked, id=3564, stack(0x00000089f1500000,0x00000089f1600000)]
  0x0000027a419a3000 JavaThread "Stdin handler" [_thread_blocked, id=17016, stack(0x00000089f1600000,0x00000089f1700000)]
  0x0000027a419a8000 JavaThread "Daemon client event forwarder" [_thread_blocked, id=20084, stack(0x00000089f1700000,0x00000089f1800000)]
  0x0000027a419a8800 JavaThread "Cache worker for file hash cache (E:\Projects\Android Projects\Android Studio Projects Folder 2\MyContactsApp\.gradle\7.3.3\fileHashes)" [_thread_blocked, id=1900, stack(0x00000089f1800000,0x00000089f1900000)]
  0x0000027a419a9800 JavaThread "Cache worker for checksums cache (E:\Projects\Android Projects\Android Studio Projects Folder 2\MyContactsApp\.gradle\7.3.3\checksums)" [_thread_blocked, id=7100, stack(0x00000089f1900000,0x00000089f1a00000)]
  0x0000027a419a3800 JavaThread "Cache worker for cache directory md-supplier (C:\Users\bhatt\.gradle\caches\7.3.3\md-supplier)" [_thread_blocked, id=21188, stack(0x00000089f1a00000,0x00000089f1b00000)]
  0x0000027a419af000 JavaThread "Cache worker for cache directory md-rule (C:\Users\bhatt\.gradle\caches\7.3.3\md-rule)" [_thread_blocked, id=21300, stack(0x00000089f2100000,0x00000089f2200000)]
  0x0000027a419ae800 JavaThread "Cache worker for dependencies-accessors (E:\Projects\Android Projects\Android Studio Projects Folder 2\MyContactsApp\.gradle\7.3.3\dependencies-accessors)" [_thread_blocked, id=18788, stack(0x00000089f2200000,0x00000089f2300000)]
  0x0000027a419aa000 JavaThread "Cache worker for Build Output Cleanup Cache (E:\Projects\Android Projects\Android Studio Projects Folder 2\MyContactsApp\.gradle\buildOutputCleanup)" [_thread_blocked, id=8516, stack(0x00000089f2300000,0x00000089f2400000)]
  0x0000027a419ab000 JavaThread "C2 CompilerThread1" daemon [_thread_in_native, id=20684, stack(0x00000089f2e00000,0x00000089f2f00000)]
  0x0000027a419b1000 JavaThread "Unconstrained build operations" [_thread_blocked, id=1396, stack(0x00000089f3000000,0x00000089f3100000)]
  0x0000027a419b1800 JavaThread "Unconstrained build operations Thread 2" [_thread_blocked, id=16724, stack(0x00000089f3100000,0x00000089f3200000)]
  0x0000027a419ac800 JavaThread "Unconstrained build operations Thread 3" [_thread_blocked, id=18668, stack(0x00000089f3300000,0x00000089f3400000)]
  0x0000027a419ad800 JavaThread "Unconstrained build operations Thread 4" [_thread_blocked, id=22096, stack(0x00000089f3400000,0x00000089f3500000)]
  0x0000027a43a12800 JavaThread "Unconstrained build operations Thread 5" [_thread_blocked, id=19288, stack(0x00000089f3500000,0x00000089f3600000)]
  0x0000027a43a11800 JavaThread "Unconstrained build operations Thread 6" [_thread_blocked, id=15420, stack(0x00000089f3600000,0x00000089f3700000)]
  0x0000027a43a0d800 JavaThread "Unconstrained build operations Thread 7" [_thread_blocked, id=8292, stack(0x00000089f3700000,0x00000089f3800000)]
  0x0000027a43a10000 JavaThread "Unconstrained build operations Thread 8" [_thread_blocked, id=4148, stack(0x00000089f3800000,0x00000089f3900000)]
  0x0000027a43a13800 JavaThread "Unconstrained build operations Thread 9" [_thread_blocked, id=3764, stack(0x00000089f3900000,0x00000089f3a00000)]
  0x0000027a43a0e800 JavaThread "Unconstrained build operations Thread 10" [_thread_blocked, id=14488, stack(0x00000089f3a00000,0x00000089f3b00000)]
  0x0000027a43a15000 JavaThread "Unconstrained build operations Thread 11" [_thread_blocked, id=21744, stack(0x00000089f3b00000,0x00000089f3c00000)]
  0x0000027a43a0f000 JavaThread "Unconstrained build operations Thread 12" [_thread_blocked, id=19492, stack(0x00000089f3c00000,0x00000089f3d00000)]
  0x0000027a43a17800 JavaThread "Unconstrained build operations Thread 13" [_thread_blocked, id=17532, stack(0x00000089f3d00000,0x00000089f3e00000)]
  0x0000027a43a16000 JavaThread "Unconstrained build operations Thread 14" [_thread_blocked, id=14352, stack(0x00000089f3e00000,0x00000089f3f00000)]
  0x0000027a43a18000 JavaThread "Unconstrained build operations Thread 15" [_thread_blocked, id=20096, stack(0x00000089f3f00000,0x00000089f4000000)]
  0x0000027a43a1b800 JavaThread "Unconstrained build operations Thread 16" [_thread_blocked, id=17860, stack(0x00000089f4000000,0x00000089f4100000)]
  0x0000027a43a16800 JavaThread "Unconstrained build operations Thread 17" [_thread_blocked, id=2988, stack(0x00000089f4100000,0x00000089f4200000)]
  0x0000027a43a19000 JavaThread "Unconstrained build operations Thread 18" [_thread_blocked, id=4512, stack(0x00000089f4200000,0x00000089f4300000)]
  0x0000027a43a1a000 JavaThread "Unconstrained build operations Thread 19" [_thread_blocked, id=5880, stack(0x00000089f4300000,0x00000089f4400000)]
  0x0000027a43a1a800 JavaThread "Unconstrained build operations Thread 20" [_thread_blocked, id=4352, stack(0x00000089f4400000,0x00000089f4500000)]
  0x0000027a41914000 JavaThread "Unconstrained build operations Thread 21" [_thread_blocked, id=21352, stack(0x00000089f4500000,0x00000089f4600000)]
  0x0000027a41914800 JavaThread "Unconstrained build operations Thread 22" [_thread_blocked, id=19576, stack(0x00000089f4600000,0x00000089f4700000)]
  0x0000027a41918000 JavaThread "Unconstrained build operations Thread 23" [_thread_blocked, id=15260, stack(0x00000089f4700000,0x00000089f4800000)]
  0x0000027a41918800 JavaThread "Unconstrained build operations Thread 24" [_thread_blocked, id=2332, stack(0x00000089f4800000,0x00000089f4900000)]
  0x0000027a41916000 JavaThread "Unconstrained build operations Thread 25" [_thread_blocked, id=15468, stack(0x00000089f4900000,0x00000089f4a00000)]
  0x0000027a4191c000 JavaThread "Unconstrained build operations Thread 26" [_thread_blocked, id=7596, stack(0x00000089f4a00000,0x00000089f4b00000)]
  0x0000027a4191c800 JavaThread "Unconstrained build operations Thread 27" [_thread_blocked, id=16276, stack(0x00000089f4b00000,0x00000089f4c00000)]
  0x0000027a41920000 JavaThread "Unconstrained build operations Thread 28" [_thread_blocked, id=15888, stack(0x00000089f4c00000,0x00000089f4d00000)]
  0x0000027a4191f000 JavaThread "Unconstrained build operations Thread 29" [_thread_blocked, id=15020, stack(0x00000089f4d00000,0x00000089f4e00000)]
  0x0000027a4191d800 JavaThread "Unconstrained build operations Thread 30" [_thread_blocked, id=11336, stack(0x00000089f4e00000,0x00000089f4f00000)]
  0x0000027a4191a800 JavaThread "Unconstrained build operations Thread 31" [_thread_blocked, id=18088, stack(0x00000089f4f00000,0x00000089f5000000)]
  0x0000027a4191e800 JavaThread "Unconstrained build operations Thread 32" [_thread_blocked, id=8392, stack(0x00000089f5000000,0x00000089f5100000)]
  0x0000027a41921000 JavaThread "Unconstrained build operations Thread 33" [_thread_blocked, id=2512, stack(0x00000089f5100000,0x00000089f5200000)]
  0x0000027a4191b000 JavaThread "Unconstrained build operations Thread 34" [_thread_blocked, id=8252, stack(0x00000089f5200000,0x00000089f5300000)]
  0x0000027a41921800 JavaThread "Unconstrained build operations Thread 35" [_thread_blocked, id=19748, stack(0x00000089f5300000,0x00000089f5400000)]
  0x0000027a41409800 JavaThread "Unconstrained build operations Thread 36" [_thread_blocked, id=19220, stack(0x00000089f5400000,0x00000089f5500000)]
  0x0000027a41407800 JavaThread "Unconstrained build operations Thread 37" [_thread_blocked, id=7844, stack(0x00000089f5500000,0x00000089f5600000)]
  0x0000027a4140e000 JavaThread "Unconstrained build operations Thread 38" [_thread_blocked, id=18044, stack(0x00000089f5600000,0x00000089f5700000)]
  0x0000027a41408800 JavaThread "Unconstrained build operations Thread 39" [_thread_blocked, id=6652, stack(0x00000089f5700000,0x00000089f5800000)]
  0x0000027a4140f000 JavaThread "Unconstrained build operations Thread 40" [_thread_blocked, id=2348, stack(0x00000089f5800000,0x00000089f5900000)]
  0x0000027a41410000 JavaThread "Unconstrained build operations Thread 41" [_thread_blocked, id=18680, stack(0x00000089f5900000,0x00000089f5a00000)]
  0x0000027a41410800 JavaThread "Unconstrained build operations Thread 42" [_thread_blocked, id=1472, stack(0x00000089f5a00000,0x00000089f5b00000)]
  0x0000027a4140b000 JavaThread "Unconstrained build operations Thread 43" [_thread_blocked, id=21684, stack(0x00000089f5b00000,0x00000089f5c00000)]
  0x0000027a41415800 JavaThread "Unconstrained build operations Thread 44" [_thread_blocked, id=8112, stack(0x00000089f5c00000,0x00000089f5d00000)]
  0x0000027a41412800 JavaThread "Unconstrained build operations Thread 45" [_thread_blocked, id=21956, stack(0x00000089f5d00000,0x00000089f5e00000)]
  0x0000027a41416800 JavaThread "Unconstrained build operations Thread 46" [_thread_blocked, id=11724, stack(0x00000089f5e00000,0x00000089f5f00000)]
  0x0000027a41413000 JavaThread "Unconstrained build operations Thread 47" [_thread_blocked, id=15064, stack(0x00000089f5f00000,0x00000089f6000000)]
  0x0000027a41411800 JavaThread "Unconstrained build operations Thread 48" [_thread_blocked, id=8224, stack(0x00000089f6000000,0x00000089f6100000)]
  0x0000027a41414000 JavaThread "Unconstrained build operations Thread 49" [_thread_blocked, id=18780, stack(0x00000089f6100000,0x00000089f6200000)]
  0x0000027a41414800 JavaThread "Unconstrained build operations Thread 50" [_thread_blocked, id=18592, stack(0x00000089f6200000,0x00000089f6300000)]
  0x0000027a4f200800 JavaThread "Unconstrained build operations Thread 51" [_thread_blocked, id=8328, stack(0x00000089f6300000,0x00000089f6400000)]
  0x0000027a4f1ff800 JavaThread "Unconstrained build operations Thread 52" [_thread_blocked, id=2652, stack(0x00000089f6400000,0x00000089f6500000)]
  0x0000027a4f1fd000 JavaThread "Unconstrained build operations Thread 53" [_thread_blocked, id=17640, stack(0x00000089f6500000,0x00000089f6600000)]
  0x0000027a4f201000 JavaThread "Unconstrained build operations Thread 54" [_thread_blocked, id=1012, stack(0x00000089f6600000,0x00000089f6700000)]
  0x0000027a4f207800 JavaThread "Unconstrained build operations Thread 55" [_thread_blocked, id=21324, stack(0x00000089f6700000,0x00000089f6800000)]
  0x0000027a4f207000 JavaThread "Unconstrained build operations Thread 56" [_thread_blocked, id=7532, stack(0x00000089f6800000,0x00000089f6900000)]
  0x0000027a4f205000 JavaThread "Unconstrained build operations Thread 57" [_thread_blocked, id=20800, stack(0x00000089f6900000,0x00000089f6a00000)]
  0x0000027a4f206000 JavaThread "Unconstrained build operations Thread 58" [_thread_blocked, id=16940, stack(0x00000089f6a00000,0x00000089f6b00000)]
  0x0000027a4f202000 JavaThread "Unconstrained build operations Thread 59" [_thread_blocked, id=19336, stack(0x00000089f6b00000,0x00000089f6c00000)]
  0x0000027a4f208800 JavaThread "Unconstrained build operations Thread 60" [_thread_blocked, id=11348, stack(0x00000089f6c00000,0x00000089f6d00000)]
  0x0000027a4f209800 JavaThread "Unconstrained build operations Thread 61" [_thread_blocked, id=20756, stack(0x00000089f6d00000,0x00000089f6e00000)]
  0x0000027a4f20a000 JavaThread "Unconstrained build operations Thread 62" [_thread_blocked, id=11396, stack(0x00000089f6e00000,0x00000089f6f00000)]
  0x0000027a4f204800 JavaThread "Unconstrained build operations Thread 63" [_thread_blocked, id=3616, stack(0x00000089f6f00000,0x00000089f7000000)]
  0x0000027a4f20b000 JavaThread "Unconstrained build operations Thread 64" [_thread_blocked, id=18648, stack(0x00000089f7000000,0x00000089f7100000)]
  0x0000027a45f6a000 JavaThread "Unconstrained build operations Thread 65" [_thread_blocked, id=17128, stack(0x00000089f7100000,0x00000089f7200000)]
  0x0000027a45f6f000 JavaThread "Unconstrained build operations Thread 66" [_thread_blocked, id=13020, stack(0x00000089f7200000,0x00000089f7300000)]
  0x0000027a45f6b000 JavaThread "Unconstrained build operations Thread 67" [_thread_blocked, id=6884, stack(0x00000089f7300000,0x00000089f7400000)]
  0x0000027a45f70000 JavaThread "Unconstrained build operations Thread 68" [_thread_blocked, id=2820, stack(0x00000089f7400000,0x00000089f7500000)]
  0x0000027a45f70800 JavaThread "Unconstrained build operations Thread 69" [_thread_blocked, id=21176, stack(0x00000089f7500000,0x00000089f7600000)]
  0x0000027a45f71800 JavaThread "Unconstrained build operations Thread 70" [_thread_blocked, id=10544, stack(0x00000089f7600000,0x00000089f7700000)]
  0x0000027a45f6c000 JavaThread "Unconstrained build operations Thread 71" [_thread_blocked, id=14776, stack(0x00000089f7700000,0x00000089f7800000)]
  0x0000027a45f72800 JavaThread "Unconstrained build operations Thread 72" [_thread_blocked, id=18240, stack(0x00000089f7800000,0x00000089f7900000)]
  0x0000027a45f6c800 JavaThread "Unconstrained build operations Thread 73" [_thread_blocked, id=22440, stack(0x00000089f7900000,0x00000089f7a00000)]
  0x0000027a45f77000 JavaThread "Unconstrained build operations Thread 74" [_thread_blocked, id=88, stack(0x00000089f7a00000,0x00000089f7b00000)]
  0x0000027a45f78000 JavaThread "Unconstrained build operations Thread 75" [_thread_blocked, id=15608, stack(0x00000089f7b00000,0x00000089f7c00000)]
  0x0000027a45f73000 JavaThread "Unconstrained build operations Thread 76" [_thread_blocked, id=8500, stack(0x00000089f7c00000,0x00000089f7d00000)]
  0x0000027a45f74800 JavaThread "Unconstrained build operations Thread 77" [_thread_blocked, id=13172, stack(0x00000089f7d00000,0x00000089f7e00000)]
  0x0000027a40c6c000 JavaThread "Unconstrained build operations Thread 78" [_thread_blocked, id=11904, stack(0x00000089f7e00000,0x00000089f7f00000)]
  0x0000027a40c70000 JavaThread "Unconstrained build operations Thread 79" [_thread_blocked, id=8488, stack(0x00000089f7f00000,0x00000089f8000000)]
  0x0000027a40c77800 JavaThread "Unconstrained build operations Thread 80" [_thread_blocked, id=18436, stack(0x00000089f8000000,0x00000089f8100000)]
  0x0000027a409a8800 JavaThread "C2 CompilerThread2" daemon [_thread_in_native, id=13812, stack(0x00000089f8200000,0x00000089f8300000)]
  0x0000027a3e7d7000 JavaThread "build event listener" [_thread_blocked, id=3180, stack(0x00000089f8700000,0x00000089f8800000)]
  0x0000027a3e7d8000 JavaThread "pool-13-thread-1" [_thread_blocked, id=6072, stack(0x00000089f8900000,0x00000089f8a00000)]
  0x0000027a3e7d4800 JavaThread "build event listener" [_thread_blocked, id=8928, stack(0x00000089f8a00000,0x00000089f8b00000)]
  0x0000027a3e7d5800 JavaThread "Execution worker for ':'" [_thread_blocked, id=3248, stack(0x00000089f8b00000,0x00000089f8c00000)]
  0x0000027a3e7d6800 JavaThread "Execution worker for ':' Thread 2" [_thread_blocked, id=16096, stack(0x00000089f8c00000,0x00000089f8d00000)]
  0x0000027a3e7d9800 JavaThread "Execution worker for ':' Thread 3" [_thread_blocked, id=18968, stack(0x00000089f8d00000,0x00000089f8e00000)]
  0x0000027a3e7d4000 JavaThread "Execution worker for ':' Thread 4" [_thread_blocked, id=15084, stack(0x00000089f8e00000,0x00000089f8f00000)]
  0x0000027a3e7de800 JavaThread "Execution worker for ':' Thread 5" [_thread_in_native, id=14584, stack(0x00000089f8f00000,0x00000089f9000000)]
  0x0000027a3e7dc000 JavaThread "Execution worker for ':' Thread 6" [_thread_blocked, id=6380, stack(0x00000089f9000000,0x00000089f9100000)]
  0x0000027a3e7e0000 JavaThread "Execution worker for ':' Thread 7" [_thread_blocked, id=2120, stack(0x00000089f9500000,0x00000089f9600000)]
  0x0000027a3e7dd000 JavaThread "Cache worker for execution history cache (E:\Projects\Android Projects\Android Studio Projects Folder 2\MyContactsApp\.gradle\7.3.3\executionHistory)" [_thread_blocked, id=13000, stack(0x00000089f9600000,0x00000089f9700000)]

Other Threads:
  0x0000027a3dfce000 VMThread "VM Thread" [stack: 0x00000089f0100000,0x00000089f0200000] [id=1240]
  0x0000027a3e1be800 WatcherThread [stack: 0x00000089f0b00000,0x00000089f0c00000] [id=15104]
  0x0000027a232d4800 GCTaskThread "GC Thread#0" [stack: 0x00000089efc00000,0x00000089efd00000] [id=12016]
  0x0000027a3ed67800 GCTaskThread "GC Thread#1" [stack: 0x00000089f0c00000,0x00000089f0d00000] [id=16304]
  0x0000027a3ed64800 GCTaskThread "GC Thread#2" [stack: 0x00000089f0d00000,0x00000089f0e00000] [id=14108]
  0x0000027a3ed66800 GCTaskThread "GC Thread#3" [stack: 0x00000089f0e00000,0x00000089f0f00000] [id=16632]
  0x0000027a3ed63000 GCTaskThread "GC Thread#4" [stack: 0x00000089f0f00000,0x00000089f1000000] [id=22368]
  0x0000027a3ed61800 GCTaskThread "GC Thread#5" [stack: 0x00000089f1000000,0x00000089f1100000] [id=19740]
  0x0000027a3ed65000 GCTaskThread "GC Thread#6" [stack: 0x00000089f1d00000,0x00000089f1e00000] [id=13028]
  0x0000027a3ed61000 GCTaskThread "GC Thread#7" [stack: 0x00000089f1e00000,0x00000089f1f00000] [id=17040]
  0x0000027a23307800 ConcurrentGCThread "G1 Main Marker" [stack: 0x00000089efd00000,0x00000089efe00000] [id=20608]
  0x0000027a23309800 ConcurrentGCThread "G1 Conc#0" [stack: 0x00000089efe00000,0x00000089eff00000] [id=21628]
  0x0000027a3ed66000 ConcurrentGCThread "G1 Conc#1" [stack: 0x00000089f1f00000,0x00000089f2000000] [id=7560]
  0x0000027a3d618800 ConcurrentGCThread "G1 Refine#0" [stack: 0x00000089eff00000,0x00000089f0000000] [id=13492]
  0x0000027a43923000 ConcurrentGCThread "G1 Refine#1" [stack: 0x00000089f8800000,0x00000089f8900000] [id=1152]
  0x0000027a3d619800 ConcurrentGCThread "G1 Young RemSet Sampling" [stack: 0x00000089f0000000,0x00000089f0100000] [id=20248]

Threads with active compile tasks:
C2 CompilerThread01831486 22957       4       org.gradle.api.internal.artifacts.transform.AttributeMatchingVariantSelector::doSelect (469 bytes)
C2 CompilerThread11831487 23003       4       org.gradle.api.internal.artifacts.transform.TransformationChain::visitTransformationSteps (21 bytes)
C2 CompilerThread21831487 23049       4       kotlin.collections.CollectionsKt___CollectionsKt::joinTo (160 bytes)

VM state:not at safepoint (normal execution)

VM Mutex/Monitor currently owned by a thread: None

Heap address: 0x0000000080000000, size: 2048 MB, Compressed Oops mode: 32-bit
Narrow klass base: 0x0000000000000000, Narrow klass shift: 3
Compressed class space size: 1073741824 Address: 0x0000000100000000

Heap:
 garbage-first heap   total 260096K, used 198357K [0x0000000080000000, 0x0000000100000000)
  region size 1024K, 21 young (21504K), 5 survivors (5120K)
 Metaspace       used 152462K, capacity 157276K, committed 157524K, reserved 1185792K
  class space    used 19120K, capacity 20857K, committed 20940K, reserved 1048576K
Heap Regions: E=young(eden), S=young(survivor), O=old, HS=humongous(starts), HC=humongous(continues), CS=collection set, F=free, A=archive, TAMS=top-at-mark-start (previous, next)
|   0|0x0000000080000000, 0x0000000080100000, 0x0000000080100000|100%| O|  |TAMS 0x0000000080100000, 0x0000000080000000| Untracked 
|   1|0x0000000080100000, 0x0000000080200000, 0x0000000080200000|100%| O|  |TAMS 0x0000000080200000, 0x0000000080100000| Untracked 
|   2|0x0000000080200000, 0x0000000080300000, 0x0000000080300000|100%| O|  |TAMS 0x0000000080300000, 0x0000000080200000| Untracked 
|   3|0x0000000080300000, 0x0000000080400000, 0x0000000080400000|100%|HS|  |TAMS 0x0000000080400000, 0x0000000080300000| Complete 
|   4|0x0000000080400000, 0x0000000080500000, 0x0000000080500000|100%|HC|  |TAMS 0x0000000080500000, 0x0000000080400000| Complete 
|   5|0x0000000080500000, 0x0000000080600000, 0x0000000080600000|100%|HC|  |TAMS 0x0000000080600000, 0x0000000080500000| Complete 
|   6|0x0000000080600000, 0x0000000080700000, 0x0000000080700000|100%| O|  |TAMS 0x0000000080700000, 0x0000000080600000| Untracked 
|   7|0x0000000080700000, 0x0000000080800000, 0x0000000080800000|100%| O|  |TAMS 0x0000000080800000, 0x0000000080700000| Untracked 
|   8|0x0000000080800000, 0x0000000080900000, 0x0000000080900000|100%| O|  |TAMS 0x0000000080900000, 0x0000000080800000| Untracked 
|   9|0x0000000080900000, 0x0000000080a00000, 0x0000000080a00000|100%| O|  |TAMS 0x0000000080a00000, 0x0000000080900000| Complete 
|  10|0x0000000080a00000, 0x0000000080b00000, 0x0000000080b00000|100%| O|  |TAMS 0x0000000080b00000, 0x0000000080a00000| Untracked 
|  11|0x0000000080b00000, 0x0000000080c00000, 0x0000000080c00000|100%| O|  |TAMS 0x0000000080c00000, 0x0000000080b00000| Untracked 
|  12|0x0000000080c00000, 0x0000000080d00000, 0x0000000080d00000|100%| O|  |TAMS 0x0000000080d00000, 0x0000000080c00000| Untracked 
|  13|0x0000000080d00000, 0x0000000080e00000, 0x0000000080e00000|100%| O|  |TAMS 0x0000000080e00000, 0x0000000080d00000| Untracked 
|  14|0x0000000080e00000, 0x0000000080f00000, 0x0000000080f00000|100%| O|  |TAMS 0x0000000080f00000, 0x0000000080e00000| Untracked 
|  15|0x0000000080f00000, 0x0000000081000000, 0x0000000081000000|100%| O|  |TAMS 0x0000000081000000, 0x0000000080f00000| Complete 
|  16|0x0000000081000000, 0x0000000081100000, 0x0000000081100000|100%| O|  |TAMS 0x0000000081100000, 0x0000000081000000| Untracked 
|  17|0x0000000081100000, 0x0000000081200000, 0x0000000081200000|100%|HS|  |TAMS 0x0000000081200000, 0x0000000081100000| Complete 
|  18|0x0000000081200000, 0x0000000081300000, 0x0000000081300000|100%|HC|  |TAMS 0x0000000081300000, 0x0000000081200000| Complete 
|  19|0x0000000081300000, 0x0000000081400000, 0x0000000081400000|100%|HS|  |TAMS 0x0000000081400000, 0x0000000081300000| Complete 
|  20|0x0000000081400000, 0x0000000081500000, 0x0000000081500000|100%|HC|  |TAMS 0x0000000081500000, 0x0000000081400000| Complete 
|  21|0x0000000081500000, 0x0000000081600000, 0x0000000081600000|100%|HC|  |TAMS 0x0000000081600000, 0x0000000081500000| Complete 
|  22|0x0000000081600000, 0x0000000081700000, 0x0000000081700000|100%|HS|  |TAMS 0x0000000081700000, 0x0000000081600000| Complete 
|  23|0x0000000081700000, 0x0000000081800000, 0x0000000081800000|100%|HS|  |TAMS 0x0000000081800000, 0x0000000081700000| Complete 
|  24|0x0000000081800000, 0x0000000081900000, 0x0000000081900000|100%|HC|  |TAMS 0x0000000081900000, 0x0000000081800000| Complete 
|  25|0x0000000081900000, 0x0000000081a00000, 0x0000000081a00000|100%|HC|  |TAMS 0x0000000081a00000, 0x0000000081900000| Complete 
|  26|0x0000000081a00000, 0x0000000081b00000, 0x0000000081b00000|100%|HC|  |TAMS 0x0000000081b00000, 0x0000000081a00000| Complete 
|  27|0x0000000081b00000, 0x0000000081c00000, 0x0000000081c00000|100%|HS|  |TAMS 0x0000000081c00000, 0x0000000081b00000| Complete 
|  28|0x0000000081c00000, 0x0000000081d00000, 0x0000000081d00000|100%|HS|  |TAMS 0x0000000081d00000, 0x0000000081c00000| Complete 
|  29|0x0000000081d00000, 0x0000000081e00000, 0x0000000081e00000|100%|HS|  |TAMS 0x0000000081e00000, 0x0000000081d00000| Complete 
|  30|0x0000000081e00000, 0x0000000081f00000, 0x0000000081f00000|100%|HS|  |TAMS 0x0000000081f00000, 0x0000000081e00000| Complete 
|  31|0x0000000081f00000, 0x0000000082000000, 0x0000000082000000|100%|HC|  |TAMS 0x0000000082000000, 0x0000000081f00000| Complete 
|  32|0x0000000082000000, 0x0000000082100000, 0x0000000082100000|100%|HC|  |TAMS 0x0000000082100000, 0x0000000082000000| Complete 
|  33|0x0000000082100000, 0x0000000082200000, 0x0000000082200000|100%|HS|  |TAMS 0x0000000082200000, 0x0000000082100000| Complete 
|  34|0x0000000082200000, 0x0000000082300000, 0x0000000082300000|100%| O|  |TAMS 0x0000000082300000, 0x0000000082200000| Untracked 
|  35|0x0000000082300000, 0x0000000082400000, 0x0000000082400000|100%| O|  |TAMS 0x0000000082400000, 0x0000000082300000| Complete 
|  36|0x0000000082400000, 0x0000000082500000, 0x0000000082500000|100%|HS|  |TAMS 0x0000000082500000, 0x0000000082400000| Complete 
|  37|0x0000000082500000, 0x0000000082600000, 0x0000000082600000|100%|HC|  |TAMS 0x0000000082600000, 0x0000000082500000| Complete 
|  38|0x0000000082600000, 0x0000000082700000, 0x0000000082700000|100%|HC|  |TAMS 0x0000000082700000, 0x0000000082600000| Complete 
|  39|0x0000000082700000, 0x0000000082800000, 0x0000000082800000|100%|HC|  |TAMS 0x0000000082800000, 0x0000000082700000| Complete 
|  40|0x0000000082800000, 0x0000000082900000, 0x0000000082900000|100%|HS|  |TAMS 0x0000000082900000, 0x0000000082800000| Complete 
|  41|0x0000000082900000, 0x0000000082a00000, 0x0000000082a00000|100%|HC|  |TAMS 0x0000000082a00000, 0x0000000082900000| Complete 
|  42|0x0000000082a00000, 0x0000000082b00000, 0x0000000082b00000|100%|HC|  |TAMS 0x0000000082b00000, 0x0000000082a00000| Complete 
|  43|0x0000000082b00000, 0x0000000082c00000, 0x0000000082c00000|100%|HS|  |TAMS 0x0000000082c00000, 0x0000000082b00000| Complete 
|  44|0x0000000082c00000, 0x0000000082d00000, 0x0000000082d00000|100%|HC|  |TAMS 0x0000000082d00000, 0x0000000082c00000| Complete 
|  45|0x0000000082d00000, 0x0000000082e00000, 0x0000000082e00000|100%| O|  |TAMS 0x0000000082e00000, 0x0000000082d00000| Complete 
|  46|0x0000000082e00000, 0x0000000082f00000, 0x0000000082f00000|100%| O|  |TAMS 0x0000000082f00000, 0x0000000082e00000| Untracked 
|  47|0x0000000082f00000, 0x0000000083000000, 0x0000000083000000|100%| O|  |TAMS 0x0000000083000000, 0x0000000082f00000| Untracked 
|  48|0x0000000083000000, 0x0000000083100000, 0x0000000083100000|100%| O|  |TAMS 0x0000000083100000, 0x0000000083000000| Untracked 
|  49|0x0000000083100000, 0x0000000083200000, 0x0000000083200000|100%| O|  |TAMS 0x0000000083200000, 0x0000000083100000| Untracked 
|  50|0x0000000083200000, 0x0000000083300000, 0x0000000083300000|100%| O|  |TAMS 0x0000000083300000, 0x0000000083200000| Complete 
|  51|0x0000000083300000, 0x0000000083400000, 0x0000000083400000|100%| O|  |TAMS 0x0000000083400000, 0x0000000083300000| Untracked 
|  52|0x0000000083400000, 0x0000000083500000, 0x0000000083500000|100%| O|  |TAMS 0x0000000083500000, 0x0000000083400000| Untracked 
|  53|0x0000000083500000, 0x0000000083600000, 0x0000000083600000|100%| O|  |TAMS 0x0000000083600000, 0x0000000083500000| Untracked 
|  54|0x0000000083600000, 0x0000000083700000, 0x0000000083700000|100%| O|  |TAMS 0x0000000083700000, 0x0000000083600000| Untracked 
|  55|0x0000000083700000, 0x0000000083800000, 0x0000000083800000|100%| O|  |TAMS 0x0000000083800000, 0x0000000083700000| Untracked 
|  56|0x0000000083800000, 0x0000000083900000, 0x0000000083900000|100%| O|  |TAMS 0x0000000083900000, 0x0000000083800000| Untracked 
|  57|0x0000000083900000, 0x0000000083a00000, 0x0000000083a00000|100%| O|  |TAMS 0x0000000083a00000, 0x0000000083900000| Untracked 
|  58|0x0000000083a00000, 0x0000000083b00000, 0x0000000083b00000|100%| O|  |TAMS 0x0000000083b00000, 0x0000000083a00000| Complete 
|  59|0x0000000083b00000, 0x0000000083c00000, 0x0000000083c00000|100%| O|  |TAMS 0x0000000083c00000, 0x0000000083b00000| Untracked 
|  60|0x0000000083c00000, 0x0000000083d00000, 0x0000000083d00000|100%| O|  |TAMS 0x0000000083d00000, 0x0000000083c00000| Complete 
|  61|0x0000000083d00000, 0x0000000083e00000, 0x0000000083e00000|100%| O|  |TAMS 0x0000000083e00000, 0x0000000083d00000| Complete 
|  62|0x0000000083e00000, 0x0000000083f00000, 0x0000000083f00000|100%| O|  |TAMS 0x0000000083f00000, 0x0000000083e00000| Untracked 
|  63|0x0000000083f00000, 0x0000000084000000, 0x0000000084000000|100%| O|  |TAMS 0x0000000084000000, 0x0000000083f00000| Complete 
|  64|0x0000000084000000, 0x0000000084100000, 0x0000000084100000|100%| O|  |TAMS 0x0000000084100000, 0x0000000084000000| Untracked 
|  65|0x0000000084100000, 0x0000000084200000, 0x0000000084200000|100%| O|  |TAMS 0x0000000084200000, 0x0000000084100000| Untracked 
|  66|0x0000000084200000, 0x0000000084300000, 0x0000000084300000|100%| O|  |TAMS 0x0000000084300000, 0x0000000084200000| Untracked 
|  67|0x0000000084300000, 0x0000000084400000, 0x0000000084400000|100%| O|  |TAMS 0x0000000084400000, 0x0000000084300000| Complete 
|  68|0x0000000084400000, 0x0000000084500000, 0x0000000084500000|100%| O|  |TAMS 0x0000000084500000, 0x0000000084400000| Untracked 
|  69|0x0000000084500000, 0x0000000084600000, 0x0000000084600000|100%| O|  |TAMS 0x0000000084600000, 0x0000000084500000| Untracked 
|  70|0x0000000084600000, 0x0000000084700000, 0x0000000084700000|100%| O|  |TAMS 0x0000000084700000, 0x0000000084600000| Complete 
|  71|0x0000000084700000, 0x0000000084800000, 0x0000000084800000|100%| O|  |TAMS 0x0000000084800000, 0x0000000084700000| Untracked 
|  72|0x0000000084800000, 0x0000000084900000, 0x0000000084900000|100%| O|  |TAMS 0x0000000084900000, 0x0000000084800000| Complete 
|  73|0x0000000084900000, 0x0000000084a00000, 0x0000000084a00000|100%| O|  |TAMS 0x0000000084a00000, 0x0000000084900000| Untracked 
|  74|0x0000000084a00000, 0x0000000084b00000, 0x0000000084b00000|100%| O|  |TAMS 0x0000000084b00000, 0x0000000084a00000| Complete 
|  75|0x0000000084b00000, 0x0000000084c00000, 0x0000000084c00000|100%| O|  |TAMS 0x0000000084c00000, 0x0000000084b00000| Complete 
|  76|0x0000000084c00000, 0x0000000084d00000, 0x0000000084d00000|100%| O|  |TAMS 0x0000000084d00000, 0x0000000084c00000| Untracked 
|  77|0x0000000084d00000, 0x0000000084e00000, 0x0000000084e00000|100%|HS|  |TAMS 0x0000000084e00000, 0x0000000084d00000| Complete 
|  78|0x0000000084e00000, 0x0000000084f00000, 0x0000000084f00000|100%| O|  |TAMS 0x0000000084f00000, 0x0000000084e00000| Untracked 
|  79|0x0000000084f00000, 0x0000000085000000, 0x0000000085000000|100%| O|  |TAMS 0x0000000085000000, 0x0000000084f00000| Complete 
|  80|0x0000000085000000, 0x0000000085100000, 0x0000000085100000|100%|HS|  |TAMS 0x0000000085100000, 0x0000000085000000| Complete 
|  81|0x0000000085100000, 0x0000000085200000, 0x0000000085200000|100%|HC|  |TAMS 0x0000000085200000, 0x0000000085100000| Complete 
|  82|0x0000000085200000, 0x0000000085300000, 0x0000000085300000|100%|HS|  |TAMS 0x0000000085300000, 0x0000000085200000| Complete 
|  83|0x0000000085300000, 0x0000000085400000, 0x0000000085400000|100%|HC|  |TAMS 0x0000000085400000, 0x0000000085300000| Complete 
|  84|0x0000000085400000, 0x0000000085500000, 0x0000000085500000|100%|HC|  |TAMS 0x0000000085500000, 0x0000000085400000| Complete 
|  85|0x0000000085500000, 0x0000000085600000, 0x0000000085600000|100%|HS|  |TAMS 0x0000000085600000, 0x0000000085500000| Complete 
|  86|0x0000000085600000, 0x0000000085700000, 0x0000000085700000|100%|HC|  |TAMS 0x0000000085700000, 0x0000000085600000| Complete 
|  87|0x0000000085700000, 0x0000000085800000, 0x0000000085800000|100%|HC|  |TAMS 0x0000000085800000, 0x0000000085700000| Complete 
|  88|0x0000000085800000, 0x0000000085900000, 0x0000000085900000|100%|HC|  |TAMS 0x0000000085900000, 0x0000000085800000| Complete 
|  89|0x0000000085900000, 0x0000000085a00000, 0x0000000085a00000|100%| O|  |TAMS 0x0000000085a00000, 0x0000000085900000| Untracked 
|  90|0x0000000085a00000, 0x0000000085b00000, 0x0000000085b00000|100%| O|  |TAMS 0x0000000085b00000, 0x0000000085a00000| Untracked 
|  91|0x0000000085b00000, 0x0000000085c00000, 0x0000000085c00000|100%| O|  |TAMS 0x0000000085c00000, 0x0000000085b00000| Untracked 
|  92|0x0000000085c00000, 0x0000000085d00000, 0x0000000085d00000|100%| O|  |TAMS 0x0000000085d00000, 0x0000000085c00000| Untracked 
|  93|0x0000000085d00000, 0x0000000085e00000, 0x0000000085e00000|100%| O|  |TAMS 0x0000000085e00000, 0x0000000085d00000| Untracked 
|  94|0x0000000085e00000, 0x0000000085f00000, 0x0000000085f00000|100%| O|  |TAMS 0x0000000085f00000, 0x0000000085e00000| Untracked 
|  95|0x0000000085f00000, 0x0000000086000000, 0x0000000086000000|100%| O|  |TAMS 0x0000000086000000, 0x0000000085f00000| Untracked 
|  96|0x0000000086000000, 0x0000000086100000, 0x0000000086100000|100%| O|  |TAMS 0x0000000086100000, 0x0000000086000000| Untracked 
|  97|0x0000000086100000, 0x0000000086200000, 0x0000000086200000|100%| O|  |TAMS 0x0000000086200000, 0x0000000086100000| Complete 
|  98|0x0000000086200000, 0x0000000086300000, 0x0000000086300000|100%| O|  |TAMS 0x0000000086300000, 0x0000000086200000| Untracked 
|  99|0x0000000086300000, 0x0000000086400000, 0x0000000086400000|100%| O|  |TAMS 0x0000000086400000, 0x0000000086300000| Untracked 
| 100|0x0000000086400000, 0x0000000086500000, 0x0000000086500000|100%| O|  |TAMS 0x0000000086500000, 0x0000000086400000| Untracked 
| 101|0x0000000086500000, 0x0000000086600000, 0x0000000086600000|100%| O|  |TAMS 0x0000000086600000, 0x0000000086500000| Untracked 
| 102|0x0000000086600000, 0x0000000086700000, 0x0000000086700000|100%| O|  |TAMS 0x0000000086700000, 0x0000000086600000| Untracked 
| 103|0x0000000086700000, 0x0000000086800000, 0x0000000086800000|100%| O|  |TAMS 0x0000000086800000, 0x0000000086700000| Complete 
| 104|0x0000000086800000, 0x0000000086900000, 0x0000000086900000|100%| O|  |TAMS 0x0000000086900000, 0x0000000086800000| Complete 
| 105|0x0000000086900000, 0x0000000086a00000, 0x0000000086a00000|100%| O|  |TAMS 0x0000000086a00000, 0x0000000086900000| Untracked 
| 106|0x0000000086a00000, 0x0000000086b00000, 0x0000000086b00000|100%| O|  |TAMS 0x0000000086b00000, 0x0000000086a00000| Complete 
| 107|0x0000000086b00000, 0x0000000086c00000, 0x0000000086c00000|100%| O|  |TAMS 0x0000000086c00000, 0x0000000086b00000| Complete 
| 108|0x0000000086c00000, 0x0000000086d00000, 0x0000000086d00000|100%| O|  |TAMS 0x0000000086d00000, 0x0000000086c00000| Complete 
| 109|0x0000000086d00000, 0x0000000086e00000, 0x0000000086e00000|100%| O|  |TAMS 0x0000000086e00000, 0x0000000086d00000| Complete 
| 110|0x0000000086e00000, 0x0000000086eb5400, 0x0000000086f00000| 70%| O|  |TAMS 0x0000000086eb5400, 0x0000000086e00000| Untracked 
| 111|0x0000000086f00000, 0x0000000087000000, 0x0000000087000000|100%| O|  |TAMS 0x0000000087000000, 0x0000000086f00000| Complete 
| 112|0x0000000087000000, 0x0000000087000000, 0x0000000087100000|  0%| F|  |TAMS 0x0000000087000000, 0x0000000087000000| Untracked 
| 113|0x0000000087100000, 0x0000000087200000, 0x0000000087200000|100%| O|  |TAMS 0x0000000087200000, 0x0000000087100000| Complete 
| 114|0x0000000087200000, 0x0000000087300000, 0x0000000087300000|100%| O|  |TAMS 0x0000000087300000, 0x0000000087200000| Complete 
| 115|0x0000000087300000, 0x0000000087400000, 0x0000000087400000|100%| O|  |TAMS 0x0000000087400000, 0x0000000087300000| Complete 
| 116|0x0000000087400000, 0x0000000087500000, 0x0000000087500000|100%| O|  |TAMS 0x0000000087500000, 0x0000000087400000| Complete 
| 117|0x0000000087500000, 0x0000000087600000, 0x0000000087600000|100%| O|  |TAMS 0x0000000087600000, 0x0000000087500000| Complete 
| 118|0x0000000087600000, 0x0000000087700000, 0x0000000087700000|100%| O|  |TAMS 0x0000000087700000, 0x0000000087600000| Complete 
| 119|0x0000000087700000, 0x0000000087800000, 0x0000000087800000|100%| O|  |TAMS 0x0000000087800000, 0x0000000087700000| Complete 
| 120|0x0000000087800000, 0x0000000087900000, 0x0000000087900000|100%| O|  |TAMS 0x0000000087900000, 0x0000000087800000| Complete 
| 121|0x0000000087900000, 0x0000000087a00000, 0x0000000087a00000|100%| O|  |TAMS 0x0000000087a00000, 0x0000000087900000| Complete 
| 122|0x0000000087a00000, 0x0000000087b00000, 0x0000000087b00000|100%| O|  |TAMS 0x0000000087b00000, 0x0000000087a00000| Untracked 
| 123|0x0000000087b00000, 0x0000000087c00000, 0x0000000087c00000|100%| O|  |TAMS 0x0000000087c00000, 0x0000000087b00000| Complete 
| 124|0x0000000087c00000, 0x0000000087d00000, 0x0000000087d00000|100%| O|  |TAMS 0x0000000087d00000, 0x0000000087c00000| Untracked 
| 125|0x0000000087d00000, 0x0000000087d00000, 0x0000000087e00000|  0%| F|  |TAMS 0x0000000087d00000, 0x0000000087d00000| Untracked 
| 126|0x0000000087e00000, 0x0000000087f00000, 0x0000000087f00000|100%| O|  |TAMS 0x0000000087f00000, 0x0000000087e00000| Untracked 
| 127|0x0000000087f00000, 0x0000000088000000, 0x0000000088000000|100%| O|  |TAMS 0x0000000088000000, 0x0000000087f00000| Untracked 
| 128|0x0000000088000000, 0x0000000088100000, 0x0000000088100000|100%| O|  |TAMS 0x0000000088100000, 0x0000000088000000| Untracked 
| 129|0x0000000088100000, 0x0000000088200000, 0x0000000088200000|100%| O|  |TAMS 0x0000000088200000, 0x0000000088100000| Complete 
| 130|0x0000000088200000, 0x0000000088300000, 0x0000000088300000|100%| O|  |TAMS 0x0000000088300000, 0x0000000088200000| Untracked 
| 131|0x0000000088300000, 0x0000000088400000, 0x0000000088400000|100%| O|  |TAMS 0x0000000088400000, 0x0000000088300000| Untracked 
| 132|0x0000000088400000, 0x0000000088400000, 0x0000000088500000|  0%| F|  |TAMS 0x0000000088400000, 0x0000000088400000| Untracked 
| 133|0x0000000088500000, 0x0000000088600000, 0x0000000088600000|100%| O|  |TAMS 0x0000000088600000, 0x0000000088500000| Complete 
| 134|0x0000000088600000, 0x0000000088700000, 0x0000000088700000|100%| O|  |TAMS 0x0000000088700000, 0x0000000088600000| Complete 
| 135|0x0000000088700000, 0x0000000088700000, 0x0000000088800000|  0%| F|  |TAMS 0x0000000088700000, 0x0000000088700000| Untracked 
| 136|0x0000000088800000, 0x0000000088900000, 0x0000000088900000|100%| O|  |TAMS 0x0000000088900000, 0x0000000088800000| Untracked 
| 137|0x0000000088900000, 0x0000000088900000, 0x0000000088a00000|  0%| F|  |TAMS 0x0000000088900000, 0x0000000088900000| Untracked 
| 138|0x0000000088a00000, 0x0000000088b00000, 0x0000000088b00000|100%| O|  |TAMS 0x0000000088b00000, 0x0000000088a00000| Untracked 
| 139|0x0000000088b00000, 0x0000000088c00000, 0x0000000088c00000|100%| O|  |TAMS 0x0000000088c00000, 0x0000000088b00000| Untracked 
| 140|0x0000000088c00000, 0x0000000088c00000, 0x0000000088d00000|  0%| F|  |TAMS 0x0000000088c00000, 0x0000000088c00000| Untracked 
| 141|0x0000000088d00000, 0x0000000088d00000, 0x0000000088e00000|  0%| F|  |TAMS 0x0000000088d00000, 0x0000000088d00000| Untracked 
| 142|0x0000000088e00000, 0x0000000088e00000, 0x0000000088f00000|  0%| F|  |TAMS 0x0000000088e00000, 0x0000000088e00000| Untracked 
| 143|0x0000000088f00000, 0x0000000088f00000, 0x0000000089000000|  0%| F|  |TAMS 0x0000000088f00000, 0x0000000088f00000| Untracked 
| 144|0x0000000089000000, 0x0000000089000000, 0x0000000089100000|  0%| F|  |TAMS 0x0000000089000000, 0x0000000089000000| Untracked 
| 145|0x0000000089100000, 0x0000000089100000, 0x0000000089200000|  0%| F|  |TAMS 0x0000000089100000, 0x0000000089100000| Untracked 
| 146|0x0000000089200000, 0x0000000089200000, 0x0000000089300000|  0%| F|  |TAMS 0x0000000089200000, 0x0000000089200000| Untracked 
| 147|0x0000000089300000, 0x0000000089400000, 0x0000000089400000|100%| O|  |TAMS 0x0000000089400000, 0x0000000089300000| Untracked 
| 148|0x0000000089400000, 0x0000000089500000, 0x0000000089500000|100%| O|  |TAMS 0x0000000089500000, 0x0000000089400000| Complete 
| 149|0x0000000089500000, 0x0000000089600000, 0x0000000089600000|100%| O|  |TAMS 0x0000000089600000, 0x0000000089500000| Untracked 
| 150|0x0000000089600000, 0x0000000089600000, 0x0000000089700000|  0%| F|  |TAMS 0x0000000089600000, 0x0000000089600000| Untracked 
| 151|0x0000000089700000, 0x0000000089700000, 0x0000000089800000|  0%| F|  |TAMS 0x0000000089700000, 0x0000000089700000| Untracked 
| 152|0x0000000089800000, 0x0000000089900000, 0x0000000089900000|100%| O|  |TAMS 0x0000000089900000, 0x0000000089800000| Complete 
| 153|0x0000000089900000, 0x0000000089900000, 0x0000000089a00000|  0%| F|  |TAMS 0x0000000089900000, 0x0000000089900000| Untracked 
| 154|0x0000000089a00000, 0x0000000089a00000, 0x0000000089b00000|  0%| F|  |TAMS 0x0000000089a00000, 0x0000000089a00000| Untracked 
| 155|0x0000000089b00000, 0x0000000089b00000, 0x0000000089c00000|  0%| F|  |TAMS 0x0000000089b00000, 0x0000000089b00000| Untracked 
| 156|0x0000000089c00000, 0x0000000089d00000, 0x0000000089d00000|100%| O|  |TAMS 0x0000000089d00000, 0x0000000089c00000| Complete 
| 157|0x0000000089d00000, 0x0000000089e00000, 0x0000000089e00000|100%| O|  |TAMS 0x0000000089e00000, 0x0000000089d00000| Complete 
| 158|0x0000000089e00000, 0x0000000089f00000, 0x0000000089f00000|100%| O|  |TAMS 0x0000000089f00000, 0x0000000089e00000| Complete 
| 159|0x0000000089f00000, 0x000000008a000000, 0x000000008a000000|100%| O|  |TAMS 0x000000008a000000, 0x0000000089f00000| Complete 
| 160|0x000000008a000000, 0x000000008a000000, 0x000000008a100000|  0%| F|  |TAMS 0x000000008a000000, 0x000000008a000000| Untracked 
| 161|0x000000008a100000, 0x000000008a100000, 0x000000008a200000|  0%| F|  |TAMS 0x000000008a100000, 0x000000008a100000| Untracked 
| 162|0x000000008a200000, 0x000000008a200000, 0x000000008a300000|  0%| F|  |TAMS 0x000000008a200000, 0x000000008a200000| Untracked 
| 163|0x000000008a300000, 0x000000008a400000, 0x000000008a400000|100%| O|  |TAMS 0x000000008a400000, 0x000000008a300000| Untracked 
| 164|0x000000008a400000, 0x000000008a400000, 0x000000008a500000|  0%| F|  |TAMS 0x000000008a400000, 0x000000008a400000| Untracked 
| 165|0x000000008a500000, 0x000000008a500000, 0x000000008a600000|  0%| F|  |TAMS 0x000000008a500000, 0x000000008a500000| Untracked 
| 166|0x000000008a600000, 0x000000008a700000, 0x000000008a700000|100%| O|  |TAMS 0x000000008a700000, 0x000000008a600000| Complete 
| 167|0x000000008a700000, 0x000000008a700000, 0x000000008a800000|  0%| F|  |TAMS 0x000000008a700000, 0x000000008a700000| Untracked 
| 168|0x000000008a800000, 0x000000008a900000, 0x000000008a900000|100%|HS|  |TAMS 0x000000008a900000, 0x000000008a800000| Complete 
| 169|0x000000008a900000, 0x000000008aa00000, 0x000000008aa00000|100%|HC|  |TAMS 0x000000008aa00000, 0x000000008a900000| Complete 
| 170|0x000000008aa00000, 0x000000008ab00000, 0x000000008ab00000|100%|HC|  |TAMS 0x000000008ab00000, 0x000000008aa00000| Complete 
| 171|0x000000008ab00000, 0x000000008ab00000, 0x000000008ac00000|  0%| F|  |TAMS 0x000000008ab00000, 0x000000008ab00000| Untracked 
| 172|0x000000008ac00000, 0x000000008ac00000, 0x000000008ad00000|  0%| F|  |TAMS 0x000000008ac00000, 0x000000008ac00000| Untracked 
| 173|0x000000008ad00000, 0x000000008ae00000, 0x000000008ae00000|100%| O|  |TAMS 0x000000008ae00000, 0x000000008ad00000| Complete 
| 174|0x000000008ae00000, 0x000000008af00000, 0x000000008af00000|100%| O|  |TAMS 0x000000008af00000, 0x000000008ae00000| Complete 
| 175|0x000000008af00000, 0x000000008af00000, 0x000000008b000000|  0%| F|  |TAMS 0x000000008af00000, 0x000000008af00000| Untracked 
| 176|0x000000008b000000, 0x000000008b100000, 0x000000008b100000|100%| O|  |TAMS 0x000000008b100000, 0x000000008b000000| Complete 
| 177|0x000000008b100000, 0x000000008b200000, 0x000000008b200000|100%| O|  |TAMS 0x000000008b200000, 0x000000008b100000| Complete 
| 178|0x000000008b200000, 0x000000008b300000, 0x000000008b300000|100%| O|  |TAMS 0x000000008b300000, 0x000000008b200000| Complete 
| 179|0x000000008b300000, 0x000000008b400000, 0x000000008b400000|100%| O|  |TAMS 0x000000008b400000, 0x000000008b300000| Untracked 
| 180|0x000000008b400000, 0x000000008b500000, 0x000000008b500000|100%| O|  |TAMS 0x000000008b500000, 0x000000008b400000| Untracked 
| 181|0x000000008b500000, 0x000000008b600000, 0x000000008b600000|100%| O|  |TAMS 0x000000008b600000, 0x000000008b500000| Complete 
| 182|0x000000008b600000, 0x000000008b700000, 0x000000008b700000|100%| O|  |TAMS 0x000000008b700000, 0x000000008b600000| Complete 
| 183|0x000000008b700000, 0x000000008b800000, 0x000000008b800000|100%| O|  |TAMS 0x000000008b800000, 0x000000008b700000| Complete 
| 184|0x000000008b800000, 0x000000008b900000, 0x000000008b900000|100%| O|  |TAMS 0x000000008b900000, 0x000000008b800000| Complete 
| 185|0x000000008b900000, 0x000000008ba00000, 0x000000008ba00000|100%| O|  |TAMS 0x000000008ba00000, 0x000000008b900000| Untracked 
| 186|0x000000008ba00000, 0x000000008bb00000, 0x000000008bb00000|100%| O|  |TAMS 0x000000008bb00000, 0x000000008ba00000| Complete 
| 187|0x000000008bb00000, 0x000000008bc00000, 0x000000008bc00000|100%| O|  |TAMS 0x000000008bc00000, 0x000000008bb00000| Complete 
| 188|0x000000008bc00000, 0x000000008bd00000, 0x000000008bd00000|100%| O|  |TAMS 0x000000008bd00000, 0x000000008bc00000| Complete 
| 189|0x000000008bd00000, 0x000000008be00000, 0x000000008be00000|100%| O|  |TAMS 0x000000008be00000, 0x000000008bd00000| Complete 
| 190|0x000000008be00000, 0x000000008bf00000, 0x000000008bf00000|100%| O|  |TAMS 0x000000008bf00000, 0x000000008be00000| Complete 
| 191|0x000000008bf00000, 0x000000008c000000, 0x000000008c000000|100%| O|  |TAMS 0x000000008c000000, 0x000000008bf00000| Untracked 
| 192|0x000000008c000000, 0x000000008c100000, 0x000000008c100000|100%| O|  |TAMS 0x000000008c100000, 0x000000008c000000| Complete 
| 193|0x000000008c100000, 0x000000008c200000, 0x000000008c200000|100%| O|  |TAMS 0x000000008c200000, 0x000000008c100000| Complete 
| 194|0x000000008c200000, 0x000000008c300000, 0x000000008c300000|100%| O|  |TAMS 0x000000008c300000, 0x000000008c200000| Complete 
| 195|0x000000008c300000, 0x000000008c400000, 0x000000008c400000|100%| O|  |TAMS 0x000000008c400000, 0x000000008c300000| Complete 
| 196|0x000000008c400000, 0x000000008c500000, 0x000000008c500000|100%| O|  |TAMS 0x000000008c500000, 0x000000008c400000| Complete 
| 197|0x000000008c500000, 0x000000008c600000, 0x000000008c600000|100%| O|  |TAMS 0x000000008c600000, 0x000000008c500000| Untracked 
| 198|0x000000008c600000, 0x000000008c700000, 0x000000008c700000|100%| O|  |TAMS 0x000000008c700000, 0x000000008c600000| Untracked 
| 199|0x000000008c700000, 0x000000008c800000, 0x000000008c800000|100%| O|  |TAMS 0x000000008c800000, 0x000000008c700000| Untracked 
| 200|0x000000008c800000, 0x000000008c900000, 0x000000008c900000|100%| O|  |TAMS 0x000000008c900000, 0x000000008c800000| Complete 
| 201|0x000000008c900000, 0x000000008c900000, 0x000000008ca00000|  0%| F|  |TAMS 0x000000008c900000, 0x000000008c900000| Untracked 
| 202|0x000000008ca00000, 0x000000008ca00000, 0x000000008cb00000|  0%| F|  |TAMS 0x000000008ca00000, 0x000000008ca00000| Untracked 
| 203|0x000000008cb00000, 0x000000008cb00000, 0x000000008cc00000|  0%| F|  |TAMS 0x000000008cb00000, 0x000000008cb00000| Untracked 
| 204|0x000000008cc00000, 0x000000008cc00000, 0x000000008cd00000|  0%| F|  |TAMS 0x000000008cc00000, 0x000000008cc00000| Untracked 
| 205|0x000000008cd00000, 0x000000008cd00000, 0x000000008ce00000|  0%| F|  |TAMS 0x000000008cd00000, 0x000000008cd00000| Untracked 
| 206|0x000000008ce00000, 0x000000008ce00000, 0x000000008cf00000|  0%| F|  |TAMS 0x000000008ce00000, 0x000000008ce00000| Untracked 
| 207|0x000000008cf00000, 0x000000008cf00000, 0x000000008d000000|  0%| F|  |TAMS 0x000000008cf00000, 0x000000008cf00000| Untracked 
| 208|0x000000008d000000, 0x000000008d000000, 0x000000008d100000|  0%| F|  |TAMS 0x000000008d000000, 0x000000008d000000| Untracked 
| 209|0x000000008d100000, 0x000000008d100000, 0x000000008d200000|  0%| F|  |TAMS 0x000000008d100000, 0x000000008d100000| Untracked 
| 210|0x000000008d200000, 0x000000008d200000, 0x000000008d300000|  0%| F|  |TAMS 0x000000008d200000, 0x000000008d200000| Untracked 
| 211|0x000000008d300000, 0x000000008d300000, 0x000000008d400000|  0%| F|  |TAMS 0x000000008d300000, 0x000000008d300000| Untracked 
| 212|0x000000008d400000, 0x000000008d400000, 0x000000008d500000|  0%| F|  |TAMS 0x000000008d400000, 0x000000008d400000| Untracked 
| 213|0x000000008d500000, 0x000000008d500000, 0x000000008d600000|  0%| F|  |TAMS 0x000000008d500000, 0x000000008d500000| Untracked 
| 214|0x000000008d600000, 0x000000008d600000, 0x000000008d700000|  0%| F|  |TAMS 0x000000008d600000, 0x000000008d600000| Untracked 
| 215|0x000000008d700000, 0x000000008d800000, 0x000000008d800000|100%| S|CS|TAMS 0x000000008d700000, 0x000000008d700000| Complete 
| 216|0x000000008d800000, 0x000000008d900000, 0x000000008d900000|100%| S|CS|TAMS 0x000000008d800000, 0x000000008d800000| Complete 
| 217|0x000000008d900000, 0x000000008da00000, 0x000000008da00000|100%| S|CS|TAMS 0x000000008d900000, 0x000000008d900000| Complete 
| 218|0x000000008da00000, 0x000000008db00000, 0x000000008db00000|100%| S|CS|TAMS 0x000000008da00000, 0x000000008da00000| Complete 
| 219|0x000000008db00000, 0x000000008dc00000, 0x000000008dc00000|100%| S|CS|TAMS 0x000000008db00000, 0x000000008db00000| Complete 
| 220|0x000000008dc00000, 0x000000008dc00000, 0x000000008dd00000|  0%| F|  |TAMS 0x000000008dc00000, 0x000000008dc00000| Untracked 
| 221|0x000000008dd00000, 0x000000008dd00000, 0x000000008de00000|  0%| F|  |TAMS 0x000000008dd00000, 0x000000008dd00000| Untracked 
| 222|0x000000008de00000, 0x000000008de00000, 0x000000008df00000|  0%| F|  |TAMS 0x000000008de00000, 0x000000008de00000| Untracked 
| 223|0x000000008df00000, 0x000000008df00000, 0x000000008e000000|  0%| F|  |TAMS 0x000000008df00000, 0x000000008df00000| Untracked 
| 224|0x000000008e000000, 0x000000008e000000, 0x000000008e100000|  0%| F|  |TAMS 0x000000008e000000, 0x000000008e000000| Untracked 
| 225|0x000000008e100000, 0x000000008e100000, 0x000000008e200000|  0%| F|  |TAMS 0x000000008e100000, 0x000000008e100000| Untracked 
| 226|0x000000008e200000, 0x000000008e200000, 0x000000008e300000|  0%| F|  |TAMS 0x000000008e200000, 0x000000008e200000| Untracked 
| 227|0x000000008e300000, 0x000000008e300000, 0x000000008e400000|  0%| F|  |TAMS 0x000000008e300000, 0x000000008e300000| Untracked 
| 228|0x000000008e400000, 0x000000008e400000, 0x000000008e500000|  0%| F|  |TAMS 0x000000008e400000, 0x000000008e400000| Untracked 
| 229|0x000000008e500000, 0x000000008e500000, 0x000000008e600000|  0%| F|  |TAMS 0x000000008e500000, 0x000000008e500000| Untracked 
| 230|0x000000008e600000, 0x000000008e600000, 0x000000008e700000|  0%| F|  |TAMS 0x000000008e600000, 0x000000008e600000| Untracked 
| 231|0x000000008e700000, 0x000000008e700000, 0x000000008e800000|  0%| F|  |TAMS 0x000000008e700000, 0x000000008e700000| Untracked 
| 232|0x000000008e800000, 0x000000008e800000, 0x000000008e900000|  0%| F|  |TAMS 0x000000008e800000, 0x000000008e800000| Untracked 
| 233|0x000000008e900000, 0x000000008e900000, 0x000000008ea00000|  0%| F|  |TAMS 0x000000008e900000, 0x000000008e900000| Untracked 
| 234|0x000000008ea00000, 0x000000008ea00000, 0x000000008eb00000|  0%| F|  |TAMS 0x000000008ea00000, 0x000000008ea00000| Untracked 
| 235|0x000000008eb00000, 0x000000008eb00000, 0x000000008ec00000|  0%| F|  |TAMS 0x000000008eb00000, 0x000000008eb00000| Untracked 
| 236|0x000000008ec00000, 0x000000008ec00000, 0x000000008ed00000|  0%| F|  |TAMS 0x000000008ec00000, 0x000000008ec00000| Untracked 
| 237|0x000000008ed00000, 0x000000008ed00000, 0x000000008ee00000|  0%| F|  |TAMS 0x000000008ed00000, 0x000000008ed00000| Untracked 
| 238|0x000000008ee00000, 0x000000008ee8bd58, 0x000000008ef00000| 54%| E|  |TAMS 0x000000008ee00000, 0x000000008ee00000| Complete 
| 239|0x000000008ef00000, 0x000000008f000000, 0x000000008f000000|100%| E|CS|TAMS 0x000000008ef00000, 0x000000008ef00000| Complete 
| 240|0x000000008f000000, 0x000000008f100000, 0x000000008f100000|100%| E|CS|TAMS 0x000000008f000000, 0x000000008f000000| Complete 
| 241|0x000000008f100000, 0x000000008f200000, 0x000000008f200000|100%| E|CS|TAMS 0x000000008f100000, 0x000000008f100000| Complete 
| 242|0x000000008f200000, 0x000000008f300000, 0x000000008f300000|100%| E|CS|TAMS 0x000000008f200000, 0x000000008f200000| Complete 
| 243|0x000000008f300000, 0x000000008f400000, 0x000000008f400000|100%| E|CS|TAMS 0x000000008f300000, 0x000000008f300000| Complete 
| 244|0x000000008f400000, 0x000000008f500000, 0x000000008f500000|100%| E|CS|TAMS 0x000000008f400000, 0x000000008f400000| Complete 
| 245|0x000000008f500000, 0x000000008f600000, 0x000000008f600000|100%| E|CS|TAMS 0x000000008f500000, 0x000000008f500000| Complete 
| 246|0x000000008f600000, 0x000000008f700000, 0x000000008f700000|100%| E|CS|TAMS 0x000000008f600000, 0x000000008f600000| Complete 
| 247|0x000000008f700000, 0x000000008f800000, 0x000000008f800000|100%| E|CS|TAMS 0x000000008f700000, 0x000000008f700000| Complete 
| 248|0x000000008f800000, 0x000000008f900000, 0x000000008f900000|100%| E|CS|TAMS 0x000000008f800000, 0x000000008f800000| Complete 
| 249|0x000000008f900000, 0x000000008fa00000, 0x000000008fa00000|100%| E|CS|TAMS 0x000000008f900000, 0x000000008f900000| Complete 
| 250|0x000000008fa00000, 0x000000008fb00000, 0x000000008fb00000|100%| E|CS|TAMS 0x000000008fa00000, 0x000000008fa00000| Complete 
| 251|0x000000008fb00000, 0x000000008fc00000, 0x000000008fc00000|100%| E|CS|TAMS 0x000000008fb00000, 0x000000008fb00000| Complete 
| 252|0x000000008fc00000, 0x000000008fd00000, 0x000000008fd00000|100%| E|CS|TAMS 0x000000008fc00000, 0x000000008fc00000| Complete 
| 253|0x000000008fd00000, 0x000000008fe00000, 0x000000008fe00000|100%| E|  |TAMS 0x000000008fd00000, 0x000000008fd00000| Complete 

Card table byte_map: [0x0000027a36510000,0x0000027a36910000] _byte_map_base: 0x0000027a36110000

Marking Bits (Prev, Next): (CMBitMap*) 0x0000027a232fe808, (CMBitMap*) 0x0000027a232fe840
 Prev Bits: [0x0000027a36d10000, 0x0000027a38d10000)
 Next Bits: [0x0000027a38d10000, 0x0000027a3ad10000)

Polling page: 0x0000027a212e0000

Metaspace:

Usage:
  Non-class:    133.22 MB capacity,   130.22 MB ( 98%) used,     2.49 MB (  2%) free+waste,   532.50 KB ( <1%) overhead. 
      Class:     20.37 MB capacity,    18.67 MB ( 92%) used,     1.46 MB (  7%) free+waste,   238.69 KB (  1%) overhead. 
       Both:    153.59 MB capacity,   148.89 MB ( 97%) used,     3.95 MB (  3%) free+waste,   771.19 KB ( <1%) overhead. 

Virtual space:
  Non-class space:      134.00 MB reserved,     133.38 MB (>99%) committed 
      Class space:        1.00 GB reserved,      20.45 MB (  2%) committed 
             Both:        1.13 GB reserved,     153.83 MB ( 13%) committed 

Chunk freelists:
   Non-Class:  37.00 KB
       Class:  71.00 KB
        Both:  108.00 KB

MaxMetaspaceSize: 17179869184.00 GB
CompressedClassSpaceSize: 1.00 GB
Initial GC threshold: 20.80 MB
Current GC threshold: 256.39 MB
CDS: off

CodeHeap 'non-profiled nmethods': size=120000Kb used=15761Kb max_used=15761Kb free=104238Kb
 bounds [0x0000027a2e8a0000, 0x0000027a2f810000, 0x0000027a35dd0000]
CodeHeap 'profiled nmethods': size=120000Kb used=47027Kb max_used=47027Kb free=72972Kb
 bounds [0x0000027a27370000, 0x0000027a2a160000, 0x0000027a2e8a0000]
CodeHeap 'non-nmethods': size=5760Kb used=2526Kb max_used=2597Kb free=3233Kb
 bounds [0x0000027a26dd0000, 0x0000027a27060000, 0x0000027a27370000]
 total_blobs=22233 nmethods=21167 adapters=977
 compilation: enabled
              stopped_count=0, restarted_count=0
 full_count=0

Compilation events (20 events):
Event: 1831.100 Thread 0x0000027a3e040800 23035       1       org.jetbrains.kotlin.gradle.internal.Kapt3GradleSubplugin$Companion$BooleanOption::getDefaultValue (5 bytes)
Event: 1831.100 Thread 0x0000027a3e040800 nmethod 23035 0x0000027a2f7ea510 code [0x0000027a2f7ea6c0, 0x0000027a2f7ea778]
Event: 1831.102 Thread 0x0000027a3e040800 23037       3       org.gradle.api.internal.collections.ListElementSource::listIterator (17 bytes)
Event: 1831.103 Thread 0x0000027a3e040800 nmethod 23037 0x0000027a2a15dc10 code [0x0000027a2a15dde0, 0x0000027a2a15e0e8]
Event: 1831.103 Thread 0x0000027a3e040800 23038       3       org.gradle.api.internal.collections.ListElementSource$RealizedElementListIterator::<init> (23 bytes)
Event: 1831.103 Thread 0x0000027a3e040800 nmethod 23038 0x0000027a2a15e210 code [0x0000027a2a15e3c0, 0x0000027a2a15e568]
Event: 1831.116 Thread 0x0000027a3e040800 23039       3       org.gradle.api.internal.attributes.AttributeDesugaring$$Lambda$433/0x0000000100599440::apply (12 bytes)
Event: 1831.116 Thread 0x0000027a3e040800 nmethod 23039 0x0000027a2a15e610 code [0x0000027a2a15e7e0, 0x0000027a2a15ea28]
Event: 1831.290 Thread 0x0000027a3e040800 23042       3       kotlin.InitializedLazyImpl::<init> (10 bytes)
Event: 1831.290 Thread 0x0000027a3e040800 nmethod 23042 0x0000027a2a15eb10 code [0x0000027a2a15ecc0, 0x0000027a2a15ee78]
Event: 1831.290 Thread 0x0000027a3e040800 23044       3       org.jetbrains.kotlin.gradle.internal.Kapt3GradleSubplugin$Companion::getKAPT_SUBPLUGIN_ID (4 bytes)
Event: 1831.291 Thread 0x0000027a3e040800 nmethod 23044 0x0000027a2a15ef10 code [0x0000027a2a15f0c0, 0x0000027a2a15f218]
Event: 1831.291 Thread 0x0000027a3e040800 23043       3       kotlin.LazyKt__LazyKt::lazyOf (12 bytes)
Event: 1831.291 Thread 0x0000027a3e040800 nmethod 23043 0x0000027a2a15f310 code [0x0000027a2a15f4e0, 0x0000027a2a15f738]
Event: 1831.334 Thread 0x0000027a419ab000 nmethod 23015 0x0000027a2f7ea810 code [0x0000027a2f7eac80, 0x0000027a2f7eecb0]
Event: 1831.335 Thread 0x0000027a419ab000 23045       4       java.util.Collections::singleton (9 bytes)
Event: 1831.340 Thread 0x0000027a419ab000 nmethod 23045 0x0000027a2f7f1290 code [0x0000027a2f7f1420, 0x0000027a2f7f1558]
Event: 1831.340 Thread 0x0000027a419ab000 23040       4       org.gradle.internal.serialize.kryo.StringDeduplicatingKryoBackedEncoder::writeBoolean (9 bytes)
Event: 1831.343 Thread 0x0000027a419ab000 nmethod 23040 0x0000027a2f7f1610 code [0x0000027a2f7f17a0, 0x0000027a2f7f1878]
Event: 1831.343 Thread 0x0000027a419ab000 23016       4       org.gradle.internal.Pair::of (10 bytes)

GC Heap History (20 events):
Event: 1647.395 GC heap before
{Heap before GC invocations=57 (full 0):
 garbage-first heap   total 260096K, used 215792K [0x0000000080000000, 0x0000000100000000)
  region size 1024K, 31 young (31744K), 2 survivors (2048K)
 Metaspace       used 149089K, capacity 153692K, committed 153940K, reserved 1183744K
  class space    used 18806K, capacity 20506K, committed 20684K, reserved 1048576K
}
Event: 1647.401 GC heap after
{Heap after GC invocations=58 (full 0):
 garbage-first heap   total 260096K, used 186203K [0x0000000080000000, 0x0000000100000000)
  region size 1024K, 3 young (3072K), 3 survivors (3072K)
 Metaspace       used 149089K, capacity 153692K, committed 153940K, reserved 1183744K
  class space    used 18806K, capacity 20506K, committed 20684K, reserved 1048576K
}
Event: 1649.376 GC heap before
{Heap before GC invocations=58 (full 0):
 garbage-first heap   total 260096K, used 213851K [0x0000000080000000, 0x0000000100000000)
  region size 1024K, 32 young (32768K), 3 survivors (3072K)
 Metaspace       used 151264K, capacity 155946K, committed 156244K, reserved 1185792K
  class space    used 19060K, capacity 20777K, committed 20940K, reserved 1048576K
}
Event: 1649.388 GC heap after
{Heap after GC invocations=59 (full 0):
 garbage-first heap   total 260096K, used 188370K [0x0000000080000000, 0x0000000100000000)
  region size 1024K, 5 young (5120K), 5 survivors (5120K)
 Metaspace       used 151264K, capacity 155946K, committed 156244K, reserved 1185792K
  class space    used 19060K, capacity 20777K, committed 20940K, reserved 1048576K
}
Event: 1784.742 GC heap before
{Heap before GC invocations=60 (full 0):
 garbage-first heap   total 260096K, used 228306K [0x0000000080000000, 0x0000000100000000)
  region size 1024K, 34 young (34816K), 5 survivors (5120K)
 Metaspace       used 151804K, capacity 156624K, committed 157012K, reserved 1185792K
  class space    used 19113K, capacity 20844K, committed 20940K, reserved 1048576K
}
Event: 1784.756 GC heap after
{Heap after GC invocations=61 (full 0):
 garbage-first heap   total 260096K, used 190046K [0x0000000080000000, 0x0000000100000000)
  region size 1024K, 3 young (3072K), 3 survivors (3072K)
 Metaspace       used 151804K, capacity 156624K, committed 157012K, reserved 1185792K
  class space    used 19113K, capacity 20844K, committed 20940K, reserved 1048576K
}
Event: 1785.003 GC heap before
{Heap before GC invocations=61 (full 0):
 garbage-first heap   total 260096K, used 198238K [0x0000000080000000, 0x0000000100000000)
  region size 1024K, 12 young (12288K), 3 survivors (3072K)
 Metaspace       used 151820K, capacity 156637K, committed 157012K, reserved 1185792K
  class space    used 19114K, capacity 20845K, committed 20940K, reserved 1048576K
}
Event: 1785.029 GC heap after
{Heap after GC invocations=62 (full 0):
 garbage-first heap   total 260096K, used 187412K [0x0000000080000000, 0x0000000100000000)
  region size 1024K, 1 young (1024K), 1 survivors (1024K)
 Metaspace       used 151820K, capacity 156637K, committed 157012K, reserved 1185792K
  class space    used 19114K, capacity 20845K, committed 20940K, reserved 1048576K
}
Event: 1786.981 GC heap before
{Heap before GC invocations=62 (full 0):
 garbage-first heap   total 260096K, used 218132K [0x0000000080000000, 0x0000000100000000)
  region size 1024K, 32 young (32768K), 1 survivors (1024K)
 Metaspace       used 152070K, capacity 156892K, committed 157012K, reserved 1185792K
  class space    used 19120K, capacity 20857K, committed 20940K, reserved 1048576K
}
Event: 1786.999 GC heap after
{Heap after GC invocations=63 (full 0):
 garbage-first heap   total 260096K, used 192622K [0x0000000080000000, 0x0000000100000000)
  region size 1024K, 4 young (4096K), 4 survivors (4096K)
 Metaspace       used 152070K, capacity 156892K, committed 157012K, reserved 1185792K
  class space    used 19120K, capacity 20857K, committed 20940K, reserved 1048576K
}
Event: 1788.443 GC heap before
{Heap before GC invocations=63 (full 0):
 garbage-first heap   total 260096K, used 220270K [0x0000000080000000, 0x0000000100000000)
  region size 1024K, 32 young (32768K), 4 survivors (4096K)
 Metaspace       used 152146K, capacity 156980K, committed 157268K, reserved 1185792K
  class space    used 19124K, capacity 20863K, committed 20940K, reserved 1048576K
}
Event: 1788.503 GC heap after
{Heap after GC invocations=64 (full 0):
 garbage-first heap   total 260096K, used 194779K [0x0000000080000000, 0x0000000100000000)
  region size 1024K, 2 young (2048K), 2 survivors (2048K)
 Metaspace       used 152146K, capacity 156980K, committed 157268K, reserved 1185792K
  class space    used 19124K, capacity 20863K, committed 20940K, reserved 1048576K
}
Event: 1827.755 GC heap before
{Heap before GC invocations=65 (full 0):
 garbage-first heap   total 260096K, used 221403K [0x0000000080000000, 0x0000000100000000)
  region size 1024K, 29 young (29696K), 2 survivors (2048K)
 Metaspace       used 152190K, capacity 156931K, committed 157268K, reserved 1185792K
  class space    used 19109K, capacity 20838K, committed 20940K, reserved 1048576K
}
Event: 1827.771 GC heap after
{Heap after GC invocations=66 (full 0):
 garbage-first heap   total 260096K, used 197357K [0x0000000080000000, 0x0000000100000000)
  region size 1024K, 4 young (4096K), 4 survivors (4096K)
 Metaspace       used 152190K, capacity 156931K, committed 157268K, reserved 1185792K
  class space    used 19109K, capacity 20838K, committed 20940K, reserved 1048576K
}
Event: 1828.021 GC heap before
{Heap before GC invocations=66 (full 0):
 garbage-first heap   total 260096K, used 204525K [0x0000000080000000, 0x0000000100000000)
  region size 1024K, 12 young (12288K), 4 survivors (4096K)
 Metaspace       used 152193K, capacity 156931K, committed 157268K, reserved 1185792K
  class space    used 19109K, capacity 20838K, committed 20940K, reserved 1048576K
}
Event: 1828.059 GC heap after
{Heap after GC invocations=67 (full 0):
 garbage-first heap   total 260096K, used 179958K [0x0000000080000000, 0x0000000100000000)
  region size 1024K, 2 young (2048K), 2 survivors (2048K)
 Metaspace       used 152193K, capacity 156931K, committed 157268K, reserved 1185792K
  class space    used 19109K, capacity 20838K, committed 20940K, reserved 1048576K
}
Event: 1828.377 GC heap before
{Heap before GC invocations=67 (full 0):
 garbage-first heap   total 260096K, used 190198K [0x0000000080000000, 0x0000000100000000)
  region size 1024K, 12 young (12288K), 2 survivors (2048K)
 Metaspace       used 152212K, capacity 156931K, committed 157268K, reserved 1185792K
  class space    used 19109K, capacity 20838K, committed 20940K, reserved 1048576K
}
Event: 1828.402 GC heap after
{Heap after GC invocations=68 (full 0):
 garbage-first heap   total 260096K, used 181382K [0x0000000080000000, 0x0000000100000000)
  region size 1024K, 2 young (2048K), 2 survivors (2048K)
 Metaspace       used 152212K, capacity 156931K, committed 157268K, reserved 1185792K
  class space    used 19109K, capacity 20838K, committed 20940K, reserved 1048576K
}
Event: 1830.012 GC heap before
{Heap before GC invocations=68 (full 0):
 garbage-first heap   total 260096K, used 213126K [0x0000000080000000, 0x0000000100000000)
  region size 1024K, 34 young (34816K), 2 survivors (2048K)
 Metaspace       used 152429K, capacity 157261K, committed 157524K, reserved 1185792K
  class space    used 19118K, capacity 20853K, committed 20940K, reserved 1048576K
}
Event: 1830.082 GC heap after
{Heap after GC invocations=69 (full 0):
 garbage-first heap   total 260096K, used 186069K [0x0000000080000000, 0x0000000100000000)
  region size 1024K, 5 young (5120K), 5 survivors (5120K)
 Metaspace       used 152429K, capacity 157261K, committed 157524K, reserved 1185792K
  class space    used 19118K, capacity 20853K, committed 20940K, reserved 1048576K
}

Deoptimization events (20 events):
Event: 1828.114 Thread 0x0000027a40c72000 Uncommon trap: trap_request=0xffffff4d fr.pc=0x0000027a2f0c0928 relative=0x00000000000009a8
Event: 1828.114 Thread 0x0000027a40c72000 Uncommon trap: reason=unstable_if action=reinterpret pc=0x0000027a2f0c0928 method=java.util.concurrent.ConcurrentLinkedQueue.poll()Ljava/lang/Object; @ 24 c2
Event: 1828.114 Thread 0x0000027a40c72000 DEOPT PACKING pc=0x0000027a2f0c0928 sp=0x00000089f28fed90
Event: 1828.114 Thread 0x0000027a40c72000 DEOPT UNPACKING pc=0x0000027a26e1a1af sp=0x00000089f28fecd8 mode 2
Event: 1828.119 Thread 0x0000027a40c6f800 Uncommon trap: trap_request=0xffffff4d fr.pc=0x0000027a2ebde5ec relative=0x00000000000004ac
Event: 1828.119 Thread 0x0000027a40c6f800 Uncommon trap: reason=unstable_if action=reinterpret pc=0x0000027a2ebde5ec method=java.util.concurrent.ConcurrentLinkedQueue.poll()Ljava/lang/Object; @ 24 c2
Event: 1828.119 Thread 0x0000027a40c6f800 DEOPT PACKING pc=0x0000027a2ebde5ec sp=0x00000089f2cfe5b0
Event: 1828.119 Thread 0x0000027a40c6f800 DEOPT UNPACKING pc=0x0000027a26e1a1af sp=0x00000089f2cfe568 mode 2
Event: 1829.244 Thread 0x0000027a41917000 Uncommon trap: trap_request=0xffffffde fr.pc=0x0000027a2f0c6778 relative=0x00000000000000b8
Event: 1829.244 Thread 0x0000027a41917000 Uncommon trap: reason=class_check action=maybe_recompile pc=0x0000027a2f0c6778 method=java.util.stream.ReferencePipeline$4$1.accept(Ljava/lang/Object;)V @ 12 c2
Event: 1829.244 Thread 0x0000027a41917000 DEOPT PACKING pc=0x0000027a2f0c6778 sp=0x00000089f14fb7e0
Event: 1829.244 Thread 0x0000027a41917000 DEOPT UNPACKING pc=0x0000027a26e1a1af sp=0x00000089f14fb760 mode 2
Event: 1829.284 Thread 0x0000027a41917000 Uncommon trap: trap_request=0xffffffdc fr.pc=0x0000027a2f79b588 relative=0x0000000000000328
Event: 1829.284 Thread 0x0000027a41917000 Uncommon trap: reason=class_check action=make_not_entrant pc=0x0000027a2f79b588 method=com.google.common.collect.Platform.copy([Ljava/lang/Object;II[Ljava/lang/Object;)[Ljava/lang/Object; @ 7 c2
Event: 1829.284 Thread 0x0000027a41917000 DEOPT PACKING pc=0x0000027a2f79b588 sp=0x00000089f14faaa0
Event: 1829.284 Thread 0x0000027a41917000 DEOPT UNPACKING pc=0x0000027a26e1a1af sp=0x00000089f14fa9c0 mode 2
Event: 1830.655 Thread 0x0000027a3e7d6800 Uncommon trap: trap_request=0xffffffc6 fr.pc=0x0000027a2f0d8540 relative=0x00000000000002e0
Event: 1830.655 Thread 0x0000027a3e7d6800 Uncommon trap: reason=bimorphic_or_optimized_type_check action=maybe_recompile pc=0x0000027a2f0d8540 method=org.gradle.internal.snapshot.ChildMapFactory.childMapFromSorted(Ljava/util/List;)Lorg/gradle/internal/snapshot/ChildMap; @ 1 c2
Event: 1830.655 Thread 0x0000027a3e7d6800 DEOPT PACKING pc=0x0000027a2f0d8540 sp=0x00000089f8cfcb30
Event: 1830.655 Thread 0x0000027a3e7d6800 DEOPT UNPACKING pc=0x0000027a26e1a1af sp=0x00000089f8cfcaf8 mode 2

Classes redefined (0 events):
No events

Internal exceptions (20 events):
Event: 1650.088 Thread 0x0000027a4140f000 Exception <a 'sun/nio/fs/WindowsException'{0x000000008fa4a6f0}> (0x000000008fa4a6f0) thrown at [./src/hotspot/share/prims/jni.cpp, line 615]
Event: 1785.058 Thread 0x0000027a41917000 Exception <a 'sun/nio/fs/WindowsException'{0x000000008fd9bd98}> (0x000000008fd9bd98) thrown at [./src/hotspot/share/prims/jni.cpp, line 615]
Event: 1785.181 Thread 0x0000027a41917000 Implicit null exception at 0x0000027a2f3db161 to 0x0000027a2f3db268
Event: 1786.012 Thread 0x0000027a41917000 Exception <a 'sun/nio/fs/WindowsException'{0x000000008eec94c8}> (0x000000008eec94c8) thrown at [./src/hotspot/share/prims/jni.cpp, line 615]
Event: 1786.088 Thread 0x0000027a41917000 Exception <a 'sun/nio/fs/WindowsException'{0x000000008ed6cb80}> (0x000000008ed6cb80) thrown at [./src/hotspot/share/prims/jni.cpp, line 615]
Event: 1786.088 Thread 0x0000027a41917000 Exception <a 'sun/nio/fs/WindowsException'{0x000000008ed6def8}> (0x000000008ed6def8) thrown at [./src/hotspot/share/prims/jni.cpp, line 615]
Event: 1786.089 Thread 0x0000027a41917000 Exception <a 'sun/nio/fs/WindowsException'{0x000000008ed6f2c0}> (0x000000008ed6f2c0) thrown at [./src/hotspot/share/prims/jni.cpp, line 615]
Event: 1786.090 Thread 0x0000027a41917000 Exception <a 'sun/nio/fs/WindowsException'{0x000000008ed70688}> (0x000000008ed70688) thrown at [./src/hotspot/share/prims/jni.cpp, line 615]
Event: 1786.380 Thread 0x0000027a41917000 Exception <a 'sun/nio/fs/WindowsException'{0x000000008e9e1378}> (0x000000008e9e1378) thrown at [./src/hotspot/share/prims/jni.cpp, line 615]
Event: 1789.318 Thread 0x0000027a41917000 Exception <a 'sun/nio/fs/WindowsException'{0x000000008ef0bc68}> (0x000000008ef0bc68) thrown at [./src/hotspot/share/prims/jni.cpp, line 615]
Event: 1789.318 Thread 0x0000027a41917000 Exception <a 'sun/nio/fs/WindowsException'{0x000000008ef0be18}> (0x000000008ef0be18) thrown at [./src/hotspot/share/prims/jni.cpp, line 615]
Event: 1789.319 Thread 0x0000027a41917000 Exception <a 'sun/nio/fs/WindowsException'{0x000000008ef0d7f8}> (0x000000008ef0d7f8) thrown at [./src/hotspot/share/prims/jni.cpp, line 615]
Event: 1789.334 Thread 0x0000027a468e9000 Exception <a 'sun/nio/fs/WindowsException'{0x000000008ef3b528}> (0x000000008ef3b528) thrown at [./src/hotspot/share/prims/jni.cpp, line 615]
Event: 1828.300 Thread 0x0000027a41917000 Exception <a 'sun/nio/fs/WindowsException'{0x000000008f331360}> (0x000000008f331360) thrown at [./src/hotspot/share/prims/jni.cpp, line 615]
Event: 1828.913 Thread 0x0000027a41917000 Exception <a 'sun/nio/fs/WindowsException'{0x000000008f4f3cc8}> (0x000000008f4f3cc8) thrown at [./src/hotspot/share/prims/jni.cpp, line 615]
Event: 1828.939 Thread 0x0000027a41917000 Exception <a 'sun/nio/fs/WindowsException'{0x000000008f390b38}> (0x000000008f390b38) thrown at [./src/hotspot/share/prims/jni.cpp, line 615]
Event: 1828.939 Thread 0x0000027a41917000 Exception <a 'sun/nio/fs/WindowsException'{0x000000008f391eb0}> (0x000000008f391eb0) thrown at [./src/hotspot/share/prims/jni.cpp, line 615]
Event: 1828.939 Thread 0x0000027a41917000 Exception <a 'sun/nio/fs/WindowsException'{0x000000008f393278}> (0x000000008f393278) thrown at [./src/hotspot/share/prims/jni.cpp, line 615]
Event: 1828.940 Thread 0x0000027a41917000 Exception <a 'sun/nio/fs/WindowsException'{0x000000008f3948c0}> (0x000000008f3948c0) thrown at [./src/hotspot/share/prims/jni.cpp, line 615]
Event: 1829.305 Thread 0x0000027a41917000 Exception <a 'sun/nio/fs/WindowsException'{0x000000008ea39388}> (0x000000008ea39388) thrown at [./src/hotspot/share/prims/jni.cpp, line 615]

Events (20 events):
Event: 1830.657 Executing VM operation: RevokeBias
Event: 1830.659 Executing VM operation: RevokeBias done
Event: 1830.722 Executing VM operation: RevokeBias
Event: 1830.724 Executing VM operation: RevokeBias done
Event: 1830.849 Executing VM operation: RevokeBias
Event: 1830.850 Executing VM operation: RevokeBias done
Event: 1830.850 Executing VM operation: CGC_Operation
Event: 1830.851 Executing VM operation: CGC_Operation done
Event: 1830.853 Executing VM operation: RevokeBias
Event: 1830.853 Executing VM operation: RevokeBias done
Event: 1830.855 Executing VM operation: RevokeBias
Event: 1830.856 Executing VM operation: RevokeBias done
Event: 1831.014 Executing VM operation: RevokeBias
Event: 1831.015 Executing VM operation: RevokeBias done
Event: 1831.039 Executing VM operation: RevokeBias
Event: 1831.041 Executing VM operation: RevokeBias done
Event: 1831.045 Executing VM operation: RevokeBias
Event: 1831.045 Executing VM operation: RevokeBias done
Event: 1831.105 Executing VM operation: RevokeBias
Event: 1831.106 Executing VM operation: RevokeBias done


Dynamic libraries:
0x00007ff6cb010000 - 0x00007ff6cb01a000 	D:\Software\Android studio\jre\bin\java.exe
0x00007fff61a90000 - 0x00007fff61c88000 	C:\WINDOWS\SYSTEM32\ntdll.dll
0x00007fff61600000 - 0x00007fff616bd000 	C:\WINDOWS\System32\KERNEL32.DLL
0x00007fff5f1a0000 - 0x00007fff5f472000 	C:\WINDOWS\System32\KERNELBASE.dll
0x00007fff5f4f0000 - 0x00007fff5f5f0000 	C:\WINDOWS\System32\ucrtbase.dll
0x00007fff43460000 - 0x00007fff43479000 	D:\Software\Android studio\jre\bin\jli.dll
0x00007fff60370000 - 0x00007fff6050d000 	C:\WINDOWS\System32\USER32.dll
0x00007fff3e840000 - 0x00007fff3eada000 	C:\WINDOWS\WinSxS\amd64_microsoft.windows.common-controls_6595b64144ccf1df_6.0.19041.1110_none_60b5254171f9507e\COMCTL32.dll
0x00007fff5f730000 - 0x00007fff5f752000 	C:\WINDOWS\System32\win32u.dll
0x00007fff60510000 - 0x00007fff605ae000 	C:\WINDOWS\System32\msvcrt.dll
0x00007fff60870000 - 0x00007fff6089b000 	C:\WINDOWS\System32\GDI32.dll
0x00007fff5f5f0000 - 0x00007fff5f6ff000 	C:\WINDOWS\System32\gdi32full.dll
0x00007fff42f20000 - 0x00007fff42f37000 	D:\Software\Android studio\jre\bin\VCRUNTIME140.dll
0x00007fff5f910000 - 0x00007fff5f9ad000 	C:\WINDOWS\System32\msvcp_win.dll
0x00007fff61a20000 - 0x00007fff61a50000 	C:\WINDOWS\System32\IMM32.DLL
0x00007fff2a640000 - 0x00007fff2a6dd000 	D:\Software\Android studio\jre\bin\msvcp140.dll
0x00007fff129c0000 - 0x00007fff134a5000 	D:\Software\Android studio\jre\bin\server\jvm.dll
0x00007fff605b0000 - 0x00007fff6065e000 	C:\WINDOWS\System32\ADVAPI32.dll
0x00007fff61720000 - 0x00007fff617bc000 	C:\WINDOWS\System32\sechost.dll
0x00007fff5faf0000 - 0x00007fff5fc15000 	C:\WINDOWS\System32\RPCRT4.dll
0x00007fff614d0000 - 0x00007fff614d8000 	C:\WINDOWS\System32\PSAPI.DLL
0x00007fff5c060000 - 0x00007fff5c069000 	C:\WINDOWS\SYSTEM32\WSOCK32.dll
0x00007fff4b870000 - 0x00007fff4b897000 	C:\WINDOWS\SYSTEM32\WINMM.dll
0x00007fff589d0000 - 0x00007fff589da000 	C:\WINDOWS\SYSTEM32\VERSION.dll
0x00007fff60720000 - 0x00007fff6078b000 	C:\WINDOWS\System32\WS2_32.dll
0x00007fff5d060000 - 0x00007fff5d072000 	C:\WINDOWS\SYSTEM32\kernel.appcore.dll
0x00007fff59e80000 - 0x00007fff59e91000 	D:\Software\Android studio\jre\bin\verify.dll
0x00007fff4d570000 - 0x00007fff4d754000 	C:\WINDOWS\SYSTEM32\DBGHELP.DLL
0x00007fff4d140000 - 0x00007fff4d16c000 	C:\WINDOWS\SYSTEM32\dbgcore.DLL
0x00007fff5fa60000 - 0x00007fff5fae2000 	C:\WINDOWS\System32\bcryptPrimitives.dll
0x00007fff58920000 - 0x00007fff58949000 	D:\Software\Android studio\jre\bin\java.dll
0x00007fff5bfe0000 - 0x00007fff5bfeb000 	D:\Software\Android studio\jre\bin\jimage.dll
0x00007fff59e40000 - 0x00007fff59e58000 	D:\Software\Android studio\jre\bin\zip.dll
0x00007fff5fc20000 - 0x00007fff60363000 	C:\WINDOWS\System32\SHELL32.dll
0x00007fff5d260000 - 0x00007fff5d9f1000 	C:\WINDOWS\SYSTEM32\windows.storage.dll
0x00007fff608a0000 - 0x00007fff60bf4000 	C:\WINDOWS\System32\combase.dll
0x00007fff5ec00000 - 0x00007fff5ec30000 	C:\WINDOWS\SYSTEM32\Wldp.dll
0x00007fff617c0000 - 0x00007fff6186d000 	C:\WINDOWS\System32\SHCORE.dll
0x00007fff61470000 - 0x00007fff614c5000 	C:\WINDOWS\System32\shlwapi.dll
0x00007fff5f0e0000 - 0x00007fff5f0ff000 	C:\WINDOWS\SYSTEM32\profapi.dll
0x00007fff59a40000 - 0x00007fff59a5a000 	D:\Software\Android studio\jre\bin\net.dll
0x00007fff511f0000 - 0x00007fff512fd000 	C:\WINDOWS\SYSTEM32\WINHTTP.dll
0x00007fff5e960000 - 0x00007fff5e9ca000 	C:\WINDOWS\system32\mswsock.dll
0x00007fff599f0000 - 0x00007fff59a04000 	D:\Software\Android studio\jre\bin\nio.dll
0x00007fff38be0000 - 0x00007fff38c07000 	C:\Users\bhatt\.gradle\native\e1d6ef7f7dcc3fd88c89a11ec53ec762bb8ba0a96d01ffa2cd45eb1d1d8dd5c5\windows-amd64\native-platform.dll
0x00007fff1bac0000 - 0x00007fff1bc04000 	C:\Users\bhatt\.gradle\native\5664cfc778a61ccfe75a443a1ab52a65af34e5dc3c78e0209fed803814484fcb\windows-amd64\native-platform-file-events.dll
0x00007fff59e10000 - 0x00007fff59e1a000 	D:\Software\Android studio\jre\bin\management.dll
0x00007fff59bf0000 - 0x00007fff59bfd000 	D:\Software\Android studio\jre\bin\management_ext.dll
0x00007fff5eb50000 - 0x00007fff5eb68000 	C:\WINDOWS\SYSTEM32\CRYPTSP.dll
0x00007fff5e210000 - 0x00007fff5e244000 	C:\WINDOWS\system32\rsaenh.dll
0x00007fff5f700000 - 0x00007fff5f727000 	C:\WINDOWS\System32\bcrypt.dll
0x00007fff5f060000 - 0x00007fff5f08e000 	C:\WINDOWS\SYSTEM32\USERENV.dll
0x00007fff5eb70000 - 0x00007fff5eb7c000 	C:\WINDOWS\SYSTEM32\CRYPTBASE.dll
0x00007fff5e600000 - 0x00007fff5e63b000 	C:\WINDOWS\SYSTEM32\IPHLPAPI.DLL
0x00007fff61460000 - 0x00007fff61468000 	C:\WINDOWS\System32\NSI.dll
0x00007fff56bf0000 - 0x00007fff56c07000 	C:\WINDOWS\SYSTEM32\dhcpcsvc6.DLL
0x00007fff57d70000 - 0x00007fff57d8d000 	C:\WINDOWS\SYSTEM32\dhcpcsvc.DLL
0x00007fff5e650000 - 0x00007fff5e71a000 	C:\WINDOWS\SYSTEM32\DNSAPI.dll
0x00007fff302b0000 - 0x00007fff302ce000 	C:\Users\bhatt\AppData\Local\Temp\native-platform13147777316895335519dir\native-platform.dll
0x00007fff40730000 - 0x00007fff40738000 	D:\Software\Android studio\jre\bin\rmi.dll
0x00007fff43310000 - 0x00007fff43337000 	D:\Software\Android studio\jre\bin\sunec.dll

dbghelp: loaded successfully - version: 4.0.5 - missing functions: none
symbol engine: initialized successfully - sym options: 0x614 - pdb path: .;D:\Software\Android studio\jre\bin;C:\WINDOWS\SYSTEM32;C:\WINDOWS\WinSxS\amd64_microsoft.windows.common-controls_6595b64144ccf1df_6.0.19041.1110_none_60b5254171f9507e;D:\Software\Android studio\jre\bin\server;C:\Users\bhatt\.gradle\native\e1d6ef7f7dcc3fd88c89a11ec53ec762bb8ba0a96d01ffa2cd45eb1d1d8dd5c5\windows-amd64;C:\Users\bhatt\.gradle\native\5664cfc778a61ccfe75a443a1ab52a65af34e5dc3c78e0209fed803814484fcb\windows-amd64;C:\Users\bhatt\AppData\Local\Temp\native-platform13147777316895335519dir

VM Arguments:
jvm_args: --add-opens=java.base/java.util=ALL-UNNAMED --add-opens=java.base/java.lang=ALL-UNNAMED --add-opens=java.base/java.lang.invoke=ALL-UNNAMED --add-opens=java.base/java.util=ALL-UNNAMED --add-opens=java.prefs/java.util.prefs=ALL-UNNAMED --add-opens=java.prefs/java.util.prefs=ALL-UNNAMED --add-opens=java.base/java.nio.charset=ALL-UNNAMED --add-opens=java.base/java.net=ALL-UNNAMED --add-opens=java.base/java.util.concurrent.atomic=ALL-UNNAMED -Xmx2048m -Dfile.encoding=UTF-8 -Duser.country=IN -Duser.language=en -Duser.variant 
java_command: org.gradle.launcher.daemon.bootstrap.GradleDaemon 7.3.3
java_class_path (initial): C:\Users\bhatt\.gradle\wrapper\dists\gradle-7.3.3-bin\6a41zxkdtcxs8rphpq6y0069z\gradle-7.3.3\lib\gradle-launcher-7.3.3.jar
Launcher Type: SUN_STANDARD

[Global flags]
     intx CICompilerCount                          = 4                                         {product} {ergonomic}
     uint ConcGCThreads                            = 2                                         {product} {ergonomic}
     uint G1ConcRefinementThreads                  = 8                                         {product} {ergonomic}
   size_t G1HeapRegionSize                         = 1048576                                   {product} {ergonomic}
    uintx GCDrainStackTargetSize                   = 64                                        {product} {ergonomic}
   size_t InitialHeapSize                          = 266338304                                 {product} {ergonomic}
   size_t MarkStackSize                            = 4194304                                   {product} {ergonomic}
   size_t MaxHeapSize                              = 2147483648                                {product} {command line}
   size_t MaxNewSize                               = 1287651328                                {product} {ergonomic}
   size_t MinHeapDeltaBytes                        = 1048576                                   {product} {ergonomic}
    uintx NonNMethodCodeHeapSize                   = 5836300                                {pd product} {ergonomic}
    uintx NonProfiledCodeHeapSize                  = 122910970                              {pd product} {ergonomic}
    uintx ProfiledCodeHeapSize                     = 122910970                              {pd product} {ergonomic}
    uintx ReservedCodeCacheSize                    = 251658240                              {pd product} {ergonomic}
     bool SegmentedCodeCache                       = true                                      {product} {ergonomic}
     bool UseCompressedClassPointers               = true                                 {lp64_product} {ergonomic}
     bool UseCompressedOops                        = true                                 {lp64_product} {ergonomic}
     bool UseG1GC                                  = true                                      {product} {ergonomic}
     bool UseLargePagesIndividualAllocation        = false                                  {pd product} {ergonomic}

Logging:
Log output configuration:
 #0: stdout all=warning uptime,level,tags
 #1: stderr all=off uptime,level,tags

Environment Variables:
JAVA_HOME=D:\Software\Java
PATH=C:\Program Files\Common Files\Oracle\Java\javapath;C:\WINDOWS\system32;C:\WINDOWS;C:\WINDOWS\System32\Wbem;C:\WINDOWS\System32\WindowsPowerShell\v1.0\;C:\WINDOWS\System32\OpenSSH\;C:\Program Files (x86)\NVIDIA Corporation\PhysX\Common;C:\Program Files\NVIDIA Corporation\NVIDIA NvDLISR;C:\Program Files\Git\cmd;D:\Software\Java\bin;C:\Users\bhatt\AppData\Local\Microsoft\WindowsApps;;D:\Software\IntelliJ\IntelliJ IDEA Community Edition 2022.2\bin;;D:\Software\Visual Studio Code\Microsoft VS Code\bin
USERNAME=bhatt
OS=Windows_NT
PROCESSOR_IDENTIFIER=Intel64 Family 6 Model 158 Stepping 10, GenuineIntel



---------------  S Y S T E M  ---------------

OS: Windows 10 , 64 bit Build 19041 (10.0.19041.1889)
OS uptime: 10 days 15:21 hours

CPU:total 8 (initial active 8) (4 cores per cpu, 2 threads per core) family 6 model 158 stepping 10 microcode 0xb4, cmov, cx8, fxsr, mmx, sse, sse2, sse3, ssse3, sse4.1, sse4.2, popcnt, avx, avx2, aes, clmul, erms, 3dnowpref, lzcnt, ht, tsc, tscinvbit, bmi1, bmi2, adx, fma

Memory: 4k page, system-wide physical 16226M (770M free)
TotalPageFile size 31416M (AvailPageFile size 3M)
current process WorkingSet (physical memory assigned to process): 590M, peak: 640M
current process commit charge ("private bytes"): 714M, peak: 719M

vm_info: OpenJDK 64-Bit Server VM (11.0.12+7-b1504.28-7817840) for windows-amd64 JRE (11.0.12+7-b1504.28-7817840), built on Oct 13 2021 22:12:33 by "builder" with MS VC++ 14.0 (VS2015)

END.
