#
# There is insufficient memory for the Java Runtime Environment to continue.
# Native memory allocation (malloc) failed to allocate 388016 bytes for Chunk::new
# Possible reasons:
#   The system is out of physical RAM or swap space
#   The process is running with CompressedOops enabled, and the Java Heap may be blocking the growth of the native heap
# Possible solutions:
#   Reduce memory load on the system
#   Increase physical memory or swap space
#   Check if swap backing store is full
#   Decrease Java heap size (-Xmx/-Xms)
#   Decrease number of Java threads
#   Decrease Java thread stack sizes (-Xss)
#   Set larger code cache with -XX:ReservedCodeCacheSize=
#   JVM is running with Unscaled Compressed Oops mode in which the Java heap is
#     placed in the first 4GB address space. The Java Heap base address is the
#     maximum limit for the native heap growth. Please use -XX:HeapBaseMinAddress
#     to set the Java Heap base and to place the Java Heap above 4GB virtual address.
# This output file may be truncated or incomplete.
#
#  Out of Memory Error (./src/hotspot/share/memory/arena.cpp:197), pid=22008, tid=15372
#
# JRE version: OpenJDK Runtime Environment (11.0.12+7) (build 11.0.12+7-b1504.28-7817840)
# Java VM: OpenJDK 64-Bit Server VM (11.0.12+7-b1504.28-7817840, mixed mode, tiered, compressed oops, g1 gc, windows-amd64)
# No core dump will be written. Minidumps are not enabled by default on client versions of Windows
#

---------------  S U M M A R Y ------------

Command Line: --add-opens=java.base/java.util=ALL-UNNAMED --add-opens=java.base/java.lang=ALL-UNNAMED --add-opens=java.base/java.lang.invoke=ALL-UNNAMED --add-opens=java.base/java.util=ALL-UNNAMED --add-opens=java.prefs/java.util.prefs=ALL-UNNAMED --add-opens=java.prefs/java.util.prefs=ALL-UNNAMED --add-opens=java.base/java.nio.charset=ALL-UNNAMED --add-opens=java.base/java.net=ALL-UNNAMED --add-opens=java.base/java.util.concurrent.atomic=ALL-UNNAMED -Xmx2048m -Dfile.encoding=UTF-8 -Duser.country=IN -Duser.language=en -Duser.variant org.gradle.launcher.daemon.bootstrap.GradleDaemon 7.3.3

Host: Intel(R) Core(TM) i5-8300H CPU @ 2.30GHz, 8 cores, 15G,  Windows 10 , 64 bit Build 19041 (10.0.19041.1889)
Time: Fri Oct 28 12:28:40 2022 India Standard Time elapsed time: 110.569910 seconds (0d 0h 1m 50s)

---------------  T H R E A D  ---------------

Current thread (0x000001a864b46000):  JavaThread "C2 CompilerThread1" daemon [_thread_in_native, id=15372, stack(0x00000085a7b00000,0x00000085a7c00000)]


Current CompileTask:
C2: 110570 12624       4       org.gradle.internal.classloader.FilteringClassLoader::classAllowed (80 bytes)

Stack: [0x00000085a7b00000,0x00000085a7c00000]
Native frames: (J=compiled Java code, j=interpreted, Vv=VM code, C=native code)
V  [jvm.dll+0x5fbcea]
V  [jvm.dll+0x731905]
V  [jvm.dll+0x732f1d]
V  [jvm.dll+0x7335d3]
V  [jvm.dll+0x247bf8]
V  [jvm.dll+0xc018c]
V  [jvm.dll+0xc06cc]
V  [jvm.dll+0x35b31d]
V  [jvm.dll+0x19cebc]
V  [jvm.dll+0x20070e]
V  [jvm.dll+0x1ff794]
V  [jvm.dll+0x18868c]
V  [jvm.dll+0x20e0d7]
V  [jvm.dll+0x20c901]
V  [jvm.dll+0x6f9b7f]
V  [jvm.dll+0x6f26a5]
V  [jvm.dll+0x5fabf6]
C  [ucrtbase.dll+0x21bb2]
C  [KERNEL32.DLL+0x17034]
C  [ntdll.dll+0x526a1]


---------------  P R O C E S S  ---------------

Threads class SMR info:
_java_thread_list=0x000001a867f65aa0, length=127, elements={
0x000001a846c39000, 0x000001a862118800, 0x000001a862124000, 0x000001a86217e800,
0x000001a862180000, 0x000001a862181000, 0x000001a862189000, 0x000001a862196800,
0x000001a86219e000, 0x000001a862300800, 0x000001a864837000, 0x000001a86506f800,
0x000001a864832000, 0x000001a864cb2800, 0x000001a8656e7800, 0x000001a863b12800,
0x000001a865199800, 0x000001a86219b000, 0x000001a862198800, 0x000001a862195000,
0x000001a862199000, 0x000001a86219a000, 0x000001a862196000, 0x000001a86426e000,
0x000001a864274800, 0x000001a864272000, 0x000001a864273800, 0x000001a86426e800,
0x000001a86426f800, 0x000001a863242800, 0x000001a863240000, 0x000001a863249000,
0x000001a863246000, 0x000001a863246800, 0x000001a863241000, 0x000001a863241800,
0x000001a863247800, 0x000001a86324d000, 0x000001a86324b800, 0x000001a863248000,
0x000001a86324a000, 0x000001a86324e000, 0x000001a86324f000, 0x000001a86324c800,
0x000001a864270000, 0x000001a864271000, 0x000001a864ea6800, 0x000001a864ea7800,
0x000001a864ea2800, 0x000001a864ea4000, 0x000001a864ea5800, 0x000001a864ea5000,
0x000001a864ea8000, 0x000001a864ea3800, 0x000001a864ead000, 0x000001a864eae000,
0x000001a864eaa800, 0x000001a864eaa000, 0x000001a864eae800, 0x000001a864ea9000,
0x000001a864eac800, 0x000001a864eaf800, 0x000001a864eb0800, 0x000001a864eb1000,
0x000001a864eab800, 0x000001a86291d000, 0x000001a862918000, 0x000001a86291b000,
0x000001a86291d800, 0x000001a862919800, 0x000001a862918800, 0x000001a86291e800,
0x000001a86291a800, 0x000001a86291f800, 0x000001a86291c000, 0x000001a862924000,
0x000001a862921800, 0x000001a862921000, 0x000001a862925000, 0x000001a862922800,
0x000001a862926000, 0x000001a862923800, 0x000001a862920000, 0x000001a862926800,
0x000001a864302000, 0x000001a864302800, 0x000001a864303800, 0x000001a864306000,
0x000001a864301000, 0x000001a864304800, 0x000001a864305000, 0x000001a864300000,
0x000001a86430b000, 0x000001a864307000, 0x000001a864309000, 0x000001a864307800,
0x000001a86430b800, 0x000001a864308800, 0x000001a86430c800, 0x000001a86430d800,
0x000001a86430a000, 0x000001a86430e000, 0x000001a86430f000, 0x000001a8626ec800,
0x000001a8626ef000, 0x000001a8626ec000, 0x000001a8626e9800, 0x000001a8626ed800,
0x000001a8626f0000, 0x000001a8626ee800, 0x000001a8626ea800, 0x000001a8626f1000,
0x000001a8626eb000, 0x000001a8626f7800, 0x000001a8626f1800, 0x000001a8626f2800,
0x000001a8626f8000, 0x000001a8626f3800, 0x000001a8626f4000, 0x000001a8626f5000,
0x000001a864b47800, 0x000001a864b43000, 0x000001a864b4b000, 0x000001a864b45800,
0x000001a864b46000, 0x000001a864b42000, 0x000001a864b49800
}

Java Threads: ( => current thread )
  0x000001a846c39000 JavaThread "main" [_thread_blocked, id=22384, stack(0x000000859ec00000,0x000000859ed00000)]
  0x000001a862118800 JavaThread "Reference Handler" daemon [_thread_blocked, id=19532, stack(0x000000859f300000,0x000000859f400000)]
  0x000001a862124000 JavaThread "Finalizer" daemon [_thread_blocked, id=1332, stack(0x000000859f400000,0x000000859f500000)]
  0x000001a86217e800 JavaThread "Signal Dispatcher" daemon [_thread_blocked, id=22464, stack(0x000000859f500000,0x000000859f600000)]
  0x000001a862180000 JavaThread "Attach Listener" daemon [_thread_blocked, id=11496, stack(0x000000859f600000,0x000000859f700000)]
  0x000001a862181000 JavaThread "Service Thread" daemon [_thread_blocked, id=7788, stack(0x000000859f700000,0x000000859f800000)]
  0x000001a862189000 JavaThread "C2 CompilerThread0" daemon [_thread_in_native, id=13956, stack(0x000000859f800000,0x000000859f900000)]
  0x000001a862196800 JavaThread "C1 CompilerThread0" daemon [_thread_in_vm, id=4752, stack(0x000000859f900000,0x000000859fa00000)]
  0x000001a86219e000 JavaThread "Sweeper thread" daemon [_thread_blocked, id=20548, stack(0x000000859fa00000,0x000000859fb00000)]
  0x000001a862300800 JavaThread "Common-Cleaner" daemon [_thread_blocked, id=3572, stack(0x000000859fb00000,0x000000859fc00000)]
  0x000001a864837000 JavaThread "Daemon health stats" [_thread_blocked, id=21316, stack(0x00000085a0300000,0x00000085a0400000)]
  0x000001a86506f800 JavaThread "Incoming local TCP Connector on port 61674" [_thread_in_native, id=13336, stack(0x00000085a0200000,0x00000085a0300000)]
  0x000001a864832000 JavaThread "Daemon periodic checks" [_thread_blocked, id=9452, stack(0x00000085a0400000,0x00000085a0500000)]
  0x000001a864cb2800 JavaThread "Daemon" [_thread_blocked, id=19364, stack(0x00000085a0500000,0x00000085a0600000)]
  0x000001a8656e7800 JavaThread "Handler for socket connection from /127.0.0.1:61674 to /127.0.0.1:61675" [_thread_in_native, id=8080, stack(0x00000085a0600000,0x00000085a0700000)]
  0x000001a863b12800 JavaThread "Cancel handler" [_thread_blocked, id=18620, stack(0x00000085a0700000,0x00000085a0800000)]
  0x000001a865199800 JavaThread "Daemon worker" [_thread_in_native, id=14056, stack(0x00000085a0800000,0x00000085a0900000)]
  0x000001a86219b000 JavaThread "Asynchronous log dispatcher for DefaultDaemonConnection: socket connection from /127.0.0.1:61674 to /127.0.0.1:61675" [_thread_blocked, id=17120, stack(0x00000085a0900000,0x00000085a0a00000)]
  0x000001a862198800 JavaThread "Daemon client event forwarder" [_thread_blocked, id=21944, stack(0x00000085a0b00000,0x00000085a0c00000)]
  0x000001a862195000 JavaThread "Cache worker for journal cache (C:\Users\bhatt\.gradle\caches\journal-1)" [_thread_blocked, id=11292, stack(0x00000085a0e00000,0x00000085a0f00000)]
  0x000001a862199000 JavaThread "File lock request listener" [_thread_in_native, id=20424, stack(0x00000085a0f00000,0x00000085a1000000)]
  0x000001a86219a000 JavaThread "Cache worker for file hash cache (C:\Users\bhatt\.gradle\caches\7.3.3\fileHashes)" [_thread_blocked, id=21216, stack(0x00000085a1000000,0x00000085a1100000)]
  0x000001a862196000 JavaThread "Cache worker for file hash cache (E:\Projects\Android Projects\Android Studio Projects Folder 2\MyContactsApp\.gradle\7.3.3\fileHashes)" [_thread_blocked, id=16576, stack(0x00000085a1300000,0x00000085a1400000)]
  0x000001a86426e000 JavaThread "File watcher server" daemon [_thread_in_native, id=8380, stack(0x00000085a1500000,0x00000085a1600000)]
  0x000001a864274800 JavaThread "File watcher consumer" daemon [_thread_blocked, id=10268, stack(0x00000085a1600000,0x00000085a1700000)]
  0x000001a864272000 JavaThread "Cache worker for checksums cache (E:\Projects\Android Projects\Android Studio Projects Folder 2\MyContactsApp\.gradle\7.3.3\checksums)" [_thread_blocked, id=3744, stack(0x00000085a1400000,0x00000085a1500000)]
  0x000001a864273800 JavaThread "Cache worker for cache directory md-supplier (C:\Users\bhatt\.gradle\caches\7.3.3\md-supplier)" [_thread_blocked, id=14808, stack(0x00000085a1700000,0x00000085a1800000)]
  0x000001a86426e800 JavaThread "Cache worker for cache directory md-rule (C:\Users\bhatt\.gradle\caches\7.3.3\md-rule)" [_thread_blocked, id=4468, stack(0x00000085a1800000,0x00000085a1900000)]
  0x000001a86426f800 JavaThread "Cache worker for execution history cache (C:\Users\bhatt\.gradle\caches\7.3.3\executionHistory)" [_thread_blocked, id=22060, stack(0x00000085a1900000,0x00000085a1a00000)]
  0x000001a863242800 JavaThread "jar transforms" [_thread_blocked, id=1616, stack(0x00000085a1b00000,0x00000085a1c00000)]
  0x000001a863240000 JavaThread "Cache worker for file content cache (C:\Users\bhatt\.gradle\caches\7.3.3\fileContent)" [_thread_blocked, id=13564, stack(0x00000085a1a00000,0x00000085a1b00000)]
  0x000001a863249000 JavaThread "jar transforms Thread 2" [_thread_blocked, id=11376, stack(0x00000085a1d00000,0x00000085a1e00000)]
  0x000001a863246000 JavaThread "Cache worker for dependencies-accessors (E:\Projects\Android Projects\Android Studio Projects Folder 2\MyContactsApp\.gradle\7.3.3\dependencies-accessors)" [_thread_blocked, id=18456, stack(0x00000085a1e00000,0x00000085a1f00000)]
  0x000001a863246800 JavaThread "jar transforms Thread 3" [_thread_blocked, id=9152, stack(0x00000085a1200000,0x00000085a1300000)]
  0x000001a863241000 JavaThread "Cache worker for Build Output Cleanup Cache (E:\Projects\Android Projects\Android Studio Projects Folder 2\MyContactsApp\.gradle\buildOutputCleanup)" [_thread_blocked, id=11404, stack(0x00000085a1c00000,0x00000085a1d00000)]
  0x000001a863241800 JavaThread "Unconstrained build operations" [_thread_blocked, id=4124, stack(0x00000085a1f00000,0x00000085a2000000)]
  0x000001a863247800 JavaThread "Unconstrained build operations Thread 2" [_thread_blocked, id=9872, stack(0x00000085a2000000,0x00000085a2100000)]
  0x000001a86324d000 JavaThread "Unconstrained build operations Thread 3" [_thread_blocked, id=2724, stack(0x00000085a2100000,0x00000085a2200000)]
  0x000001a86324b800 JavaThread "Unconstrained build operations Thread 4" [_thread_blocked, id=16976, stack(0x00000085a2200000,0x00000085a2300000)]
  0x000001a863248000 JavaThread "Unconstrained build operations Thread 5" [_thread_blocked, id=13232, stack(0x00000085a2300000,0x00000085a2400000)]
  0x000001a86324a000 JavaThread "Unconstrained build operations Thread 6" [_thread_blocked, id=22124, stack(0x00000085a2400000,0x00000085a2500000)]
  0x000001a86324e000 JavaThread "Unconstrained build operations Thread 7" [_thread_blocked, id=15572, stack(0x00000085a2500000,0x00000085a2600000)]
  0x000001a86324f000 JavaThread "Unconstrained build operations Thread 8" [_thread_blocked, id=5904, stack(0x00000085a2600000,0x00000085a2700000)]
  0x000001a86324c800 JavaThread "Unconstrained build operations Thread 9" [_thread_blocked, id=11656, stack(0x00000085a2700000,0x00000085a2800000)]
  0x000001a864270000 JavaThread "Unconstrained build operations Thread 10" [_thread_blocked, id=16612, stack(0x00000085a2800000,0x00000085a2900000)]
  0x000001a864271000 JavaThread "Unconstrained build operations Thread 11" [_thread_blocked, id=11904, stack(0x00000085a2900000,0x00000085a2a00000)]
  0x000001a864ea6800 JavaThread "Unconstrained build operations Thread 12" [_thread_blocked, id=10752, stack(0x00000085a2a00000,0x00000085a2b00000)]
  0x000001a864ea7800 JavaThread "Unconstrained build operations Thread 13" [_thread_blocked, id=14604, stack(0x00000085a2b00000,0x00000085a2c00000)]
  0x000001a864ea2800 JavaThread "Unconstrained build operations Thread 14" [_thread_blocked, id=9224, stack(0x00000085a2c00000,0x00000085a2d00000)]
  0x000001a864ea4000 JavaThread "Unconstrained build operations Thread 15" [_thread_blocked, id=10844, stack(0x00000085a2d00000,0x00000085a2e00000)]
  0x000001a864ea5800 JavaThread "Unconstrained build operations Thread 16" [_thread_blocked, id=3528, stack(0x00000085a2e00000,0x00000085a2f00000)]
  0x000001a864ea5000 JavaThread "Unconstrained build operations Thread 17" [_thread_blocked, id=18216, stack(0x00000085a2f00000,0x00000085a3000000)]
  0x000001a864ea8000 JavaThread "Unconstrained build operations Thread 18" [_thread_blocked, id=18988, stack(0x00000085a3000000,0x00000085a3100000)]
  0x000001a864ea3800 JavaThread "Unconstrained build operations Thread 19" [_thread_blocked, id=1832, stack(0x00000085a3100000,0x00000085a3200000)]
  0x000001a864ead000 JavaThread "Unconstrained build operations Thread 20" [_thread_blocked, id=12168, stack(0x00000085a3200000,0x00000085a3300000)]
  0x000001a864eae000 JavaThread "Unconstrained build operations Thread 21" [_thread_blocked, id=14304, stack(0x00000085a3300000,0x00000085a3400000)]
  0x000001a864eaa800 JavaThread "Unconstrained build operations Thread 22" [_thread_blocked, id=11776, stack(0x00000085a3400000,0x00000085a3500000)]
  0x000001a864eaa000 JavaThread "Unconstrained build operations Thread 23" [_thread_blocked, id=18792, stack(0x00000085a3500000,0x00000085a3600000)]
  0x000001a864eae800 JavaThread "Unconstrained build operations Thread 24" [_thread_blocked, id=3452, stack(0x00000085a3600000,0x00000085a3700000)]
  0x000001a864ea9000 JavaThread "Unconstrained build operations Thread 25" [_thread_blocked, id=18296, stack(0x00000085a3700000,0x00000085a3800000)]
  0x000001a864eac800 JavaThread "Unconstrained build operations Thread 26" [_thread_blocked, id=14016, stack(0x00000085a3800000,0x00000085a3900000)]
  0x000001a864eaf800 JavaThread "Unconstrained build operations Thread 27" [_thread_blocked, id=8032, stack(0x00000085a3900000,0x00000085a3a00000)]
  0x000001a864eb0800 JavaThread "Unconstrained build operations Thread 28" [_thread_blocked, id=16604, stack(0x00000085a3a00000,0x00000085a3b00000)]
  0x000001a864eb1000 JavaThread "Unconstrained build operations Thread 29" [_thread_blocked, id=22152, stack(0x00000085a3b00000,0x00000085a3c00000)]
  0x000001a864eab800 JavaThread "Unconstrained build operations Thread 30" [_thread_blocked, id=1012, stack(0x00000085a3c00000,0x00000085a3d00000)]
  0x000001a86291d000 JavaThread "Unconstrained build operations Thread 31" [_thread_blocked, id=7924, stack(0x00000085a3d00000,0x00000085a3e00000)]
  0x000001a862918000 JavaThread "Unconstrained build operations Thread 32" [_thread_blocked, id=16904, stack(0x00000085a3e00000,0x00000085a3f00000)]
  0x000001a86291b000 JavaThread "Unconstrained build operations Thread 33" [_thread_blocked, id=16228, stack(0x00000085a3f00000,0x00000085a4000000)]
  0x000001a86291d800 JavaThread "Unconstrained build operations Thread 34" [_thread_blocked, id=17624, stack(0x00000085a4000000,0x00000085a4100000)]
  0x000001a862919800 JavaThread "Unconstrained build operations Thread 35" [_thread_blocked, id=17592, stack(0x00000085a4100000,0x00000085a4200000)]
  0x000001a862918800 JavaThread "Unconstrained build operations Thread 36" [_thread_blocked, id=21616, stack(0x00000085a4200000,0x00000085a4300000)]
  0x000001a86291e800 JavaThread "Unconstrained build operations Thread 37" [_thread_blocked, id=22432, stack(0x00000085a4300000,0x00000085a4400000)]
  0x000001a86291a800 JavaThread "Unconstrained build operations Thread 38" [_thread_blocked, id=1964, stack(0x00000085a4400000,0x00000085a4500000)]
  0x000001a86291f800 JavaThread "Unconstrained build operations Thread 39" [_thread_blocked, id=4576, stack(0x00000085a4500000,0x00000085a4600000)]
  0x000001a86291c000 JavaThread "Unconstrained build operations Thread 40" [_thread_blocked, id=5044, stack(0x00000085a4600000,0x00000085a4700000)]
  0x000001a862924000 JavaThread "Unconstrained build operations Thread 41" [_thread_blocked, id=13332, stack(0x00000085a4700000,0x00000085a4800000)]
  0x000001a862921800 JavaThread "Unconstrained build operations Thread 42" [_thread_blocked, id=21024, stack(0x00000085a4800000,0x00000085a4900000)]
  0x000001a862921000 JavaThread "Unconstrained build operations Thread 43" [_thread_blocked, id=8504, stack(0x00000085a4900000,0x00000085a4a00000)]
  0x000001a862925000 JavaThread "Unconstrained build operations Thread 44" [_thread_blocked, id=15292, stack(0x00000085a4a00000,0x00000085a4b00000)]
  0x000001a862922800 JavaThread "Unconstrained build operations Thread 45" [_thread_blocked, id=12776, stack(0x00000085a4b00000,0x00000085a4c00000)]
  0x000001a862926000 JavaThread "Unconstrained build operations Thread 46" [_thread_blocked, id=18524, stack(0x00000085a4c00000,0x00000085a4d00000)]
  0x000001a862923800 JavaThread "Unconstrained build operations Thread 47" [_thread_blocked, id=17716, stack(0x00000085a4d00000,0x00000085a4e00000)]
  0x000001a862920000 JavaThread "Unconstrained build operations Thread 48" [_thread_blocked, id=16532, stack(0x00000085a4e00000,0x00000085a4f00000)]
  0x000001a862926800 JavaThread "Unconstrained build operations Thread 49" [_thread_blocked, id=12820, stack(0x00000085a4f00000,0x00000085a5000000)]
  0x000001a864302000 JavaThread "Unconstrained build operations Thread 50" [_thread_blocked, id=15472, stack(0x00000085a5000000,0x00000085a5100000)]
  0x000001a864302800 JavaThread "Unconstrained build operations Thread 51" [_thread_blocked, id=19196, stack(0x00000085a5100000,0x00000085a5200000)]
  0x000001a864303800 JavaThread "Unconstrained build operations Thread 52" [_thread_blocked, id=1228, stack(0x00000085a5200000,0x00000085a5300000)]
  0x000001a864306000 JavaThread "Unconstrained build operations Thread 53" [_thread_blocked, id=21988, stack(0x00000085a5300000,0x00000085a5400000)]
  0x000001a864301000 JavaThread "Unconstrained build operations Thread 54" [_thread_blocked, id=21816, stack(0x00000085a5400000,0x00000085a5500000)]
  0x000001a864304800 JavaThread "Unconstrained build operations Thread 55" [_thread_blocked, id=20164, stack(0x00000085a5500000,0x00000085a5600000)]
  0x000001a864305000 JavaThread "Unconstrained build operations Thread 56" [_thread_blocked, id=17064, stack(0x00000085a5600000,0x00000085a5700000)]
  0x000001a864300000 JavaThread "Unconstrained build operations Thread 57" [_thread_blocked, id=19068, stack(0x00000085a5700000,0x00000085a5800000)]
  0x000001a86430b000 JavaThread "Unconstrained build operations Thread 58" [_thread_blocked, id=6164, stack(0x00000085a5800000,0x00000085a5900000)]
  0x000001a864307000 JavaThread "Unconstrained build operations Thread 59" [_thread_blocked, id=19108, stack(0x00000085a5900000,0x00000085a5a00000)]
  0x000001a864309000 JavaThread "Unconstrained build operations Thread 60" [_thread_blocked, id=18984, stack(0x00000085a5a00000,0x00000085a5b00000)]
  0x000001a864307800 JavaThread "Unconstrained build operations Thread 61" [_thread_blocked, id=14464, stack(0x00000085a5b00000,0x00000085a5c00000)]
  0x000001a86430b800 JavaThread "Unconstrained build operations Thread 62" [_thread_blocked, id=4844, stack(0x00000085a5c00000,0x00000085a5d00000)]
  0x000001a864308800 JavaThread "Unconstrained build operations Thread 63" [_thread_blocked, id=17808, stack(0x00000085a5d00000,0x00000085a5e00000)]
  0x000001a86430c800 JavaThread "Unconstrained build operations Thread 64" [_thread_blocked, id=2020, stack(0x00000085a5e00000,0x00000085a5f00000)]
  0x000001a86430d800 JavaThread "Unconstrained build operations Thread 65" [_thread_blocked, id=3804, stack(0x00000085a5f00000,0x00000085a6000000)]
  0x000001a86430a000 JavaThread "Unconstrained build operations Thread 66" [_thread_blocked, id=17128, stack(0x00000085a6000000,0x00000085a6100000)]
  0x000001a86430e000 JavaThread "Unconstrained build operations Thread 67" [_thread_blocked, id=18012, stack(0x00000085a6100000,0x00000085a6200000)]
  0x000001a86430f000 JavaThread "Unconstrained build operations Thread 68" [_thread_blocked, id=12444, stack(0x00000085a6200000,0x00000085a6300000)]
  0x000001a8626ec800 JavaThread "Unconstrained build operations Thread 69" [_thread_blocked, id=12040, stack(0x00000085a6300000,0x00000085a6400000)]
  0x000001a8626ef000 JavaThread "Unconstrained build operations Thread 70" [_thread_blocked, id=21112, stack(0x00000085a6400000,0x00000085a6500000)]
  0x000001a8626ec000 JavaThread "Unconstrained build operations Thread 71" [_thread_blocked, id=19304, stack(0x00000085a6500000,0x00000085a6600000)]
  0x000001a8626e9800 JavaThread "Unconstrained build operations Thread 72" [_thread_blocked, id=10804, stack(0x00000085a6600000,0x00000085a6700000)]
  0x000001a8626ed800 JavaThread "Unconstrained build operations Thread 73" [_thread_blocked, id=20604, stack(0x00000085a6700000,0x00000085a6800000)]
  0x000001a8626f0000 JavaThread "Unconstrained build operations Thread 74" [_thread_blocked, id=16244, stack(0x00000085a6800000,0x00000085a6900000)]
  0x000001a8626ee800 JavaThread "Unconstrained build operations Thread 75" [_thread_blocked, id=20252, stack(0x00000085a6900000,0x00000085a6a00000)]
  0x000001a8626ea800 JavaThread "Unconstrained build operations Thread 76" [_thread_blocked, id=18980, stack(0x00000085a6a00000,0x00000085a6b00000)]
  0x000001a8626f1000 JavaThread "Unconstrained build operations Thread 77" [_thread_blocked, id=19200, stack(0x00000085a6b00000,0x00000085a6c00000)]
  0x000001a8626eb000 JavaThread "Unconstrained build operations Thread 78" [_thread_blocked, id=20916, stack(0x00000085a6c00000,0x00000085a6d00000)]
  0x000001a8626f7800 JavaThread "Unconstrained build operations Thread 79" [_thread_blocked, id=18740, stack(0x00000085a6d00000,0x00000085a6e00000)]
  0x000001a8626f1800 JavaThread "Unconstrained build operations Thread 80" [_thread_blocked, id=6492, stack(0x00000085a6e00000,0x00000085a6f00000)]
  0x000001a8626f2800 JavaThread "jar transforms Thread 4" [_thread_blocked, id=8464, stack(0x00000085a6f00000,0x00000085a7000000)]
  0x000001a8626f8000 JavaThread "jar transforms Thread 5" [_thread_blocked, id=20676, stack(0x00000085a7000000,0x00000085a7100000)]
  0x000001a8626f3800 JavaThread "jar transforms Thread 6" [_thread_blocked, id=21192, stack(0x00000085a7100000,0x00000085a7200000)]
  0x000001a8626f4000 JavaThread "jar transforms Thread 7" [_thread_blocked, id=20656, stack(0x00000085a7200000,0x00000085a7300000)]
  0x000001a8626f5000 JavaThread "jar transforms Thread 8" [_thread_blocked, id=9468, stack(0x00000085a7300000,0x00000085a7400000)]
  0x000001a864b47800 JavaThread "Memory manager" [_thread_blocked, id=12528, stack(0x00000085a7a00000,0x00000085a7b00000)]
  0x000001a864b43000 JavaThread "pool-3-thread-1" [_thread_blocked, id=17948, stack(0x00000085a7800000,0x00000085a7900000)]
  0x000001a864b4b000 JavaThread "Cache worker for execution history cache (E:\Projects\Android Projects\Android Studio Projects Folder 2\MyContactsApp\.gradle\7.3.3\executionHistory)" [_thread_blocked, id=17216, stack(0x000000859eb00000,0x000000859ec00000)]
  0x000001a864b45800 JavaThread "WorkerExecutor Queue" [_thread_blocked, id=18728, stack(0x000000859ea00000,0x000000859eb00000)]
=>0x000001a864b46000 JavaThread "C2 CompilerThread1" daemon [_thread_in_native, id=15372, stack(0x00000085a7b00000,0x00000085a7c00000)]
  0x000001a864b42000 JavaThread "pool-2-thread-1" [_thread_blocked, id=16652, stack(0x00000085a0a00000,0x00000085a0b00000)]
  0x000001a864b49800 JavaThread "C2 CompilerThread2" daemon [_thread_in_native, id=18400, stack(0x00000085a7900000,0x00000085a7a00000)]

Other Threads:
  0x000001a8618ec800 VMThread "VM Thread" [stack: 0x000000859f200000,0x000000859f300000] [id=22032]
  0x000001a862374000 WatcherThread [stack: 0x000000859fc00000,0x000000859fd00000] [id=12024]
  0x000001a846c54800 GCTaskThread "GC Thread#0" [stack: 0x000000859ed00000,0x000000859ee00000] [id=6736]
  0x000001a862ec1800 GCTaskThread "GC Thread#1" [stack: 0x000000859fd00000,0x000000859fe00000] [id=7116]
  0x000001a862ec2000 GCTaskThread "GC Thread#2" [stack: 0x000000859fe00000,0x000000859ff00000] [id=15640]
  0x000001a862e1a800 GCTaskThread "GC Thread#3" [stack: 0x000000859ff00000,0x00000085a0000000] [id=13152]
  0x000001a862e1b000 GCTaskThread "GC Thread#4" [stack: 0x00000085a0000000,0x00000085a0100000] [id=6104]
  0x000001a8626af000 GCTaskThread "GC Thread#5" [stack: 0x00000085a0100000,0x00000085a0200000] [id=17536]
  0x000001a863a99800 GCTaskThread "GC Thread#6" [stack: 0x00000085a0c00000,0x00000085a0d00000] [id=5800]
  0x000001a862760800 GCTaskThread "GC Thread#7" [stack: 0x00000085a0d00000,0x00000085a0e00000] [id=18376]
  0x000001a846c85000 ConcurrentGCThread "G1 Main Marker" [stack: 0x000000859ee00000,0x000000859ef00000] [id=4524]
  0x000001a846c87000 ConcurrentGCThread "G1 Conc#0" [stack: 0x000000859ef00000,0x000000859f000000] [id=7800]
  0x000001a863540000 ConcurrentGCThread "G1 Conc#1" [stack: 0x00000085a1100000,0x00000085a1200000] [id=19152]
  0x000001a846d1e000 ConcurrentGCThread "G1 Refine#0" [stack: 0x000000859f000000,0x000000859f100000] [id=6828]
  0x000001a865b71800 ConcurrentGCThread "G1 Refine#1" [stack: 0x00000085a7600000,0x00000085a7700000] [id=16080]
  0x000001a865b79000 ConcurrentGCThread "G1 Refine#2" [stack: 0x00000085a7700000,0x00000085a7800000] [id=10688]
  0x000001a861762800 ConcurrentGCThread "G1 Young RemSet Sampling" [stack: 0x000000859f100000,0x000000859f200000] [id=21376]

Threads with active compile tasks:
C2 CompilerThread0 110708 12662       4       org.gradle.internal.operations.CurrentBuildOperationRef::get (11 bytes)
C2 CompilerThread1 110708 12624       4       org.gradle.internal.classloader.FilteringClassLoader::classAllowed (80 bytes)
C2 CompilerThread2 110708 12658       4       org.gradle.internal.logging.text.AbstractLineChoppingStyledTextOutput::doAppend (43 bytes)

VM state:not at safepoint (normal execution)

VM Mutex/Monitor currently owned by a thread: None

Heap address: 0x0000000080000000, size: 2048 MB, Compressed Oops mode: 32-bit
Narrow klass base: 0x0000000000000000, Narrow klass shift: 3
Compressed class space size: 1073741824 Address: 0x0000000100000000

Heap:
 garbage-first heap   total 260096K, used 107357K [0x0000000080000000, 0x0000000100000000)
  region size 1024K, 18 young (18432K), 11 survivors (11264K)
 Metaspace       used 100109K, capacity 102419K, committed 102784K, reserved 1138688K
  class space    used 12799K, capacity 13616K, committed 13696K, reserved 1048576K
Heap Regions: E=young(eden), S=young(survivor), O=old, HS=humongous(starts), HC=humongous(continues), CS=collection set, F=free, A=archive, TAMS=top-at-mark-start (previous, next)
|   0|0x0000000080000000, 0x0000000080100000, 0x0000000080100000|100%| O|  |TAMS 0x0000000080100000, 0x0000000080000000| Updating 
|   1|0x0000000080100000, 0x0000000080200000, 0x0000000080200000|100%| O|  |TAMS 0x0000000080200000, 0x0000000080100000| Updating 
|   2|0x0000000080200000, 0x0000000080300000, 0x0000000080300000|100%| O|  |TAMS 0x0000000080300000, 0x0000000080200000| Updating 
|   3|0x0000000080300000, 0x0000000080400000, 0x0000000080400000|100%|HS|  |TAMS 0x0000000080400000, 0x0000000080300000| Complete 
|   4|0x0000000080400000, 0x0000000080500000, 0x0000000080500000|100%|HC|  |TAMS 0x0000000080500000, 0x0000000080400000| Complete 
|   5|0x0000000080500000, 0x0000000080600000, 0x0000000080600000|100%|HC|  |TAMS 0x0000000080600000, 0x0000000080500000| Complete 
|   6|0x0000000080600000, 0x0000000080700000, 0x0000000080700000|100%| O|  |TAMS 0x0000000080700000, 0x0000000080600000| Updating 
|   7|0x0000000080700000, 0x0000000080800000, 0x0000000080800000|100%| O|  |TAMS 0x0000000080800000, 0x0000000080700000| Updating 
|   8|0x0000000080800000, 0x0000000080900000, 0x0000000080900000|100%| O|  |TAMS 0x0000000080900000, 0x0000000080800000| Updating 
|   9|0x0000000080900000, 0x0000000080a00000, 0x0000000080a00000|100%| O|  |TAMS 0x0000000080a00000, 0x0000000080900000| Updating 
|  10|0x0000000080a00000, 0x0000000080b00000, 0x0000000080b00000|100%| O|  |TAMS 0x0000000080b00000, 0x0000000080a00000| Updating 
|  11|0x0000000080b00000, 0x0000000080c00000, 0x0000000080c00000|100%| O|  |TAMS 0x0000000080c00000, 0x0000000080b00000| Updating 
|  12|0x0000000080c00000, 0x0000000080d00000, 0x0000000080d00000|100%| O|  |TAMS 0x0000000080d00000, 0x0000000080c00000| Updating 
|  13|0x0000000080d00000, 0x0000000080e00000, 0x0000000080e00000|100%| O|  |TAMS 0x0000000080e00000, 0x0000000080d00000| Updating 
|  14|0x0000000080e00000, 0x0000000080f00000, 0x0000000080f00000|100%|HS|  |TAMS 0x0000000080f00000, 0x0000000080e00000| Complete 
|  15|0x0000000080f00000, 0x0000000081000000, 0x0000000081000000|100%|HS|  |TAMS 0x0000000081000000, 0x0000000080f00000| Complete 
|  16|0x0000000081000000, 0x0000000081100000, 0x0000000081100000|100%|HS|  |TAMS 0x0000000081100000, 0x0000000081000000| Complete 
|  17|0x0000000081100000, 0x0000000081200000, 0x0000000081200000|100%|HS|  |TAMS 0x0000000081200000, 0x0000000081100000| Complete 
|  18|0x0000000081200000, 0x0000000081300000, 0x0000000081300000|100%|HC|  |TAMS 0x0000000081300000, 0x0000000081200000| Complete 
|  19|0x0000000081300000, 0x0000000081400000, 0x0000000081400000|100%|HC|  |TAMS 0x0000000081400000, 0x0000000081300000| Complete 
|  20|0x0000000081400000, 0x0000000081500000, 0x0000000081500000|100%|HS|  |TAMS 0x0000000081500000, 0x0000000081400000| Complete 
|  21|0x0000000081500000, 0x0000000081600000, 0x0000000081600000|100%|HC|  |TAMS 0x0000000081600000, 0x0000000081500000| Complete 
|  22|0x0000000081600000, 0x0000000081700000, 0x0000000081700000|100%| O|  |TAMS 0x0000000081700000, 0x0000000081600000| Updating 
|  23|0x0000000081700000, 0x0000000081800000, 0x0000000081800000|100%| O|  |TAMS 0x0000000081800000, 0x0000000081700000| Updating 
|  24|0x0000000081800000, 0x0000000081900000, 0x0000000081900000|100%| O|  |TAMS 0x0000000081900000, 0x0000000081800000| Updating 
|  25|0x0000000081900000, 0x0000000081a00000, 0x0000000081a00000|100%| O|  |TAMS 0x0000000081a00000, 0x0000000081900000| Updating 
|  26|0x0000000081a00000, 0x0000000081b00000, 0x0000000081b00000|100%| O|  |TAMS 0x0000000081b00000, 0x0000000081a00000| Updating 
|  27|0x0000000081b00000, 0x0000000081c00000, 0x0000000081c00000|100%| O|  |TAMS 0x0000000081c00000, 0x0000000081b00000| Updating 
|  28|0x0000000081c00000, 0x0000000081d00000, 0x0000000081d00000|100%| O|  |TAMS 0x0000000081d00000, 0x0000000081c00000| Updating 
|  29|0x0000000081d00000, 0x0000000081e00000, 0x0000000081e00000|100%| O|  |TAMS 0x0000000081e00000, 0x0000000081d00000| Updating 
|  30|0x0000000081e00000, 0x0000000081f00000, 0x0000000081f00000|100%| O|  |TAMS 0x0000000081f00000, 0x0000000081e00000| Updating 
|  31|0x0000000081f00000, 0x0000000082000000, 0x0000000082000000|100%| O|  |TAMS 0x0000000082000000, 0x0000000081f00000| Updating 
|  32|0x0000000082000000, 0x0000000082100000, 0x0000000082100000|100%| O|  |TAMS 0x0000000082100000, 0x0000000082000000| Updating 
|  33|0x0000000082100000, 0x0000000082200000, 0x0000000082200000|100%| O|  |TAMS 0x0000000082200000, 0x0000000082100000| Updating 
|  34|0x0000000082200000, 0x0000000082300000, 0x0000000082300000|100%| O|  |TAMS 0x0000000082300000, 0x0000000082200000| Updating 
|  35|0x0000000082300000, 0x0000000082400000, 0x0000000082400000|100%| O|  |TAMS 0x0000000082400000, 0x0000000082300000| Updating 
|  36|0x0000000082400000, 0x0000000082500000, 0x0000000082500000|100%| O|  |TAMS 0x0000000082500000, 0x0000000082400000| Updating 
|  37|0x0000000082500000, 0x0000000082600000, 0x0000000082600000|100%| O|  |TAMS 0x0000000082600000, 0x0000000082500000| Updating 
|  38|0x0000000082600000, 0x0000000082700000, 0x0000000082700000|100%| O|  |TAMS 0x0000000082700000, 0x0000000082600000| Updating 
|  39|0x0000000082700000, 0x0000000082800000, 0x0000000082800000|100%| O|  |TAMS 0x0000000082800000, 0x0000000082700000| Updating 
|  40|0x0000000082800000, 0x0000000082900000, 0x0000000082900000|100%| O|  |TAMS 0x0000000082900000, 0x0000000082800000| Updating 
|  41|0x0000000082900000, 0x0000000082a00000, 0x0000000082a00000|100%| O|  |TAMS 0x0000000082a00000, 0x0000000082900000| Updating 
|  42|0x0000000082a00000, 0x0000000082b00000, 0x0000000082b00000|100%| O|  |TAMS 0x0000000082b00000, 0x0000000082a00000| Updating 
|  43|0x0000000082b00000, 0x0000000082c00000, 0x0000000082c00000|100%| O|  |TAMS 0x0000000082c00000, 0x0000000082b00000| Updating 
|  44|0x0000000082c00000, 0x0000000082d00000, 0x0000000082d00000|100%| O|  |TAMS 0x0000000082d00000, 0x0000000082c00000| Updating 
|  45|0x0000000082d00000, 0x0000000082e00000, 0x0000000082e00000|100%| O|  |TAMS 0x0000000082e00000, 0x0000000082d00000| Updating 
|  46|0x0000000082e00000, 0x0000000082f00000, 0x0000000082f00000|100%| O|  |TAMS 0x0000000082f00000, 0x0000000082e00000| Updating 
|  47|0x0000000082f00000, 0x0000000083000000, 0x0000000083000000|100%| O|  |TAMS 0x0000000083000000, 0x0000000082f00000| Updating 
|  48|0x0000000083000000, 0x0000000083100000, 0x0000000083100000|100%| O|  |TAMS 0x0000000083100000, 0x0000000083000000| Updating 
|  49|0x0000000083100000, 0x0000000083200000, 0x0000000083200000|100%| O|  |TAMS 0x0000000083200000, 0x0000000083100000| Updating 
|  50|0x0000000083200000, 0x0000000083300000, 0x0000000083300000|100%| O|  |TAMS 0x0000000083300000, 0x0000000083200000| Updating 
|  51|0x0000000083300000, 0x0000000083400000, 0x0000000083400000|100%| O|  |TAMS 0x0000000083400000, 0x0000000083300000| Updating 
|  52|0x0000000083400000, 0x0000000083500000, 0x0000000083500000|100%| O|  |TAMS 0x0000000083500000, 0x0000000083400000| Updating 
|  53|0x0000000083500000, 0x0000000083600000, 0x0000000083600000|100%| O|  |TAMS 0x0000000083600000, 0x0000000083500000| Updating 
|  54|0x0000000083600000, 0x0000000083700000, 0x0000000083700000|100%| O|  |TAMS 0x0000000083700000, 0x0000000083600000| Updating 
|  55|0x0000000083700000, 0x0000000083800000, 0x0000000083800000|100%| O|  |TAMS 0x0000000083800000, 0x0000000083700000| Updating 
|  56|0x0000000083800000, 0x0000000083900000, 0x0000000083900000|100%| O|  |TAMS 0x0000000083900000, 0x0000000083800000| Updating 
|  57|0x0000000083900000, 0x0000000083a00000, 0x0000000083a00000|100%| O|  |TAMS 0x0000000083a00000, 0x0000000083900000| Updating 
|  58|0x0000000083a00000, 0x0000000083b00000, 0x0000000083b00000|100%| O|  |TAMS 0x0000000083b00000, 0x0000000083a00000| Updating 
|  59|0x0000000083b00000, 0x0000000083c00000, 0x0000000083c00000|100%| O|  |TAMS 0x0000000083c00000, 0x0000000083b00000| Updating 
|  60|0x0000000083c00000, 0x0000000083d00000, 0x0000000083d00000|100%| O|  |TAMS 0x0000000083d00000, 0x0000000083c00000| Updating 
|  61|0x0000000083d00000, 0x0000000083e00000, 0x0000000083e00000|100%| O|  |TAMS 0x0000000083e00000, 0x0000000083d00000| Updating 
|  62|0x0000000083e00000, 0x0000000083f00000, 0x0000000083f00000|100%| O|  |TAMS 0x0000000083f00000, 0x0000000083e00000| Updating 
|  63|0x0000000083f00000, 0x0000000084000000, 0x0000000084000000|100%| O|  |TAMS 0x0000000084000000, 0x0000000083f00000| Updating 
|  64|0x0000000084000000, 0x0000000084100000, 0x0000000084100000|100%| O|  |TAMS 0x0000000084100000, 0x0000000084000000| Updating 
|  65|0x0000000084100000, 0x0000000084200000, 0x0000000084200000|100%| O|  |TAMS 0x0000000084200000, 0x0000000084100000| Updating 
|  66|0x0000000084200000, 0x0000000084300000, 0x0000000084300000|100%| O|  |TAMS 0x0000000084300000, 0x0000000084200000| Updating 
|  67|0x0000000084300000, 0x0000000084400000, 0x0000000084400000|100%| O|  |TAMS 0x0000000084400000, 0x0000000084300000| Updating 
|  68|0x0000000084400000, 0x0000000084500000, 0x0000000084500000|100%| O|  |TAMS 0x0000000084500000, 0x0000000084400000| Updating 
|  69|0x0000000084500000, 0x0000000084600000, 0x0000000084600000|100%| O|  |TAMS 0x0000000084600000, 0x0000000084500000| Updating 
|  70|0x0000000084600000, 0x0000000084700000, 0x0000000084700000|100%| O|  |TAMS 0x0000000084700000, 0x0000000084600000| Updating 
|  71|0x0000000084700000, 0x0000000084800000, 0x0000000084800000|100%| O|  |TAMS 0x0000000084800000, 0x0000000084700000| Updating 
|  72|0x0000000084800000, 0x0000000084900000, 0x0000000084900000|100%| O|  |TAMS 0x0000000084900000, 0x0000000084800000| Updating 
|  73|0x0000000084900000, 0x0000000084a00000, 0x0000000084a00000|100%| O|  |TAMS 0x0000000084a00000, 0x0000000084900000| Updating 
|  74|0x0000000084a00000, 0x0000000084b00000, 0x0000000084b00000|100%| O|  |TAMS 0x0000000084b00000, 0x0000000084a00000| Updating 
|  75|0x0000000084b00000, 0x0000000084c00000, 0x0000000084c00000|100%| O|  |TAMS 0x0000000084c00000, 0x0000000084b00000| Updating 
|  76|0x0000000084c00000, 0x0000000084d00000, 0x0000000084d00000|100%| O|  |TAMS 0x0000000084d00000, 0x0000000084c00000| Updating 
|  77|0x0000000084d00000, 0x0000000084e00000, 0x0000000084e00000|100%| O|  |TAMS 0x0000000084e00000, 0x0000000084d00000| Updating 
|  78|0x0000000084e00000, 0x0000000084f00000, 0x0000000084f00000|100%| O|  |TAMS 0x0000000084f00000, 0x0000000084e00000| Updating 
|  79|0x0000000084f00000, 0x0000000085000000, 0x0000000085000000|100%| O|  |TAMS 0x0000000085000000, 0x0000000084f00000| Updating 
|  80|0x0000000085000000, 0x0000000085100000, 0x0000000085100000|100%| O|  |TAMS 0x0000000085100000, 0x0000000085000000| Updating 
|  81|0x0000000085100000, 0x0000000085200000, 0x0000000085200000|100%| O|  |TAMS 0x0000000085200000, 0x0000000085100000| Updating 
|  82|0x0000000085200000, 0x0000000085300000, 0x0000000085300000|100%| O|  |TAMS 0x0000000085300000, 0x0000000085200000| Updating 
|  83|0x0000000085300000, 0x0000000085400000, 0x0000000085400000|100%| O|  |TAMS 0x0000000085400000, 0x0000000085300000| Updating 
|  84|0x0000000085400000, 0x0000000085500000, 0x0000000085500000|100%| O|  |TAMS 0x0000000085500000, 0x0000000085400000| Updating 
|  85|0x0000000085500000, 0x0000000085600000, 0x0000000085600000|100%| O|  |TAMS 0x0000000085600000, 0x0000000085500000| Updating 
|  86|0x0000000085600000, 0x0000000085700000, 0x0000000085700000|100%| O|  |TAMS 0x0000000085700000, 0x0000000085600000| Updating 
|  87|0x0000000085700000, 0x0000000085800000, 0x0000000085800000|100%| O|  |TAMS 0x0000000085800000, 0x0000000085700000| Updating 
|  88|0x0000000085800000, 0x0000000085900000, 0x0000000085900000|100%| O|  |TAMS 0x0000000085900000, 0x0000000085800000| Updating 
|  89|0x0000000085900000, 0x0000000085923600, 0x0000000085a00000| 13%| O|  |TAMS 0x0000000085923600, 0x0000000085900000| Updating 
|  90|0x0000000085a00000, 0x0000000085a00000, 0x0000000085b00000|  0%| F|  |TAMS 0x0000000085a00000, 0x0000000085a00000| Untracked 
|  91|0x0000000085b00000, 0x0000000085b00000, 0x0000000085c00000|  0%| F|  |TAMS 0x0000000085b00000, 0x0000000085b00000| Untracked 
|  92|0x0000000085c00000, 0x0000000085c00000, 0x0000000085d00000|  0%| F|  |TAMS 0x0000000085c00000, 0x0000000085c00000| Untracked 
|  93|0x0000000085d00000, 0x0000000085d00000, 0x0000000085e00000|  0%| F|  |TAMS 0x0000000085d00000, 0x0000000085d00000| Untracked 
|  94|0x0000000085e00000, 0x0000000085e00000, 0x0000000085f00000|  0%| F|  |TAMS 0x0000000085e00000, 0x0000000085e00000| Untracked 
|  95|0x0000000085f00000, 0x0000000085f00000, 0x0000000086000000|  0%| F|  |TAMS 0x0000000085f00000, 0x0000000085f00000| Untracked 
|  96|0x0000000086000000, 0x0000000086000000, 0x0000000086100000|  0%| F|  |TAMS 0x0000000086000000, 0x0000000086000000| Untracked 
|  97|0x0000000086100000, 0x0000000086100000, 0x0000000086200000|  0%| F|  |TAMS 0x0000000086100000, 0x0000000086100000| Untracked 
|  98|0x0000000086200000, 0x0000000086200000, 0x0000000086300000|  0%| F|  |TAMS 0x0000000086200000, 0x0000000086200000| Untracked 
|  99|0x0000000086300000, 0x0000000086300000, 0x0000000086400000|  0%| F|  |TAMS 0x0000000086300000, 0x0000000086300000| Untracked 
| 100|0x0000000086400000, 0x0000000086400000, 0x0000000086500000|  0%| F|  |TAMS 0x0000000086400000, 0x0000000086400000| Untracked 
| 101|0x0000000086500000, 0x0000000086500000, 0x0000000086600000|  0%| F|  |TAMS 0x0000000086500000, 0x0000000086500000| Untracked 
| 102|0x0000000086600000, 0x0000000086600000, 0x0000000086700000|  0%| F|  |TAMS 0x0000000086600000, 0x0000000086600000| Untracked 
| 103|0x0000000086700000, 0x0000000086700000, 0x0000000086800000|  0%| F|  |TAMS 0x0000000086700000, 0x0000000086700000| Untracked 
| 104|0x0000000086800000, 0x0000000086800000, 0x0000000086900000|  0%| F|  |TAMS 0x0000000086800000, 0x0000000086800000| Untracked 
| 105|0x0000000086900000, 0x0000000086900000, 0x0000000086a00000|  0%| F|  |TAMS 0x0000000086900000, 0x0000000086900000| Untracked 
| 106|0x0000000086a00000, 0x0000000086a00000, 0x0000000086b00000|  0%| F|  |TAMS 0x0000000086a00000, 0x0000000086a00000| Untracked 
| 107|0x0000000086b00000, 0x0000000086b00000, 0x0000000086c00000|  0%| F|  |TAMS 0x0000000086b00000, 0x0000000086b00000| Untracked 
| 108|0x0000000086c00000, 0x0000000086c00000, 0x0000000086d00000|  0%| F|  |TAMS 0x0000000086c00000, 0x0000000086c00000| Untracked 
| 109|0x0000000086d00000, 0x0000000086d00000, 0x0000000086e00000|  0%| F|  |TAMS 0x0000000086d00000, 0x0000000086d00000| Untracked 
| 110|0x0000000086e00000, 0x0000000086e00000, 0x0000000086f00000|  0%| F|  |TAMS 0x0000000086e00000, 0x0000000086e00000| Untracked 
| 111|0x0000000086f00000, 0x0000000086f00000, 0x0000000087000000|  0%| F|  |TAMS 0x0000000086f00000, 0x0000000086f00000| Untracked 
| 112|0x0000000087000000, 0x0000000087000000, 0x0000000087100000|  0%| F|  |TAMS 0x0000000087000000, 0x0000000087000000| Untracked 
| 113|0x0000000087100000, 0x0000000087100000, 0x0000000087200000|  0%| F|  |TAMS 0x0000000087100000, 0x0000000087100000| Untracked 
| 114|0x0000000087200000, 0x0000000087200000, 0x0000000087300000|  0%| F|  |TAMS 0x0000000087200000, 0x0000000087200000| Untracked 
| 115|0x0000000087300000, 0x0000000087300000, 0x0000000087400000|  0%| F|  |TAMS 0x0000000087300000, 0x0000000087300000| Untracked 
| 116|0x0000000087400000, 0x0000000087400000, 0x0000000087500000|  0%| F|  |TAMS 0x0000000087400000, 0x0000000087400000| Untracked 
| 117|0x0000000087500000, 0x0000000087500000, 0x0000000087600000|  0%| F|  |TAMS 0x0000000087500000, 0x0000000087500000| Untracked 
| 118|0x0000000087600000, 0x0000000087600000, 0x0000000087700000|  0%| F|  |TAMS 0x0000000087600000, 0x0000000087600000| Untracked 
| 119|0x0000000087700000, 0x0000000087700000, 0x0000000087800000|  0%| F|  |TAMS 0x0000000087700000, 0x0000000087700000| Untracked 
| 120|0x0000000087800000, 0x0000000087800000, 0x0000000087900000|  0%| F|  |TAMS 0x0000000087800000, 0x0000000087800000| Untracked 
| 121|0x0000000087900000, 0x0000000087900000, 0x0000000087a00000|  0%| F|  |TAMS 0x0000000087900000, 0x0000000087900000| Untracked 
| 122|0x0000000087a00000, 0x0000000087a00000, 0x0000000087b00000|  0%| F|  |TAMS 0x0000000087a00000, 0x0000000087a00000| Untracked 
| 123|0x0000000087b00000, 0x0000000087b00000, 0x0000000087c00000|  0%| F|  |TAMS 0x0000000087b00000, 0x0000000087b00000| Untracked 
| 124|0x0000000087c00000, 0x0000000087c00000, 0x0000000087d00000|  0%| F|  |TAMS 0x0000000087c00000, 0x0000000087c00000| Untracked 
| 125|0x0000000087d00000, 0x0000000087d00000, 0x0000000087e00000|  0%| F|  |TAMS 0x0000000087d00000, 0x0000000087d00000| Untracked 
| 126|0x0000000087e00000, 0x0000000087e00000, 0x0000000087f00000|  0%| F|  |TAMS 0x0000000087e00000, 0x0000000087e00000| Untracked 
| 127|0x0000000087f00000, 0x0000000087f00000, 0x0000000088000000|  0%| F|  |TAMS 0x0000000087f00000, 0x0000000087f00000| Untracked 
| 128|0x0000000088000000, 0x0000000088000000, 0x0000000088100000|  0%| F|  |TAMS 0x0000000088000000, 0x0000000088000000| Untracked 
| 129|0x0000000088100000, 0x0000000088100000, 0x0000000088200000|  0%| F|  |TAMS 0x0000000088100000, 0x0000000088100000| Untracked 
| 130|0x0000000088200000, 0x0000000088200000, 0x0000000088300000|  0%| F|  |TAMS 0x0000000088200000, 0x0000000088200000| Untracked 
| 131|0x0000000088300000, 0x0000000088300000, 0x0000000088400000|  0%| F|  |TAMS 0x0000000088300000, 0x0000000088300000| Untracked 
| 132|0x0000000088400000, 0x0000000088400000, 0x0000000088500000|  0%| F|  |TAMS 0x0000000088400000, 0x0000000088400000| Untracked 
| 133|0x0000000088500000, 0x0000000088500000, 0x0000000088600000|  0%| F|  |TAMS 0x0000000088500000, 0x0000000088500000| Untracked 
| 134|0x0000000088600000, 0x0000000088600000, 0x0000000088700000|  0%| F|  |TAMS 0x0000000088600000, 0x0000000088600000| Untracked 
| 135|0x0000000088700000, 0x0000000088700000, 0x0000000088800000|  0%| F|  |TAMS 0x0000000088700000, 0x0000000088700000| Untracked 
| 136|0x0000000088800000, 0x0000000088800000, 0x0000000088900000|  0%| F|  |TAMS 0x0000000088800000, 0x0000000088800000| Untracked 
| 137|0x0000000088900000, 0x0000000088900000, 0x0000000088a00000|  0%| F|  |TAMS 0x0000000088900000, 0x0000000088900000| Untracked 
| 138|0x0000000088a00000, 0x0000000088a00000, 0x0000000088b00000|  0%| F|  |TAMS 0x0000000088a00000, 0x0000000088a00000| Untracked 
| 139|0x0000000088b00000, 0x0000000088b00000, 0x0000000088c00000|  0%| F|  |TAMS 0x0000000088b00000, 0x0000000088b00000| Untracked 
| 140|0x0000000088c00000, 0x0000000088c00000, 0x0000000088d00000|  0%| F|  |TAMS 0x0000000088c00000, 0x0000000088c00000| Untracked 
| 141|0x0000000088d00000, 0x0000000088db4150, 0x0000000088e00000| 70%| S|CS|TAMS 0x0000000088d00000, 0x0000000088d00000| Complete 
| 142|0x0000000088e00000, 0x0000000088f00000, 0x0000000088f00000|100%| S|CS|TAMS 0x0000000088e00000, 0x0000000088e00000| Complete 
| 143|0x0000000088f00000, 0x0000000089000000, 0x0000000089000000|100%| S|CS|TAMS 0x0000000088f00000, 0x0000000088f00000| Complete 
| 144|0x0000000089000000, 0x0000000089100000, 0x0000000089100000|100%| S|CS|TAMS 0x0000000089000000, 0x0000000089000000| Complete 
| 145|0x0000000089100000, 0x0000000089200000, 0x0000000089200000|100%| S|CS|TAMS 0x0000000089100000, 0x0000000089100000| Complete 
| 146|0x0000000089200000, 0x0000000089300000, 0x0000000089300000|100%| S|CS|TAMS 0x0000000089200000, 0x0000000089200000| Complete 
| 147|0x0000000089300000, 0x0000000089400000, 0x0000000089400000|100%| S|CS|TAMS 0x0000000089300000, 0x0000000089300000| Complete 
| 148|0x0000000089400000, 0x0000000089500000, 0x0000000089500000|100%| S|CS|TAMS 0x0000000089400000, 0x0000000089400000| Complete 
| 149|0x0000000089500000, 0x0000000089600000, 0x0000000089600000|100%| S|CS|TAMS 0x0000000089500000, 0x0000000089500000| Complete 
| 150|0x0000000089600000, 0x0000000089700000, 0x0000000089700000|100%| S|CS|TAMS 0x0000000089600000, 0x0000000089600000| Complete 
| 151|0x0000000089700000, 0x0000000089800000, 0x0000000089800000|100%| S|CS|TAMS 0x0000000089700000, 0x0000000089700000| Complete 
| 152|0x0000000089800000, 0x0000000089800000, 0x0000000089900000|  0%| F|  |TAMS 0x0000000089800000, 0x0000000089800000| Untracked 
| 153|0x0000000089900000, 0x0000000089900000, 0x0000000089a00000|  0%| F|  |TAMS 0x0000000089900000, 0x0000000089900000| Untracked 
| 154|0x0000000089a00000, 0x0000000089a00000, 0x0000000089b00000|  0%| F|  |TAMS 0x0000000089a00000, 0x0000000089a00000| Untracked 
| 155|0x0000000089b00000, 0x0000000089b00000, 0x0000000089c00000|  0%| F|  |TAMS 0x0000000089b00000, 0x0000000089b00000| Untracked 
| 156|0x0000000089c00000, 0x0000000089c00000, 0x0000000089d00000|  0%| F|  |TAMS 0x0000000089c00000, 0x0000000089c00000| Untracked 
| 157|0x0000000089d00000, 0x0000000089d00000, 0x0000000089e00000|  0%| F|  |TAMS 0x0000000089d00000, 0x0000000089d00000| Untracked 
| 158|0x0000000089e00000, 0x0000000089e00000, 0x0000000089f00000|  0%| F|  |TAMS 0x0000000089e00000, 0x0000000089e00000| Untracked 
| 159|0x0000000089f00000, 0x0000000089f00000, 0x000000008a000000|  0%| F|  |TAMS 0x0000000089f00000, 0x0000000089f00000| Untracked 
| 160|0x000000008a000000, 0x000000008a000000, 0x000000008a100000|  0%| F|  |TAMS 0x000000008a000000, 0x000000008a000000| Untracked 
| 161|0x000000008a100000, 0x000000008a100000, 0x000000008a200000|  0%| F|  |TAMS 0x000000008a100000, 0x000000008a100000| Untracked 
| 162|0x000000008a200000, 0x000000008a200000, 0x000000008a300000|  0%| F|  |TAMS 0x000000008a200000, 0x000000008a200000| Untracked 
| 163|0x000000008a300000, 0x000000008a300000, 0x000000008a400000|  0%| F|  |TAMS 0x000000008a300000, 0x000000008a300000| Untracked 
| 164|0x000000008a400000, 0x000000008a400000, 0x000000008a500000|  0%| F|  |TAMS 0x000000008a400000, 0x000000008a400000| Untracked 
| 165|0x000000008a500000, 0x000000008a500000, 0x000000008a600000|  0%| F|  |TAMS 0x000000008a500000, 0x000000008a500000| Untracked 
| 166|0x000000008a600000, 0x000000008a600000, 0x000000008a700000|  0%| F|  |TAMS 0x000000008a600000, 0x000000008a600000| Untracked 
| 167|0x000000008a700000, 0x000000008a700000, 0x000000008a800000|  0%| F|  |TAMS 0x000000008a700000, 0x000000008a700000| Untracked 
| 168|0x000000008a800000, 0x000000008a800000, 0x000000008a900000|  0%| F|  |TAMS 0x000000008a800000, 0x000000008a800000| Untracked 
| 169|0x000000008a900000, 0x000000008a900000, 0x000000008aa00000|  0%| F|  |TAMS 0x000000008a900000, 0x000000008a900000| Untracked 
| 170|0x000000008aa00000, 0x000000008aa00000, 0x000000008ab00000|  0%| F|  |TAMS 0x000000008aa00000, 0x000000008aa00000| Untracked 
| 171|0x000000008ab00000, 0x000000008ab00000, 0x000000008ac00000|  0%| F|  |TAMS 0x000000008ab00000, 0x000000008ab00000| Untracked 
| 172|0x000000008ac00000, 0x000000008ac00000, 0x000000008ad00000|  0%| F|  |TAMS 0x000000008ac00000, 0x000000008ac00000| Untracked 
| 173|0x000000008ad00000, 0x000000008ad00000, 0x000000008ae00000|  0%| F|  |TAMS 0x000000008ad00000, 0x000000008ad00000| Untracked 
| 174|0x000000008ae00000, 0x000000008ae00000, 0x000000008af00000|  0%| F|  |TAMS 0x000000008ae00000, 0x000000008ae00000| Untracked 
| 175|0x000000008af00000, 0x000000008af00000, 0x000000008b000000|  0%| F|  |TAMS 0x000000008af00000, 0x000000008af00000| Untracked 
| 176|0x000000008b000000, 0x000000008b000000, 0x000000008b100000|  0%| F|  |TAMS 0x000000008b000000, 0x000000008b000000| Untracked 
| 177|0x000000008b100000, 0x000000008b100000, 0x000000008b200000|  0%| F|  |TAMS 0x000000008b100000, 0x000000008b100000| Untracked 
| 178|0x000000008b200000, 0x000000008b200000, 0x000000008b300000|  0%| F|  |TAMS 0x000000008b200000, 0x000000008b200000| Untracked 
| 179|0x000000008b300000, 0x000000008b300000, 0x000000008b400000|  0%| F|  |TAMS 0x000000008b300000, 0x000000008b300000| Untracked 
| 180|0x000000008b400000, 0x000000008b400000, 0x000000008b500000|  0%| F|  |TAMS 0x000000008b400000, 0x000000008b400000| Untracked 
| 181|0x000000008b500000, 0x000000008b500000, 0x000000008b600000|  0%| F|  |TAMS 0x000000008b500000, 0x000000008b500000| Untracked 
| 182|0x000000008b600000, 0x000000008b600000, 0x000000008b700000|  0%| F|  |TAMS 0x000000008b600000, 0x000000008b600000| Untracked 
| 183|0x000000008b700000, 0x000000008b700000, 0x000000008b800000|  0%| F|  |TAMS 0x000000008b700000, 0x000000008b700000| Untracked 
| 184|0x000000008b800000, 0x000000008b800000, 0x000000008b900000|  0%| F|  |TAMS 0x000000008b800000, 0x000000008b800000| Untracked 
| 185|0x000000008b900000, 0x000000008b900000, 0x000000008ba00000|  0%| F|  |TAMS 0x000000008b900000, 0x000000008b900000| Untracked 
| 186|0x000000008ba00000, 0x000000008ba00000, 0x000000008bb00000|  0%| F|  |TAMS 0x000000008ba00000, 0x000000008ba00000| Untracked 
| 187|0x000000008bb00000, 0x000000008bb00000, 0x000000008bc00000|  0%| F|  |TAMS 0x000000008bb00000, 0x000000008bb00000| Untracked 
| 188|0x000000008bc00000, 0x000000008bc00000, 0x000000008bd00000|  0%| F|  |TAMS 0x000000008bc00000, 0x000000008bc00000| Untracked 
| 189|0x000000008bd00000, 0x000000008bd00000, 0x000000008be00000|  0%| F|  |TAMS 0x000000008bd00000, 0x000000008bd00000| Untracked 
| 190|0x000000008be00000, 0x000000008be00000, 0x000000008bf00000|  0%| F|  |TAMS 0x000000008be00000, 0x000000008be00000| Untracked 
| 191|0x000000008bf00000, 0x000000008bf00000, 0x000000008c000000|  0%| F|  |TAMS 0x000000008bf00000, 0x000000008bf00000| Untracked 
| 192|0x000000008c000000, 0x000000008c000000, 0x000000008c100000|  0%| F|  |TAMS 0x000000008c000000, 0x000000008c000000| Untracked 
| 193|0x000000008c100000, 0x000000008c100000, 0x000000008c200000|  0%| F|  |TAMS 0x000000008c100000, 0x000000008c100000| Untracked 
| 194|0x000000008c200000, 0x000000008c200000, 0x000000008c300000|  0%| F|  |TAMS 0x000000008c200000, 0x000000008c200000| Untracked 
| 195|0x000000008c300000, 0x000000008c300000, 0x000000008c400000|  0%| F|  |TAMS 0x000000008c300000, 0x000000008c300000| Untracked 
| 196|0x000000008c400000, 0x000000008c400000, 0x000000008c500000|  0%| F|  |TAMS 0x000000008c400000, 0x000000008c400000| Untracked 
| 197|0x000000008c500000, 0x000000008c500000, 0x000000008c600000|  0%| F|  |TAMS 0x000000008c500000, 0x000000008c500000| Untracked 
| 198|0x000000008c600000, 0x000000008c600000, 0x000000008c700000|  0%| F|  |TAMS 0x000000008c600000, 0x000000008c600000| Untracked 
| 199|0x000000008c700000, 0x000000008c700000, 0x000000008c800000|  0%| F|  |TAMS 0x000000008c700000, 0x000000008c700000| Untracked 
| 200|0x000000008c800000, 0x000000008c800000, 0x000000008c900000|  0%| F|  |TAMS 0x000000008c800000, 0x000000008c800000| Untracked 
| 201|0x000000008c900000, 0x000000008c900000, 0x000000008ca00000|  0%| F|  |TAMS 0x000000008c900000, 0x000000008c900000| Untracked 
| 202|0x000000008ca00000, 0x000000008ca00000, 0x000000008cb00000|  0%| F|  |TAMS 0x000000008ca00000, 0x000000008ca00000| Untracked 
| 203|0x000000008cb00000, 0x000000008cb00000, 0x000000008cc00000|  0%| F|  |TAMS 0x000000008cb00000, 0x000000008cb00000| Untracked 
| 204|0x000000008cc00000, 0x000000008cc00000, 0x000000008cd00000|  0%| F|  |TAMS 0x000000008cc00000, 0x000000008cc00000| Untracked 
| 205|0x000000008cd00000, 0x000000008cd00000, 0x000000008ce00000|  0%| F|  |TAMS 0x000000008cd00000, 0x000000008cd00000| Untracked 
| 206|0x000000008ce00000, 0x000000008ce00000, 0x000000008cf00000|  0%| F|  |TAMS 0x000000008ce00000, 0x000000008ce00000| Untracked 
| 207|0x000000008cf00000, 0x000000008cf00000, 0x000000008d000000|  0%| F|  |TAMS 0x000000008cf00000, 0x000000008cf00000| Untracked 
| 208|0x000000008d000000, 0x000000008d000000, 0x000000008d100000|  0%| F|  |TAMS 0x000000008d000000, 0x000000008d000000| Untracked 
| 209|0x000000008d100000, 0x000000008d100000, 0x000000008d200000|  0%| F|  |TAMS 0x000000008d100000, 0x000000008d100000| Untracked 
| 210|0x000000008d200000, 0x000000008d200000, 0x000000008d300000|  0%| F|  |TAMS 0x000000008d200000, 0x000000008d200000| Untracked 
| 211|0x000000008d300000, 0x000000008d300000, 0x000000008d400000|  0%| F|  |TAMS 0x000000008d300000, 0x000000008d300000| Untracked 
| 212|0x000000008d400000, 0x000000008d400000, 0x000000008d500000|  0%| F|  |TAMS 0x000000008d400000, 0x000000008d400000| Untracked 
| 213|0x000000008d500000, 0x000000008d500000, 0x000000008d600000|  0%| F|  |TAMS 0x000000008d500000, 0x000000008d500000| Untracked 
| 214|0x000000008d600000, 0x000000008d600000, 0x000000008d700000|  0%| F|  |TAMS 0x000000008d600000, 0x000000008d600000| Untracked 
| 215|0x000000008d700000, 0x000000008d700000, 0x000000008d800000|  0%| F|  |TAMS 0x000000008d700000, 0x000000008d700000| Untracked 
| 216|0x000000008d800000, 0x000000008d800000, 0x000000008d900000|  0%| F|  |TAMS 0x000000008d800000, 0x000000008d800000| Untracked 
| 217|0x000000008d900000, 0x000000008d900000, 0x000000008da00000|  0%| F|  |TAMS 0x000000008d900000, 0x000000008d900000| Untracked 
| 218|0x000000008da00000, 0x000000008da00000, 0x000000008db00000|  0%| F|  |TAMS 0x000000008da00000, 0x000000008da00000| Untracked 
| 219|0x000000008db00000, 0x000000008db00000, 0x000000008dc00000|  0%| F|  |TAMS 0x000000008db00000, 0x000000008db00000| Untracked 
| 220|0x000000008dc00000, 0x000000008dc00000, 0x000000008dd00000|  0%| F|  |TAMS 0x000000008dc00000, 0x000000008dc00000| Untracked 
| 221|0x000000008dd00000, 0x000000008dd00000, 0x000000008de00000|  0%| F|  |TAMS 0x000000008dd00000, 0x000000008dd00000| Untracked 
| 222|0x000000008de00000, 0x000000008de00000, 0x000000008df00000|  0%| F|  |TAMS 0x000000008de00000, 0x000000008de00000| Untracked 
| 223|0x000000008df00000, 0x000000008df00000, 0x000000008e000000|  0%| F|  |TAMS 0x000000008df00000, 0x000000008df00000| Untracked 
| 224|0x000000008e000000, 0x000000008e000000, 0x000000008e100000|  0%| F|  |TAMS 0x000000008e000000, 0x000000008e000000| Untracked 
| 225|0x000000008e100000, 0x000000008e100000, 0x000000008e200000|  0%| F|  |TAMS 0x000000008e100000, 0x000000008e100000| Untracked 
| 226|0x000000008e200000, 0x000000008e200000, 0x000000008e300000|  0%| F|  |TAMS 0x000000008e200000, 0x000000008e200000| Untracked 
| 227|0x000000008e300000, 0x000000008e300000, 0x000000008e400000|  0%| F|  |TAMS 0x000000008e300000, 0x000000008e300000| Untracked 
| 228|0x000000008e400000, 0x000000008e400000, 0x000000008e500000|  0%| F|  |TAMS 0x000000008e400000, 0x000000008e400000| Untracked 
| 229|0x000000008e500000, 0x000000008e500000, 0x000000008e600000|  0%| F|  |TAMS 0x000000008e500000, 0x000000008e500000| Untracked 
| 230|0x000000008e600000, 0x000000008e600000, 0x000000008e700000|  0%| F|  |TAMS 0x000000008e600000, 0x000000008e600000| Untracked 
| 231|0x000000008e700000, 0x000000008e700000, 0x000000008e800000|  0%| F|  |TAMS 0x000000008e700000, 0x000000008e700000| Untracked 
| 232|0x000000008e800000, 0x000000008e800000, 0x000000008e900000|  0%| F|  |TAMS 0x000000008e800000, 0x000000008e800000| Untracked 
| 233|0x000000008e900000, 0x000000008e900000, 0x000000008ea00000|  0%| F|  |TAMS 0x000000008e900000, 0x000000008e900000| Untracked 
| 234|0x000000008ea00000, 0x000000008ea00000, 0x000000008eb00000|  0%| F|  |TAMS 0x000000008ea00000, 0x000000008ea00000| Untracked 
| 235|0x000000008eb00000, 0x000000008eb00000, 0x000000008ec00000|  0%| F|  |TAMS 0x000000008eb00000, 0x000000008eb00000| Untracked 
| 236|0x000000008ec00000, 0x000000008ec00000, 0x000000008ed00000|  0%| F|  |TAMS 0x000000008ec00000, 0x000000008ec00000| Untracked 
| 237|0x000000008ed00000, 0x000000008ed00000, 0x000000008ee00000|  0%| F|  |TAMS 0x000000008ed00000, 0x000000008ed00000| Untracked 
| 238|0x000000008ee00000, 0x000000008ee00000, 0x000000008ef00000|  0%| F|  |TAMS 0x000000008ee00000, 0x000000008ee00000| Untracked 
| 239|0x000000008ef00000, 0x000000008ef00000, 0x000000008f000000|  0%| F|  |TAMS 0x000000008ef00000, 0x000000008ef00000| Untracked 
| 240|0x000000008f000000, 0x000000008f000000, 0x000000008f100000|  0%| F|  |TAMS 0x000000008f000000, 0x000000008f000000| Untracked 
| 241|0x000000008f100000, 0x000000008f100000, 0x000000008f200000|  0%| F|  |TAMS 0x000000008f100000, 0x000000008f100000| Untracked 
| 242|0x000000008f200000, 0x000000008f200000, 0x000000008f300000|  0%| F|  |TAMS 0x000000008f200000, 0x000000008f200000| Untracked 
| 243|0x000000008f300000, 0x000000008f300000, 0x000000008f400000|  0%| F|  |TAMS 0x000000008f300000, 0x000000008f300000| Untracked 
| 244|0x000000008f400000, 0x000000008f400000, 0x000000008f500000|  0%| F|  |TAMS 0x000000008f400000, 0x000000008f400000| Untracked 
| 245|0x000000008f500000, 0x000000008f500000, 0x000000008f600000|  0%| F|  |TAMS 0x000000008f500000, 0x000000008f500000| Untracked 
| 246|0x000000008f600000, 0x000000008f653118, 0x000000008f700000| 32%| E|  |TAMS 0x000000008f600000, 0x000000008f600000| Complete 
| 247|0x000000008f700000, 0x000000008f800000, 0x000000008f800000|100%| E|  |TAMS 0x000000008f700000, 0x000000008f700000| Complete 
| 248|0x000000008f800000, 0x000000008f900000, 0x000000008f900000|100%| E|CS|TAMS 0x000000008f800000, 0x000000008f800000| Complete 
| 249|0x000000008f900000, 0x000000008fa00000, 0x000000008fa00000|100%| E|CS|TAMS 0x000000008f900000, 0x000000008f900000| Complete 
| 250|0x000000008fa00000, 0x000000008fb00000, 0x000000008fb00000|100%| E|CS|TAMS 0x000000008fa00000, 0x000000008fa00000| Complete 
| 251|0x000000008fb00000, 0x000000008fc00000, 0x000000008fc00000|100%| E|CS|TAMS 0x000000008fb00000, 0x000000008fb00000| Complete 
| 252|0x000000008fc00000, 0x000000008fd00000, 0x000000008fd00000|100%| E|CS|TAMS 0x000000008fc00000, 0x000000008fc00000| Complete 
| 253|0x000000008fd00000, 0x000000008fe00000, 0x000000008fe00000|100%| E|CS|TAMS 0x000000008fd00000, 0x000000008fd00000| Complete 

Card table byte_map: [0x000001a85a5d0000,0x000001a85a9d0000] _byte_map_base: 0x000001a85a1d0000

Marking Bits (Prev, Next): (CMBitMap*) 0x000001a846c7c260, (CMBitMap*) 0x000001a846c7c228
 Prev Bits: [0x000001a85cdd0000, 0x000001a85edd0000)
 Next Bits: [0x000001a85add0000, 0x000001a85cdd0000)

Polling page: 0x000001a845370000

Metaspace:

Usage:
  Non-class:     86.79 MB capacity,    85.37 MB ( 98%) used,     1.15 MB (  1%) free+waste,   273.44 KB ( <1%) overhead. 
      Class:     13.33 MB capacity,    12.51 MB ( 94%) used,   720.88 KB (  5%) free+waste,   120.69 KB ( <1%) overhead. 
       Both:    100.12 MB capacity,    97.88 MB ( 98%) used,     1.85 MB (  2%) free+waste,   394.13 KB ( <1%) overhead. 

Virtual space:
  Non-class space:       88.00 MB reserved,      87.00 MB ( 99%) committed 
      Class space:        1.00 GB reserved,      13.38 MB (  1%) committed 
             Both:        1.09 GB reserved,     100.38 MB (  9%) committed 

Chunk freelists:
   Non-Class:  90.00 KB
       Class:  46.00 KB
        Both:  136.00 KB

MaxMetaspaceSize: 17179869184.00 GB
CompressedClassSpaceSize: 1.00 GB
Initial GC threshold: 20.80 MB
Current GC threshold: 167.29 MB
CDS: off

CodeHeap 'non-profiled nmethods': size=120000Kb used=8351Kb max_used=8351Kb free=111648Kb
 bounds [0x000001a852230000, 0x000001a852a60000, 0x000001a859760000]
CodeHeap 'profiled nmethods': size=120000Kb used=27648Kb max_used=27648Kb free=92351Kb
 bounds [0x000001a84ad00000, 0x000001a84c810000, 0x000001a852230000]
CodeHeap 'non-nmethods': size=5760Kb used=2406Kb max_used=2438Kb free=3353Kb
 bounds [0x000001a84a760000, 0x000001a84a9e0000, 0x000001a84ad00000]
 total_blobs=13591 nmethods=12660 adapters=843
 compilation: enabled
              stopped_count=0, restarted_count=0
 full_count=0

Compilation events (20 events):
Event: 110.511 Thread 0x000001a862196800 12647       3       kotlin.text.StringsKt__StringsKt::indexOf$default (26 bytes)
Event: 110.512 Thread 0x000001a862196800 nmethod 12647 0x000001a84c7d6e90 code [0x000001a84c7d7040, 0x000001a84c7d71c8]
Event: 110.512 Thread 0x000001a862196800 12648       3       org.gradle.api.internal.DefaultNamedDomainObjectCollection$AbstractNamedDomainObjectProvider::<init> (20 bytes)
Event: 110.512 Thread 0x000001a862196800 nmethod 12648 0x000001a84c7d7290 code [0x000001a84c7d7460, 0x000001a84c7d7738]
Event: 110.512 Thread 0x000001a862196800 12646       3       org.gradle.api.internal.DefaultNamedDomainObjectCollection::findDomainObject (26 bytes)
Event: 110.513 Thread 0x000001a862196800 nmethod 12646 0x000001a84c7d7810 code [0x000001a84c7d79e0, 0x000001a84c7d7c28]
Event: 110.513 Thread 0x000001a862196800 12649       3       kotlin.text.StringsKt__StringsKt::contains (70 bytes)
Event: 110.515 Thread 0x000001a862196800 nmethod 12649 0x000001a84c7d7d10 code [0x000001a84c7d8000, 0x000001a84c7d8f28]
Event: 110.515 Thread 0x000001a862196800 12650       3       org.gradle.api.internal.DefaultNamedDomainObjectCollection::searchForDomainObject (37 bytes)
Event: 110.515 Thread 0x000001a862196800 nmethod 12650 0x000001a84c7d9410 code [0x000001a84c7d9620, 0x000001a84c7d9d28]
Event: 110.515 Thread 0x000001a862196800 12651       3       org.gradle.api.internal.DefaultNamedDomainObjectCollection::named (24 bytes)
Event: 110.516 Thread 0x000001a862196800 nmethod 12651 0x000001a84c7d9f10 code [0x000001a84c7da120, 0x000001a84c7da698]
Event: 110.516 Thread 0x000001a862196800 12652       3       org.gradle.api.internal.tasks.DefaultTaskCollection::named (9 bytes)
Event: 110.517 Thread 0x000001a862196800 nmethod 12652 0x000001a84c7da810 code [0x000001a84c7daa40, 0x000001a84c7db1d8]
Event: 110.560 Thread 0x000001a862196800 12653       3       java.util.Formatter$FormatSpecifier::<init> (259 bytes)
Event: 110.564 Thread 0x000001a862196800 nmethod 12653 0x000001a84c7db410 code [0x000001a84c7db880, 0x000001a84c7dd168]
Event: 110.564 Thread 0x000001a862196800 12654   !   3       java.util.Formatter$FormatSpecifier::index (50 bytes)
Event: 110.564 Thread 0x000001a862196800 nmethod 12654 0x000001a84c7dda90 code [0x000001a84c7ddc60, 0x000001a84c7dde48]
Event: 110.564 Thread 0x000001a862196800 12655   !   3       java.util.Formatter$FormatSpecifier::width (64 bytes)
Event: 110.565 Thread 0x000001a862196800 nmethod 12655 0x000001a84c7ddf10 code [0x000001a84c7de0e0, 0x000001a84c7de378]

GC Heap History (20 events):
Event: 54.299 GC heap before
{Heap before GC invocations=9 (full 0):
 garbage-first heap   total 260096K, used 176232K [0x0000000080000000, 0x0000000100000000)
  region size 1024K, 152 young (155648K), 17 survivors (17408K)
 Metaspace       used 56003K, capacity 57417K, committed 57600K, reserved 1099776K
  class space    used 7112K, capacity 7597K, committed 7680K, reserved 1048576K
}
Event: 54.336 GC heap after
{Heap after GC invocations=10 (full 0):
 garbage-first heap   total 260096K, used 51837K [0x0000000080000000, 0x0000000100000000)
  region size 1024K, 19 young (19456K), 19 survivors (19456K)
 Metaspace       used 56003K, capacity 57417K, committed 57600K, reserved 1099776K
  class space    used 7112K, capacity 7597K, committed 7680K, reserved 1048576K
}
Event: 56.262 GC heap before
{Heap before GC invocations=10 (full 0):
 garbage-first heap   total 260096K, used 67197K [0x0000000080000000, 0x0000000100000000)
  region size 1024K, 35 young (35840K), 19 survivors (19456K)
 Metaspace       used 58464K, capacity 59816K, committed 59904K, reserved 1101824K
  class space    used 7356K, capacity 7864K, committed 7936K, reserved 1048576K
}
Event: 56.294 GC heap after
{Heap after GC invocations=11 (full 0):
 garbage-first heap   total 260096K, used 53787K [0x0000000080000000, 0x0000000100000000)
  region size 1024K, 2 young (2048K), 2 survivors (2048K)
 Metaspace       used 58464K, capacity 59816K, committed 59904K, reserved 1101824K
  class space    used 7356K, capacity 7864K, committed 7936K, reserved 1048576K
}
Event: 62.452 GC heap before
{Heap before GC invocations=12 (full 0):
 garbage-first heap   total 260096K, used 140827K [0x0000000080000000, 0x0000000100000000)
  region size 1024K, 87 young (89088K), 2 survivors (2048K)
 Metaspace       used 67202K, capacity 68702K, committed 68992K, reserved 1110016K
  class space    used 8477K, capacity 9042K, committed 9088K, reserved 1048576K
}
Event: 62.470 GC heap after
{Heap after GC invocations=13 (full 0):
 garbage-first heap   total 260096K, used 58743K [0x0000000080000000, 0x0000000100000000)
  region size 1024K, 7 young (7168K), 7 survivors (7168K)
 Metaspace       used 67202K, capacity 68702K, committed 68992K, reserved 1110016K
  class space    used 8477K, capacity 9042K, committed 9088K, reserved 1048576K
}
Event: 67.044 GC heap before
{Heap before GC invocations=13 (full 0):
 garbage-first heap   total 260096K, used 151927K [0x0000000080000000, 0x0000000100000000)
  region size 1024K, 98 young (100352K), 7 survivors (7168K)
 Metaspace       used 72665K, capacity 74308K, committed 74368K, reserved 1114112K
  class space    used 9234K, capacity 9841K, committed 9856K, reserved 1048576K
}
Event: 67.064 GC heap after
{Heap after GC invocations=14 (full 0):
 garbage-first heap   total 260096K, used 64767K [0x0000000080000000, 0x0000000100000000)
  region size 1024K, 13 young (13312K), 13 survivors (13312K)
 Metaspace       used 72665K, capacity 74308K, committed 74368K, reserved 1114112K
  class space    used 9234K, capacity 9841K, committed 9856K, reserved 1048576K
}
Event: 72.559 GC heap before
{Heap before GC invocations=14 (full 0):
 garbage-first heap   total 260096K, used 162047K [0x0000000080000000, 0x0000000100000000)
  region size 1024K, 108 young (110592K), 13 survivors (13312K)
 Metaspace       used 81554K, capacity 83286K, committed 83456K, reserved 1122304K
  class space    used 10541K, capacity 11203K, committed 11264K, reserved 1048576K
}
Event: 72.587 GC heap after
{Heap after GC invocations=15 (full 0):
 garbage-first heap   total 260096K, used 71025K [0x0000000080000000, 0x0000000100000000)
  region size 1024K, 13 young (13312K), 13 survivors (13312K)
 Metaspace       used 81554K, capacity 83286K, committed 83456K, reserved 1122304K
  class space    used 10541K, capacity 11203K, committed 11264K, reserved 1048576K
}
Event: 79.012 GC heap before
{Heap before GC invocations=15 (full 0):
 garbage-first heap   total 260096K, used 170353K [0x0000000080000000, 0x0000000100000000)
  region size 1024K, 111 young (113664K), 13 survivors (13312K)
 Metaspace       used 89419K, capacity 91672K, committed 91776K, reserved 1128448K
  class space    used 11556K, capacity 12395K, committed 12416K, reserved 1048576K
}
Event: 79.045 GC heap after
{Heap after GC invocations=16 (full 0):
 garbage-first heap   total 260096K, used 79695K [0x0000000080000000, 0x0000000100000000)
  region size 1024K, 14 young (14336K), 14 survivors (14336K)
 Metaspace       used 89419K, capacity 91672K, committed 91776K, reserved 1128448K
  class space    used 11556K, capacity 12395K, committed 12416K, reserved 1048576K
}
Event: 85.630 GC heap before
{Heap before GC invocations=16 (full 0):
 garbage-first heap   total 260096K, used 179023K [0x0000000080000000, 0x0000000100000000)
  region size 1024K, 112 young (114688K), 14 survivors (14336K)
 Metaspace       used 90398K, capacity 92579K, committed 92672K, reserved 1130496K
  class space    used 11608K, capacity 12455K, committed 12544K, reserved 1048576K
}
Event: 85.683 GC heap after
{Heap after GC invocations=17 (full 0):
 garbage-first heap   total 260096K, used 89029K [0x0000000080000000, 0x0000000100000000)
  region size 1024K, 10 young (10240K), 10 survivors (10240K)
 Metaspace       used 90398K, capacity 92579K, committed 92672K, reserved 1130496K
  class space    used 11608K, capacity 12455K, committed 12544K, reserved 1048576K
}
Event: 91.197 GC heap before
{Heap before GC invocations=17 (full 0):
 garbage-first heap   total 260096K, used 186309K [0x0000000080000000, 0x0000000100000000)
  region size 1024K, 106 young (108544K), 10 survivors (10240K)
 Metaspace       used 93495K, capacity 95756K, committed 95872K, reserved 1132544K
  class space    used 12024K, capacity 12856K, committed 12928K, reserved 1048576K
}
Event: 91.220 GC heap after
{Heap after GC invocations=18 (full 0):
 garbage-first heap   total 260096K, used 93696K [0x0000000080000000, 0x0000000100000000)
  region size 1024K, 7 young (7168K), 7 survivors (7168K)
 Metaspace       used 93495K, capacity 95756K, committed 95872K, reserved 1132544K
  class space    used 12024K, capacity 12856K, committed 12928K, reserved 1048576K
}
Event: 100.272 GC heap before
{Heap before GC invocations=18 (full 0):
 garbage-first heap   total 260096K, used 161280K [0x0000000080000000, 0x0000000100000000)
  region size 1024K, 75 young (76800K), 7 survivors (7168K)
 Metaspace       used 97886K, capacity 100127K, committed 100224K, reserved 1136640K
  class space    used 12549K, capacity 13373K, committed 13440K, reserved 1048576K
}
Event: 100.300 GC heap after
{Heap after GC invocations=19 (full 0):
 garbage-first heap   total 260096K, used 98030K [0x0000000080000000, 0x0000000100000000)
  region size 1024K, 12 young (12288K), 12 survivors (12288K)
 Metaspace       used 97886K, capacity 100127K, committed 100224K, reserved 1136640K
  class space    used 12549K, capacity 13373K, committed 13440K, reserved 1048576K
}
Event: 110.381 GC heap before
{Heap before GC invocations=20 (full 0):
 garbage-first heap   total 260096K, used 189166K [0x0000000080000000, 0x0000000100000000)
  region size 1024K, 102 young (104448K), 12 survivors (12288K)
 Metaspace       used 99230K, capacity 101550K, committed 102016K, reserved 1138688K
  class space    used 12694K, capacity 13539K, committed 13696K, reserved 1048576K
}
Event: 110.412 GC heap after
{Heap after GC invocations=21 (full 0):
 garbage-first heap   total 260096K, used 102237K [0x0000000080000000, 0x0000000100000000)
  region size 1024K, 11 young (11264K), 11 survivors (11264K)
 Metaspace       used 99230K, capacity 101550K, committed 102016K, reserved 1138688K
  class space    used 12694K, capacity 13539K, committed 13696K, reserved 1048576K
}

Deoptimization events (20 events):
Event: 110.331 Thread 0x000001a865199800 Uncommon trap: trap_request=0xffffff4d fr.pc=0x000001a85269ab4c relative=0x00000000000001ec
Event: 110.331 Thread 0x000001a865199800 Uncommon trap: reason=unstable_if action=reinterpret pc=0x000001a85269ab4c method=org.gradle.internal.util.Trie.find(Ljava/lang/CharSequence;)Z @ 91 c2
Event: 110.331 Thread 0x000001a865199800 DEOPT PACKING pc=0x000001a85269ab4c sp=0x00000085a08faf70
Event: 110.331 Thread 0x000001a865199800 DEOPT UNPACKING pc=0x000001a84a7aa1af sp=0x00000085a08faec8 mode 2
Event: 110.412 Thread 0x000001a865199800 Uncommon trap: trap_request=0xffffff4d fr.pc=0x000001a85240cc38 relative=0x0000000000001838
Event: 110.412 Thread 0x000001a865199800 Uncommon trap: reason=unstable_if action=reinterpret pc=0x000001a85240cc38 method=java.lang.invoke.MethodType$ConcurrentWeakInternSet$WeakEntry.equals(Ljava/lang/Object;)Z @ 21 c2
Event: 110.412 Thread 0x000001a865199800 DEOPT PACKING pc=0x000001a85240cc38 sp=0x00000085a08f8f90
Event: 110.412 Thread 0x000001a865199800 DEOPT UNPACKING pc=0x000001a84a7aa1af sp=0x00000085a08f8e68 mode 2
Event: 110.414 Thread 0x000001a862300800 Uncommon trap: trap_request=0xffffffde fr.pc=0x000001a8523758ec relative=0x000000000000052c
Event: 110.414 Thread 0x000001a862300800 Uncommon trap: reason=class_check action=maybe_recompile pc=0x000001a8523758ec method=jdk.internal.ref.PhantomCleanable.clean()V @ 12 c2
Event: 110.414 Thread 0x000001a862300800 DEOPT PACKING pc=0x000001a8523758ec sp=0x000000859fbff390
Event: 110.414 Thread 0x000001a862300800 DEOPT UNPACKING pc=0x000001a84a7aa1af sp=0x000000859fbff370 mode 2
Event: 110.464 Thread 0x000001a865199800 Uncommon trap: trap_request=0xffffffde fr.pc=0x000001a8526d2dac relative=0x000000000000010c
Event: 110.464 Thread 0x000001a865199800 Uncommon trap: reason=class_check action=maybe_recompile pc=0x000001a8526d2dac method=java.lang.reflect.Array.newInstance(Ljava/lang/Class;I)Ljava/lang/Object; @ 2 c2
Event: 110.465 Thread 0x000001a865199800 DEOPT PACKING pc=0x000001a8526d2dac sp=0x00000085a08f9d90
Event: 110.465 Thread 0x000001a865199800 DEOPT UNPACKING pc=0x000001a84a7aa1af sp=0x00000085a08f9d28 mode 2
Event: 110.495 Thread 0x000001a865199800 Uncommon trap: trap_request=0xffffff4d fr.pc=0x000001a8522fa594 relative=0x00000000000003d4
Event: 110.495 Thread 0x000001a865199800 Uncommon trap: reason=unstable_if action=reinterpret pc=0x000001a8522fa594 method=sun.nio.cs.UTF_8$Encoder.encodeArrayLoop(Ljava/nio/CharBuffer;Ljava/nio/ByteBuffer;)Ljava/nio/charset/CoderResult; @ 113 c2
Event: 110.495 Thread 0x000001a865199800 DEOPT PACKING pc=0x000001a8522fa594 sp=0x00000085a08faae0
Event: 110.495 Thread 0x000001a865199800 DEOPT UNPACKING pc=0x000001a84a7aa1af sp=0x00000085a08faa48 mode 2

Classes redefined (0 events):
No events

Internal exceptions (20 events):
Event: 106.811 Thread 0x000001a864b45800 Exception <a 'sun/nio/fs/WindowsException'{0x000000008a1ee040}> (0x000000008a1ee040) thrown at [./src/hotspot/share/prims/jni.cpp, line 615]
Event: 106.814 Thread 0x000001a864b45800 Exception <a 'sun/nio/fs/WindowsException'{0x000000008a1ef3b0}> (0x000000008a1ef3b0) thrown at [./src/hotspot/share/prims/jni.cpp, line 615]
Event: 106.824 Thread 0x000001a864b45800 Exception <a 'sun/nio/fs/WindowsException'{0x000000008a1f9788}> (0x000000008a1f9788) thrown at [./src/hotspot/share/prims/jni.cpp, line 615]
Event: 106.826 Thread 0x000001a864b45800 Exception <a 'sun/nio/fs/WindowsException'{0x000000008a1fb688}> (0x000000008a1fb688) thrown at [./src/hotspot/share/prims/jni.cpp, line 615]
Event: 106.830 Thread 0x000001a864b45800 Exception <a 'sun/nio/fs/WindowsException'{0x000000008a1ffac8}> (0x000000008a1ffac8) thrown at [./src/hotspot/share/prims/jni.cpp, line 615]
Event: 106.832 Thread 0x000001a864b45800 Exception <a 'sun/nio/fs/WindowsException'{0x000000008a005990}> (0x000000008a005990) thrown at [./src/hotspot/share/prims/jni.cpp, line 615]
Event: 106.835 Thread 0x000001a864b45800 Exception <a 'sun/nio/fs/WindowsException'{0x000000008a008380}> (0x000000008a008380) thrown at [./src/hotspot/share/prims/jni.cpp, line 615]
Event: 106.837 Thread 0x000001a864b45800 Exception <a 'sun/nio/fs/WindowsException'{0x000000008a00f3c0}> (0x000000008a00f3c0) thrown at [./src/hotspot/share/prims/jni.cpp, line 615]
Event: 106.839 Thread 0x000001a864b45800 Exception <a 'sun/nio/fs/WindowsException'{0x000000008a0106c8}> (0x000000008a0106c8) thrown at [./src/hotspot/share/prims/jni.cpp, line 615]
Event: 106.840 Thread 0x000001a864b45800 Exception <a 'sun/nio/fs/WindowsException'{0x000000008a017658}> (0x000000008a017658) thrown at [./src/hotspot/share/prims/jni.cpp, line 615]
Event: 106.843 Thread 0x000001a864b45800 Exception <a 'sun/nio/fs/WindowsException'{0x000000008a01ae18}> (0x000000008a01ae18) thrown at [./src/hotspot/share/prims/jni.cpp, line 615]
Event: 106.844 Thread 0x000001a864b45800 Exception <a 'sun/nio/fs/WindowsException'{0x000000008a0200c0}> (0x000000008a0200c0) thrown at [./src/hotspot/share/prims/jni.cpp, line 615]
Event: 110.240 Thread 0x000001a862198800 Exception <a 'java/lang/NoSuchMethodError'{0x0000000089a0a1c0}: <clinit>> (0x0000000089a0a1c0) thrown at [./src/hotspot/share/prims/jni.cpp, line 1365]
Event: 110.246 Thread 0x000001a862198800 Exception <a 'java/lang/NoSuchMethodError'{0x0000000089aa53c0}: <clinit>> (0x0000000089aa53c0) thrown at [./src/hotspot/share/prims/jni.cpp, line 1365]
Event: 110.248 Thread 0x000001a862198800 Exception <a 'java/lang/NoSuchMethodError'{0x0000000089abeed8}: <clinit>> (0x0000000089abeed8) thrown at [./src/hotspot/share/prims/jni.cpp, line 1365]
Event: 110.329 Thread 0x000001a864b42000 Exception <a 'sun/nio/fs/WindowsException'{0x00000000899cb660}> (0x00000000899cb660) thrown at [./src/hotspot/share/prims/jni.cpp, line 615]
Event: 110.355 Thread 0x000001a865199800 Exception <a 'sun/nio/fs/WindowsException'{0x0000000089874550}> (0x0000000089874550) thrown at [./src/hotspot/share/prims/jni.cpp, line 615]
Event: 110.355 Thread 0x000001a865199800 Exception <a 'sun/nio/fs/WindowsException'{0x00000000898745d0}> (0x00000000898745d0) thrown at [./src/hotspot/share/prims/jni.cpp, line 615]
Event: 110.357 Thread 0x000001a865199800 Exception <a 'sun/nio/fs/WindowsException'{0x0000000089875ff8}> (0x0000000089875ff8) thrown at [./src/hotspot/share/prims/jni.cpp, line 615]
Event: 110.412 Thread 0x000001a865199800 Implicit null exception at 0x000001a85240b740 to 0x000001a85240cc18

Events (20 events):
Event: 110.561 loading class com/google/wireless/android/sdk/stats/WhatsNewAssistantUpdateEventOrBuilder done
Event: 110.562 loading class com/google/wireless/android/sdk/stats/DefaultActivityLocatorStatsOrBuilder
Event: 110.562 loading class com/google/wireless/android/sdk/stats/DefaultActivityLocatorStatsOrBuilder done
Event: 110.563 loading class org/gradle/internal/logging/text/BufferingStyledTextOutput
Event: 110.563 loading class org/gradle/internal/logging/text/BufferingStyledTextOutput done
Event: 110.563 loading class org/gradle/internal/logging/text/StyledTextOutput
Event: 110.563 loading class org/gradle/internal/logging/text/StyledTextOutput done
Event: 110.563 loading class org/gradle/internal/buildevents/BuildExceptionReporter
Event: 110.563 loading class org/gradle/internal/buildevents/BuildExceptionReporter done
Event: 110.563 loading class com/google/wireless/android/sdk/stats/ComposeAnimationToolingEventOrBuilder
Event: 110.563 loading class com/google/wireless/android/sdk/stats/ComposeAnimationToolingEventOrBuilder done
Event: 110.563 loading class com/google/wireless/android/sdk/stats/NonTransitiveRClassMigrationEventOrBuilder
Event: 110.563 loading class com/google/wireless/android/sdk/stats/NonTransitiveRClassMigrationEventOrBuilder done
Event: 110.564 loading class org/gradle/internal/logging/text/BufferingStyledTextOutput$ChangeStyleAction
Event: 110.564 loading class org/gradle/internal/logging/text/BufferingStyledTextOutput$ChangeStyleAction done
Event: 110.564 loading class com/google/wireless/android/sdk/stats/KotlinProjectConfigurationOrBuilder
Event: 110.564 loading class com/google/wireless/android/sdk/stats/KotlinProjectConfigurationOrBuilder done
Event: 110.565 loading class org/gradle/internal/logging/text/AbstractStyledTextOutput$StyleOverrideTextOutput
Event: 110.565 loading class org/gradle/internal/logging/text/AbstractStyledTextOutput$StyleOverrideTextOutput done
Event: 110.565 Executing VM operation: Deoptimize


Dynamic libraries:
0x00007ff66c630000 - 0x00007ff66c63a000 	D:\Software\Android studio\jre\bin\java.exe
0x00007fff61a90000 - 0x00007fff61c88000 	C:\WINDOWS\SYSTEM32\ntdll.dll
0x00007fff61600000 - 0x00007fff616bd000 	C:\WINDOWS\System32\KERNEL32.DLL
0x00007fff5f1a0000 - 0x00007fff5f472000 	C:\WINDOWS\System32\KERNELBASE.dll
0x00007fff5f4f0000 - 0x00007fff5f5f0000 	C:\WINDOWS\System32\ucrtbase.dll
0x00007fff58ee0000 - 0x00007fff58ef9000 	D:\Software\Android studio\jre\bin\jli.dll
0x00007fff60370000 - 0x00007fff6050d000 	C:\WINDOWS\System32\USER32.dll
0x00007fff5f730000 - 0x00007fff5f752000 	C:\WINDOWS\System32\win32u.dll
0x00007fff60870000 - 0x00007fff6089b000 	C:\WINDOWS\System32\GDI32.dll
0x00007fff5f5f0000 - 0x00007fff5f6ff000 	C:\WINDOWS\System32\gdi32full.dll
0x00007fff5f910000 - 0x00007fff5f9ad000 	C:\WINDOWS\System32\msvcp_win.dll
0x00007fff3e840000 - 0x00007fff3eada000 	C:\WINDOWS\WinSxS\amd64_microsoft.windows.common-controls_6595b64144ccf1df_6.0.19041.1110_none_60b5254171f9507e\COMCTL32.dll
0x00007fff60510000 - 0x00007fff605ae000 	C:\WINDOWS\System32\msvcrt.dll
0x00007fff58900000 - 0x00007fff58917000 	D:\Software\Android studio\jre\bin\VCRUNTIME140.dll
0x00007fff61a20000 - 0x00007fff61a50000 	C:\WINDOWS\System32\IMM32.DLL
0x00007fff30480000 - 0x00007fff3051d000 	D:\Software\Android studio\jre\bin\msvcp140.dll
0x00007ffeeea50000 - 0x00007ffeef535000 	D:\Software\Android studio\jre\bin\server\jvm.dll
0x00007fff605b0000 - 0x00007fff6065e000 	C:\WINDOWS\System32\ADVAPI32.dll
0x00007fff61720000 - 0x00007fff617bc000 	C:\WINDOWS\System32\sechost.dll
0x00007fff5faf0000 - 0x00007fff5fc15000 	C:\WINDOWS\System32\RPCRT4.dll
0x00007fff614d0000 - 0x00007fff614d8000 	C:\WINDOWS\System32\PSAPI.DLL
0x00007fff5c060000 - 0x00007fff5c069000 	C:\WINDOWS\SYSTEM32\WSOCK32.dll
0x00007fff60720000 - 0x00007fff6078b000 	C:\WINDOWS\System32\WS2_32.dll
0x00007fff589d0000 - 0x00007fff589da000 	C:\WINDOWS\SYSTEM32\VERSION.dll
0x00007fff4b870000 - 0x00007fff4b897000 	C:\WINDOWS\SYSTEM32\WINMM.dll
0x00007fff5d060000 - 0x00007fff5d072000 	C:\WINDOWS\SYSTEM32\kernel.appcore.dll
0x00007fff435d0000 - 0x00007fff435e1000 	D:\Software\Android studio\jre\bin\verify.dll
0x00007fff4d570000 - 0x00007fff4d754000 	C:\WINDOWS\SYSTEM32\DBGHELP.DLL
0x00007fff4d140000 - 0x00007fff4d16c000 	C:\WINDOWS\SYSTEM32\dbgcore.DLL
0x00007fff5fa60000 - 0x00007fff5fae2000 	C:\WINDOWS\System32\bcryptPrimitives.dll
0x00007fff351a0000 - 0x00007fff351c9000 	D:\Software\Android studio\jre\bin\java.dll
0x00007fff59c40000 - 0x00007fff59c4b000 	D:\Software\Android studio\jre\bin\jimage.dll
0x00007fff38e30000 - 0x00007fff38e48000 	D:\Software\Android studio\jre\bin\zip.dll
0x00007fff5fc20000 - 0x00007fff60363000 	C:\WINDOWS\System32\SHELL32.dll
0x00007fff5d260000 - 0x00007fff5d9f1000 	C:\WINDOWS\SYSTEM32\windows.storage.dll
0x00007fff608a0000 - 0x00007fff60bf4000 	C:\WINDOWS\System32\combase.dll
0x00007fff5ec00000 - 0x00007fff5ec30000 	C:\WINDOWS\SYSTEM32\Wldp.dll
0x00007fff617c0000 - 0x00007fff6186d000 	C:\WINDOWS\System32\SHCORE.dll
0x00007fff61470000 - 0x00007fff614c5000 	C:\WINDOWS\System32\shlwapi.dll
0x00007fff5f0e0000 - 0x00007fff5f0ff000 	C:\WINDOWS\SYSTEM32\profapi.dll
0x00007fff384f0000 - 0x00007fff3850a000 	D:\Software\Android studio\jre\bin\net.dll
0x00007fff511f0000 - 0x00007fff512fd000 	C:\WINDOWS\SYSTEM32\WINHTTP.dll
0x00007fff5e960000 - 0x00007fff5e9ca000 	C:\WINDOWS\system32\mswsock.dll
0x00007fff302b0000 - 0x00007fff302c4000 	D:\Software\Android studio\jre\bin\nio.dll
0x00007fff3d720000 - 0x00007fff3d747000 	C:\Users\bhatt\.gradle\native\e1d6ef7f7dcc3fd88c89a11ec53ec762bb8ba0a96d01ffa2cd45eb1d1d8dd5c5\windows-amd64\native-platform.dll
0x00007fff29840000 - 0x00007fff29984000 	C:\Users\bhatt\.gradle\native\5664cfc778a61ccfe75a443a1ab52a65af34e5dc3c78e0209fed803814484fcb\windows-amd64\native-platform-file-events.dll
0x00007fff59bf0000 - 0x00007fff59bfa000 	D:\Software\Android studio\jre\bin\management.dll
0x00007fff59800000 - 0x00007fff5980d000 	D:\Software\Android studio\jre\bin\management_ext.dll
0x00007fff5eb50000 - 0x00007fff5eb68000 	C:\WINDOWS\SYSTEM32\CRYPTSP.dll
0x00007fff5e210000 - 0x00007fff5e244000 	C:\WINDOWS\system32\rsaenh.dll
0x00007fff5f700000 - 0x00007fff5f727000 	C:\WINDOWS\System32\bcrypt.dll
0x00007fff5f060000 - 0x00007fff5f08e000 	C:\WINDOWS\SYSTEM32\USERENV.dll
0x00007fff5eb70000 - 0x00007fff5eb7c000 	C:\WINDOWS\SYSTEM32\CRYPTBASE.dll
0x00007fff5e600000 - 0x00007fff5e63b000 	C:\WINDOWS\SYSTEM32\IPHLPAPI.DLL
0x00007fff61460000 - 0x00007fff61468000 	C:\WINDOWS\System32\NSI.dll
0x00007fff56bf0000 - 0x00007fff56c07000 	C:\WINDOWS\SYSTEM32\dhcpcsvc6.DLL
0x00007fff57d70000 - 0x00007fff57d8d000 	C:\WINDOWS\SYSTEM32\dhcpcsvc.DLL
0x00007fff5e650000 - 0x00007fff5e71a000 	C:\WINDOWS\SYSTEM32\DNSAPI.dll
0x00007fff56060000 - 0x00007fff5607e000 	C:\Users\bhatt\AppData\Local\Temp\native-platform7164955553755456907dir\native-platform.dll

dbghelp: loaded successfully - version: 4.0.5 - missing functions: none
symbol engine: initialized successfully - sym options: 0x614 - pdb path: .;D:\Software\Android studio\jre\bin;C:\WINDOWS\SYSTEM32;C:\WINDOWS\WinSxS\amd64_microsoft.windows.common-controls_6595b64144ccf1df_6.0.19041.1110_none_60b5254171f9507e;D:\Software\Android studio\jre\bin\server;C:\Users\bhatt\.gradle\native\e1d6ef7f7dcc3fd88c89a11ec53ec762bb8ba0a96d01ffa2cd45eb1d1d8dd5c5\windows-amd64;C:\Users\bhatt\.gradle\native\5664cfc778a61ccfe75a443a1ab52a65af34e5dc3c78e0209fed803814484fcb\windows-amd64;C:\Users\bhatt\AppData\Local\Temp\native-platform7164955553755456907dir

VM Arguments:
jvm_args: --add-opens=java.base/java.util=ALL-UNNAMED --add-opens=java.base/java.lang=ALL-UNNAMED --add-opens=java.base/java.lang.invoke=ALL-UNNAMED --add-opens=java.base/java.util=ALL-UNNAMED --add-opens=java.prefs/java.util.prefs=ALL-UNNAMED --add-opens=java.prefs/java.util.prefs=ALL-UNNAMED --add-opens=java.base/java.nio.charset=ALL-UNNAMED --add-opens=java.base/java.net=ALL-UNNAMED --add-opens=java.base/java.util.concurrent.atomic=ALL-UNNAMED -Xmx2048m -Dfile.encoding=UTF-8 -Duser.country=IN -Duser.language=en -Duser.variant 
java_command: org.gradle.launcher.daemon.bootstrap.GradleDaemon 7.3.3
java_class_path (initial): C:\Users\bhatt\.gradle\wrapper\dists\gradle-7.3.3-bin\6a41zxkdtcxs8rphpq6y0069z\gradle-7.3.3\lib\gradle-launcher-7.3.3.jar
Launcher Type: SUN_STANDARD

[Global flags]
     intx CICompilerCount                          = 4                                         {product} {ergonomic}
     uint ConcGCThreads                            = 2                                         {product} {ergonomic}
     uint G1ConcRefinementThreads                  = 8                                         {product} {ergonomic}
   size_t G1HeapRegionSize                         = 1048576                                   {product} {ergonomic}
    uintx GCDrainStackTargetSize                   = 64                                        {product} {ergonomic}
   size_t InitialHeapSize                          = 266338304                                 {product} {ergonomic}
   size_t MarkStackSize                            = 4194304                                   {product} {ergonomic}
   size_t MaxHeapSize                              = 2147483648                                {product} {command line}
   size_t MaxNewSize                               = 1287651328                                {product} {ergonomic}
   size_t MinHeapDeltaBytes                        = 1048576                                   {product} {ergonomic}
    uintx NonNMethodCodeHeapSize                   = 5836300                                {pd product} {ergonomic}
    uintx NonProfiledCodeHeapSize                  = 122910970                              {pd product} {ergonomic}
    uintx ProfiledCodeHeapSize                     = 122910970                              {pd product} {ergonomic}
    uintx ReservedCodeCacheSize                    = 251658240                              {pd product} {ergonomic}
     bool SegmentedCodeCache                       = true                                      {product} {ergonomic}
     bool UseCompressedClassPointers               = true                                 {lp64_product} {ergonomic}
     bool UseCompressedOops                        = true                                 {lp64_product} {ergonomic}
     bool UseG1GC                                  = true                                      {product} {ergonomic}
     bool UseLargePagesIndividualAllocation        = false                                  {pd product} {ergonomic}

Logging:
Log output configuration:
 #0: stdout all=warning uptime,level,tags
 #1: stderr all=off uptime,level,tags

Environment Variables:
JAVA_HOME=D:\Software\Java
PATH=C:\Program Files\Common Files\Oracle\Java\javapath;C:\WINDOWS\system32;C:\WINDOWS;C:\WINDOWS\System32\Wbem;C:\WINDOWS\System32\WindowsPowerShell\v1.0\;C:\WINDOWS\System32\OpenSSH\;C:\Program Files (x86)\NVIDIA Corporation\PhysX\Common;C:\Program Files\NVIDIA Corporation\NVIDIA NvDLISR;C:\Program Files\Git\cmd;D:\Software\Java\bin;C:\Users\bhatt\AppData\Local\Microsoft\WindowsApps;;D:\Software\IntelliJ\IntelliJ IDEA Community Edition 2022.2\bin;;D:\Software\Visual Studio Code\Microsoft VS Code\bin
USERNAME=bhatt
OS=Windows_NT
PROCESSOR_IDENTIFIER=Intel64 Family 6 Model 158 Stepping 10, GenuineIntel



---------------  S Y S T E M  ---------------

OS: Windows 10 , 64 bit Build 19041 (10.0.19041.1889)
OS uptime: 11 days 15:06 hours

CPU:total 8 (initial active 8) (4 cores per cpu, 2 threads per core) family 6 model 158 stepping 10 microcode 0xb4, cmov, cx8, fxsr, mmx, sse, sse2, sse3, ssse3, sse4.1, sse4.2, popcnt, avx, avx2, aes, clmul, erms, 3dnowpref, lzcnt, ht, tsc, tscinvbit, bmi1, bmi2, adx, fma

Memory: 4k page, system-wide physical 16226M (852M free)
TotalPageFile size 31416M (AvailPageFile size 7M)
current process WorkingSet (physical memory assigned to process): 537M, peak: 537M
current process commit charge ("private bytes"): 580M, peak: 580M

vm_info: OpenJDK 64-Bit Server VM (11.0.12+7-b1504.28-7817840) for windows-amd64 JRE (11.0.12+7-b1504.28-7817840), built on Oct 13 2021 22:12:33 by "builder" with MS VC++ 14.0 (VS2015)

END.
